<?xml version="1.0" encoding="UTF-8"?>
<testsuite xmlns:xsi="http://www.w3.org/2001/XMLSchema-instance" xsi:noNamespaceSchemaLocation="https://maven.apache.org/surefire/maven-surefire-plugin/xsd/surefire-test-report-3.0.xsd" version="3.0" name="dev.bublik.starter.autoconfigure.BublikStarterPostgresMigrationTest" time="1.111" tests="1" errors="0" skipped="0" failures="0">
  <properties>
[...]
</properties>
  <testcase name="shouldAutomaticallyExecuteMigrationOnContextStartup" classname="dev.bublik.starter.autoconfigure.BublikStarterPostgresMigrationTest" time="0.109">
    <system-out><![CDATA[2026-07-21 17:27:15.121 [main] DEBUG org.testcontainers.utility.PrefixingImageNameSubstitutor - No prefix is configured
2026-07-21 17:27:15.121 [main] DEBUG org.testcontainers.utility.ImageNameSubstitutor - Did not find a substitute image for postgres:latest (using image substitutor: DefaultImageNameSubstitutor (composite of 'ConfigurationFileImageNameSubstitutor' and 'PrefixingImageNameSubstitutor'))
2026-07-21 17:27:15.122 [main] TRACE tc.postgres:latest - postgres:latest is already in image name cache
2026-07-21 17:27:15.122 [main] DEBUG org.testcontainers.images.AbstractImagePullPolicy - Using locally available and not pulling image: postgres:latest
2026-07-21 17:27:15.122 [main] DEBUG tc.postgres:latest - Starting container: postgres:latest
2026-07-21 17:27:15.122 [main] DEBUG tc.postgres:latest - Trying to start container: postgres:latest (attempt 1/1)
2026-07-21 17:27:15.122 [main] DEBUG tc.postgres:latest - Starting container: postgres:latest
2026-07-21 17:27:15.122 [main] INFO  tc.postgres:latest - Creating container for image: postgres:latest
2026-07-21 17:27:15.122 [main] DEBUG org.testcontainers.utility.RegistryAuthLocator - Looking up auth config for image: postgres:latest at registry: https://index.docker.io/v1/
2026-07-21 17:27:15.122 [main] DEBUG org.testcontainers.utility.RegistryAuthLocator - No matching Auth Configs - falling back to defaultAuthConfig [null]
2026-07-21 17:27:15.122 [main] DEBUG org.testcontainers.dockerclient.AuthDelegatingDockerClientConfig - Effective auth config [null]
2026-07-21 17:27:15.122 [main] DEBUG org.testcontainers.shaded.com.github.dockerjava.core.command.AbstrDockerCmd - Cmd: org.testcontainers.shaded.com.github.dockerjava.core.command.CreateContainerCmdImpl@fefb66c[aliases=<null>,argsEscaped=<null>,attachStderr=<null>,attachStdin=<null>,attachStdout=<null>,authConfig=<null>,cmd={postgres,-c,fsync=off},domainName=<null>,entrypoint=<null>,env={POSTGRES_USER=test,POSTGRES_PASSWORD=test,POSTGRES_DB=test},exposedPorts=ExposedPorts(exposedPorts=[5432/tcp]),healthcheck=<null>,hostConfig=HostConfig(binds=[], blkioWeight=null, blkioWeightDevice=null, blkioDeviceReadBps=null, blkioDeviceWriteBps=null, blkioDeviceReadIOps=null, blkioDeviceWriteIOps=null, memorySwappiness=null, nanoCPUs=null, annotations=null, capAdd=null, capDrop=null, containerIDFile=null, cpuPeriod=null, cpuRealtimePeriod=null, cpuRealtimeRuntime=null, cpuShares=null, cpuQuota=null, cpusetCpus=null, cpusetMems=null, devices=null, deviceCgroupRules=null, deviceRequests=null, diskQuota=null, dns=null, dnsOptions=null, dnsSearch=null, extraHosts=[], groupAdd=null, ipcMode=null, cgroup=null, links=[], logConfig=LogConfig(type=null, config=null), lxcConf=null, memory=null, memorySwap=null, memoryReservation=null, kernelMemory=null, networkMode=null, oomKillDisable=null, init=null, autoRemove=null, oomScoreAdj=null, portBindings={5432/tcp=[Lcom.github.dockerjava.api.model.Ports$Binding;@97b84a4}, privileged=null, publishAllPorts=null, readonlyRootfs=null, restartPolicy=null, ulimits=null, cpuCount=null, cpuPercent=null, ioMaximumIOps=null, ioMaximumBandwidth=null, volumesFrom=[], mounts=null, pidMode=null, isolation=null, securityOpts=null, storageOpt=null, cgroupParent=null, volumeDriver=null, shmSize=null, pidsLimit=null, runtime=null, tmpFs=null, utSMode=null, usernsMode=null, sysctls=null, consoleSize=null, cgroupnsMode=null),hostName=<null>,image=postgres:latest,ipv4Address=<null>,ipv6Address=<null>,labels={org.testcontainers=true, org.testcontainers.lang=java, org.testcontainers.version=2.0.5, org.testcontainers.sessionId=0b1715c4-0202-4909-b4f0-da504615987a},macAddress=<null>,name=<null>,networkDisabled=<null>,networkingConfig=<null>,onBuild=<null>,platform=<null>,portSpecs=<null>,shell=<null>,stdInOnce=<null>,stdinOpen=<null>,stopSignal=<null>,stopTimeout=<null>,tty=<null>,user=<null>,volumes=Volumes(volumes=[]),workingDir=<null>]
2026-07-21 17:27:15.122 [main] TRACE org.testcontainers.shaded.com.github.dockerjava.core.exec.CreateContainerCmdExec - POST: DefaultWebTarget{path=[/containers/create], queryParams={}} 
2026-07-21 17:27:15.123 [main] DEBUG com.github.dockerjava.zerodep.shaded.org.apache.hc.client5.http.impl.classic.InternalHttpClient - ex-0000000032 preparing request execution
2026-07-21 17:27:15.123 [main] DEBUG com.github.dockerjava.zerodep.shaded.org.apache.hc.client5.http.impl.classic.ProtocolExec - ex-0000000032 target auth state: UNCHALLENGED
2026-07-21 17:27:15.123 [main] DEBUG com.github.dockerjava.zerodep.shaded.org.apache.hc.client5.http.impl.classic.ProtocolExec - ex-0000000032 proxy auth state: UNCHALLENGED
2026-07-21 17:27:15.123 [main] DEBUG com.github.dockerjava.zerodep.shaded.org.apache.hc.client5.http.impl.classic.ConnectExec - ex-0000000032 acquiring connection with route {}->[unix://localhost:2375]
2026-07-21 17:27:15.123 [main] DEBUG com.github.dockerjava.zerodep.shaded.org.apache.hc.client5.http.impl.classic.InternalHttpClient - ex-0000000032 acquiring endpoint (3 MINUTES)
2026-07-21 17:27:15.123 [main] DEBUG com.github.dockerjava.zerodep.shaded.org.apache.hc.client5.http.impl.io.PoolingHttpClientConnectionManager - ex-0000000032 endpoint lease request (3 MINUTES) [route: {}->[unix://localhost:2375]][total available: 1; route allocated: 1 of 2147483647; total allocated: 1 of 2147483647]
2026-07-21 17:27:15.123 [main] DEBUG com.github.dockerjava.zerodep.shaded.org.apache.hc.client5.http.impl.io.PoolingHttpClientConnectionManager - ex-0000000032 endpoint leased [route: {}->[unix://localhost:2375]][total available: 0; route allocated: 1 of 2147483647; total allocated: 1 of 2147483647]
2026-07-21 17:27:15.123 [main] DEBUG com.github.dockerjava.zerodep.shaded.org.apache.hc.client5.http.impl.io.PoolingHttpClientConnectionManager - ex-0000000032 acquired ep-0000000032
2026-07-21 17:27:15.123 [main] DEBUG com.github.dockerjava.zerodep.shaded.org.apache.hc.client5.http.impl.classic.InternalHttpClient - ex-0000000032 acquired endpoint ep-0000000032
2026-07-21 17:27:15.123 [main] DEBUG com.github.dockerjava.zerodep.shaded.org.apache.hc.client5.http.impl.classic.MainClientExec - ex-0000000032 executing POST /v1.44/containers/create
2026-07-21 17:27:15.123 [main] DEBUG com.github.dockerjava.zerodep.shaded.org.apache.hc.client5.http.protocol.RequestAddCookies - ex-0000000032 Cookie spec selected: strict
2026-07-21 17:27:15.123 [main] DEBUG com.github.dockerjava.zerodep.shaded.org.apache.hc.client5.http.impl.classic.InternalHttpClient - ep-0000000032 start execution ex-0000000032
2026-07-21 17:27:15.123 [main] DEBUG com.github.dockerjava.zerodep.shaded.org.apache.hc.client5.http.impl.io.PoolingHttpClientConnectionManager - ep-0000000032 executing exchange ex-0000000032 over http-outgoing-3
2026-07-21 17:27:15.123 [main] DEBUG com.github.dockerjava.zerodep.shaded.org.apache.hc.client5.http.headers - http-outgoing-3 >> POST /v1.44/containers/create HTTP/1.1
2026-07-21 17:27:15.123 [main] DEBUG com.github.dockerjava.zerodep.shaded.org.apache.hc.client5.http.headers - http-outgoing-3 >> accept: application/json
2026-07-21 17:27:15.123 [main] DEBUG com.github.dockerjava.zerodep.shaded.org.apache.hc.client5.http.headers - http-outgoing-3 >> content-type: application/json
2026-07-21 17:27:15.123 [main] DEBUG com.github.dockerjava.zerodep.shaded.org.apache.hc.client5.http.headers - http-outgoing-3 >> x-tc-sid: 0b1715c4-0202-4909-b4f0-da504615987a
2026-07-21 17:27:15.123 [main] DEBUG com.github.dockerjava.zerodep.shaded.org.apache.hc.client5.http.headers - http-outgoing-3 >> User-Agent: tc-java/2.0.5
2026-07-21 17:27:15.123 [main] DEBUG com.github.dockerjava.zerodep.shaded.org.apache.hc.client5.http.headers - http-outgoing-3 >> Accept-Encoding: gzip, x-gzip, deflate
2026-07-21 17:27:15.123 [main] DEBUG com.github.dockerjava.zerodep.shaded.org.apache.hc.client5.http.headers - http-outgoing-3 >> Host: localhost:2375
2026-07-21 17:27:15.123 [main] DEBUG com.github.dockerjava.zerodep.shaded.org.apache.hc.client5.http.headers - http-outgoing-3 >> Content-Length: 2077
2026-07-21 17:27:15.123 [main] DEBUG com.github.dockerjava.zerodep.shaded.org.apache.hc.client5.http.headers - http-outgoing-3 >> Connection: keep-alive
2026-07-21 17:27:15.123 [main] DEBUG com.github.dockerjava.zerodep.shaded.org.apache.hc.client5.http.wire - http-outgoing-3 >> "POST /v1.44/containers/create HTTP/1.1[\r][\n]"
2026-07-21 17:27:15.124 [main] DEBUG com.github.dockerjava.zerodep.shaded.org.apache.hc.client5.http.wire - http-outgoing-3 >> "accept: application/json[\r][\n]"
2026-07-21 17:27:15.124 [main] DEBUG com.github.dockerjava.zerodep.shaded.org.apache.hc.client5.http.wire - http-outgoing-3 >> "content-type: application/json[\r][\n]"
2026-07-21 17:27:15.124 [main] DEBUG com.github.dockerjava.zerodep.shaded.org.apache.hc.client5.http.wire - http-outgoing-3 >> "x-tc-sid: 0b1715c4-0202-4909-b4f0-da504615987a[\r][\n]"
2026-07-21 17:27:15.124 [main] DEBUG com.github.dockerjava.zerodep.shaded.org.apache.hc.client5.http.wire - http-outgoing-3 >> "User-Agent: tc-java/2.0.5[\r][\n]"
2026-07-21 17:27:15.124 [main] DEBUG com.github.dockerjava.zerodep.shaded.org.apache.hc.client5.http.wire - http-outgoing-3 >> "Accept-Encoding: gzip, x-gzip, deflate[\r][\n]"
2026-07-21 17:27:15.124 [main] DEBUG com.github.dockerjava.zerodep.shaded.org.apache.hc.client5.http.wire - http-outgoing-3 >> "Host: localhost:2375[\r][\n]"
2026-07-21 17:27:15.124 [main] DEBUG com.github.dockerjava.zerodep.shaded.org.apache.hc.client5.http.wire - http-outgoing-3 >> "Content-Length: 2077[\r][\n]"
2026-07-21 17:27:15.124 [main] DEBUG com.github.dockerjava.zerodep.shaded.org.apache.hc.client5.http.wire - http-outgoing-3 >> "Connection: keep-alive[\r][\n]"
2026-07-21 17:27:15.124 [main] DEBUG com.github.dockerjava.zerodep.shaded.org.apache.hc.client5.http.wire - http-outgoing-3 >> "[\r][\n]"
2026-07-21 17:27:15.124 [main] DEBUG com.github.dockerjava.zerodep.shaded.org.apache.hc.client5.http.wire - http-outgoing-3 >> "{"Hostname":null,"Domainname":null,"User":null,"AttachStdin":null,"AttachStdout":null,"AttachStderr":null,"PortSpecs":null,"Tty":null,"OpenStdin":null,"StdinOnce":null,"Env":["POSTGRES_USER=test","POSTGRES_PASSWORD=test","POSTGRES_DB=test"],"Cmd":["postgres","-c","fsync=off"],"Healthcheck":null,"ArgsEscaped":null,"Entrypoint":null,"Image":"postgres:latest","Volumes":{},"WorkingDir":null,"MacAddress":null,"OnBuild":null,"NetworkDisabled":null,"ExposedPorts":{"5432/tcp":{}},"StopSignal":null,"StopTimeout":null,"HostConfig":{"Binds":[],"BlkioWeight":null,"BlkioWeightDevice":null,"BlkioDeviceReadBps":null,"BlkioDeviceWriteBps":null,"BlkioDeviceReadIOps":null,"BlkioDeviceWriteIOps":null,"MemorySwappiness":null,"NanoCpus":null,"Annotations":null,"CapAdd":null,"CapDrop":null,"ContainerIDFile":null,"CpuPeriod":null,"CpuRealtimePeriod":null,"CpuRealtimeRuntime":null,"CpuShares":null,"CpuQuota":null,"CpusetCpus":null,"CpusetMems":null,"Devices":null,"DeviceCgroupRules":null,"DeviceRequests":null,"DiskQuota":null,"Dns":null,"DnsOptions":null,"DnsSearch":null,"ExtraHosts":[],"GroupAdd":null,"IpcMode":null,"Cgroup":null,"Links":[],"LogConfig":null,"LxcConf":null,"Memory":null,"MemorySwap":null,"MemoryReservation":null,"KernelMemory":null,"NetworkMode":null,"OomKillDisable":null,"Init":null,"AutoRemove":null,"OomScoreAdj":null,"PortBindings":{"5432/tcp":[{"HostIp":"","HostPort":""}]},"Privileged":null,"PublishAllPorts":null,"ReadonlyRootfs":null,"RestartPolicy":null,"Ulimits":null,"CpuCount":null,"CpuPercent":null,"IOMaximumIOps":null,"IOMaximumBandwidth":null,"VolumesFrom":[],"Mounts":null,"PidMode":null,"Isolation":null,"SecurityOpt":null,"StorageOpt":null,"CgroupParent":null,"VolumeDriver":null,"ShmSize":null,"PidsLimit":null,"Runtime":null,"Tmpfs":null,"UTSMode":null,"UsernsMode":null,"Sysctls":null,"ConsoleSize":null,"CgroupnsMode":null},"Labels":{"org.testcontainers":"true","org.testcontainers.lang":"java","org.testcontainers.version":"2.0.5","org.testcontainers.sessionId":"0b1715c4-0202-4909-b4f0-da504615987a"},"Shell":null,"NetworkingConfig":null}"
2026-07-21 17:27:15.151 [main] DEBUG com.github.dockerjava.zerodep.shaded.org.apache.hc.client5.http.wire - http-outgoing-3 << "HTTP/1.1 201 Created[\r][\n]"
2026-07-21 17:27:15.151 [main] DEBUG com.github.dockerjava.zerodep.shaded.org.apache.hc.client5.http.wire - http-outgoing-3 << "Api-Version: 1.54[\r][\n]"
2026-07-21 17:27:15.151 [main] DEBUG com.github.dockerjava.zerodep.shaded.org.apache.hc.client5.http.wire - http-outgoing-3 << "Content-Type: application/json[\r][\n]"
2026-07-21 17:27:15.151 [main] DEBUG com.github.dockerjava.zerodep.shaded.org.apache.hc.client5.http.wire - http-outgoing-3 << "Date: Tue, 21 Jul 2026 14:27:15 GMT[\r][\n]"
2026-07-21 17:27:15.151 [main] DEBUG com.github.dockerjava.zerodep.shaded.org.apache.hc.client5.http.wire - http-outgoing-3 << "Docker-Experimental: false[\r][\n]"
2026-07-21 17:27:15.151 [main] DEBUG com.github.dockerjava.zerodep.shaded.org.apache.hc.client5.http.wire - http-outgoing-3 << "Ostype: linux[\r][\n]"
2026-07-21 17:27:15.151 [main] DEBUG com.github.dockerjava.zerodep.shaded.org.apache.hc.client5.http.wire - http-outgoing-3 << "Server: Docker/29.5.3 (linux)[\r][\n]"
2026-07-21 17:27:15.151 [main] DEBUG com.github.dockerjava.zerodep.shaded.org.apache.hc.client5.http.wire - http-outgoing-3 << "Transfer-Encoding: chunked[\r][\n]"
2026-07-21 17:27:15.151 [main] DEBUG com.github.dockerjava.zerodep.shaded.org.apache.hc.client5.http.wire - http-outgoing-3 << "[\r][\n]"
2026-07-21 17:27:15.151 [main] DEBUG com.github.dockerjava.zerodep.shaded.org.apache.hc.client5.http.wire - http-outgoing-3 << "58[\r][\n]"
2026-07-21 17:27:15.151 [main] DEBUG com.github.dockerjava.zerodep.shaded.org.apache.hc.client5.http.wire - http-outgoing-3 << "{"Id":"cc7d090e16659452ab50f06b4cc8840874f879a0720ea496999a84bca8cce13b","Warnings":[]}[\n]"
2026-07-21 17:27:15.151 [main] DEBUG com.github.dockerjava.zerodep.shaded.org.apache.hc.client5.http.wire - http-outgoing-3 << "[\r][\n]"
2026-07-21 17:27:15.151 [main] DEBUG com.github.dockerjava.zerodep.shaded.org.apache.hc.client5.http.headers - http-outgoing-3 << HTTP/1.1 201 Created
2026-07-21 17:27:15.151 [main] DEBUG com.github.dockerjava.zerodep.shaded.org.apache.hc.client5.http.headers - http-outgoing-3 << Api-Version: 1.54
2026-07-21 17:27:15.151 [main] DEBUG com.github.dockerjava.zerodep.shaded.org.apache.hc.client5.http.headers - http-outgoing-3 << Content-Type: application/json
2026-07-21 17:27:15.151 [main] DEBUG com.github.dockerjava.zerodep.shaded.org.apache.hc.client5.http.headers - http-outgoing-3 << Date: Tue, 21 Jul 2026 14:27:15 GMT
2026-07-21 17:27:15.151 [main] DEBUG com.github.dockerjava.zerodep.shaded.org.apache.hc.client5.http.headers - http-outgoing-3 << Docker-Experimental: false
2026-07-21 17:27:15.151 [main] DEBUG com.github.dockerjava.zerodep.shaded.org.apache.hc.client5.http.headers - http-outgoing-3 << Ostype: linux
2026-07-21 17:27:15.151 [main] DEBUG com.github.dockerjava.zerodep.shaded.org.apache.hc.client5.http.headers - http-outgoing-3 << Server: Docker/29.5.3 (linux)
2026-07-21 17:27:15.151 [main] DEBUG com.github.dockerjava.zerodep.shaded.org.apache.hc.client5.http.headers - http-outgoing-3 << Transfer-Encoding: chunked
2026-07-21 17:27:15.152 [main] DEBUG com.github.dockerjava.zerodep.shaded.org.apache.hc.client5.http.impl.classic.MainClientExec - ex-0000000032 connection can be kept alive for 3 MINUTES
2026-07-21 17:27:15.152 [main] DEBUG com.github.dockerjava.zerodep.shaded.org.apache.hc.client5.http.wire - http-outgoing-3 << "0[\r][\n]"
2026-07-21 17:27:15.152 [main] DEBUG com.github.dockerjava.zerodep.shaded.org.apache.hc.client5.http.wire - http-outgoing-3 << "[\r][\n]"
2026-07-21 17:27:15.152 [main] DEBUG com.github.dockerjava.zerodep.shaded.org.apache.hc.client5.http.impl.classic.InternalHttpClient - ep-0000000032 releasing valid endpoint
2026-07-21 17:27:15.152 [main] DEBUG com.github.dockerjava.zerodep.shaded.org.apache.hc.client5.http.impl.io.PoolingHttpClientConnectionManager - ep-0000000032 releasing endpoint
2026-07-21 17:27:15.152 [main] DEBUG com.github.dockerjava.zerodep.shaded.org.apache.hc.client5.http.impl.io.PoolingHttpClientConnectionManager - ep-0000000032 connection http-outgoing-3 can be kept alive for 3 MINUTES
2026-07-21 17:27:15.152 [main] DEBUG com.github.dockerjava.zerodep.shaded.org.apache.hc.client5.http.impl.io.PoolingHttpClientConnectionManager - ep-0000000032 connection released [route: {}->[unix://localhost:2375]][total available: 1; route allocated: 1 of 2147483647; total allocated: 1 of 2147483647]
2026-07-21 17:27:15.153 [main] INFO  tc.postgres:latest - Container postgres:latest is starting: cc7d090e16659452ab50f06b4cc8840874f879a0720ea496999a84bca8cce13b
2026-07-21 17:27:15.153 [main] DEBUG org.testcontainers.shaded.com.github.dockerjava.core.command.AbstrDockerCmd - Cmd: cc7d090e16659452ab50f06b4cc8840874f879a0720ea496999a84bca8cce13b
2026-07-21 17:27:15.153 [main] TRACE org.testcontainers.shaded.com.github.dockerjava.core.exec.StartContainerCmdExec - POST: DefaultWebTarget{path=[/containers/cc7d090e16659452ab50f06b4cc8840874f879a0720ea496999a84bca8cce13b/start], queryParams={}}
2026-07-21 17:27:15.153 [main] DEBUG com.github.dockerjava.zerodep.shaded.org.apache.hc.client5.http.impl.classic.InternalHttpClient - ex-0000000033 preparing request execution
2026-07-21 17:27:15.153 [main] DEBUG com.github.dockerjava.zerodep.shaded.org.apache.hc.client5.http.impl.classic.ProtocolExec - ex-0000000033 target auth state: UNCHALLENGED
2026-07-21 17:27:15.153 [main] DEBUG com.github.dockerjava.zerodep.shaded.org.apache.hc.client5.http.impl.classic.ProtocolExec - ex-0000000033 proxy auth state: UNCHALLENGED
2026-07-21 17:27:15.153 [main] DEBUG com.github.dockerjava.zerodep.shaded.org.apache.hc.client5.http.impl.classic.ConnectExec - ex-0000000033 acquiring connection with route {}->[unix://localhost:2375]
2026-07-21 17:27:15.154 [main] DEBUG com.github.dockerjava.zerodep.shaded.org.apache.hc.client5.http.impl.classic.InternalHttpClient - ex-0000000033 acquiring endpoint (3 MINUTES)
2026-07-21 17:27:15.154 [main] DEBUG com.github.dockerjava.zerodep.shaded.org.apache.hc.client5.http.impl.io.PoolingHttpClientConnectionManager - ex-0000000033 endpoint lease request (3 MINUTES) [route: {}->[unix://localhost:2375]][total available: 1; route allocated: 1 of 2147483647; total allocated: 1 of 2147483647]
2026-07-21 17:27:15.154 [main] DEBUG com.github.dockerjava.zerodep.shaded.org.apache.hc.client5.http.impl.io.PoolingHttpClientConnectionManager - ex-0000000033 endpoint leased [route: {}->[unix://localhost:2375]][total available: 0; route allocated: 1 of 2147483647; total allocated: 1 of 2147483647]
2026-07-21 17:27:15.154 [main] DEBUG com.github.dockerjava.zerodep.shaded.org.apache.hc.client5.http.impl.io.PoolingHttpClientConnectionManager - ex-0000000033 acquired ep-0000000033
2026-07-21 17:27:15.154 [main] DEBUG com.github.dockerjava.zerodep.shaded.org.apache.hc.client5.http.impl.classic.InternalHttpClient - ex-0000000033 acquired endpoint ep-0000000033
2026-07-21 17:27:15.154 [main] DEBUG com.github.dockerjava.zerodep.shaded.org.apache.hc.client5.http.impl.classic.MainClientExec - ex-0000000033 executing POST /v1.44/containers/cc7d090e16659452ab50f06b4cc8840874f879a0720ea496999a84bca8cce13b/start
2026-07-21 17:27:15.154 [main] DEBUG com.github.dockerjava.zerodep.shaded.org.apache.hc.client5.http.protocol.RequestAddCookies - ex-0000000033 Cookie spec selected: strict
2026-07-21 17:27:15.154 [main] DEBUG com.github.dockerjava.zerodep.shaded.org.apache.hc.client5.http.impl.classic.InternalHttpClient - ep-0000000033 start execution ex-0000000033
2026-07-21 17:27:15.154 [main] DEBUG com.github.dockerjava.zerodep.shaded.org.apache.hc.client5.http.impl.io.PoolingHttpClientConnectionManager - ep-0000000033 executing exchange ex-0000000033 over http-outgoing-3
2026-07-21 17:27:15.154 [main] DEBUG com.github.dockerjava.zerodep.shaded.org.apache.hc.client5.http.headers - http-outgoing-3 >> POST /v1.44/containers/cc7d090e16659452ab50f06b4cc8840874f879a0720ea496999a84bca8cce13b/start HTTP/1.1
2026-07-21 17:27:15.154 [main] DEBUG com.github.dockerjava.zerodep.shaded.org.apache.hc.client5.http.headers - http-outgoing-3 >> accept: application/json
2026-07-21 17:27:15.154 [main] DEBUG com.github.dockerjava.zerodep.shaded.org.apache.hc.client5.http.headers - http-outgoing-3 >> content-type: application/json
2026-07-21 17:27:15.154 [main] DEBUG com.github.dockerjava.zerodep.shaded.org.apache.hc.client5.http.headers - http-outgoing-3 >> x-tc-sid: 0b1715c4-0202-4909-b4f0-da504615987a
2026-07-21 17:27:15.154 [main] DEBUG com.github.dockerjava.zerodep.shaded.org.apache.hc.client5.http.headers - http-outgoing-3 >> User-Agent: tc-java/2.0.5
2026-07-21 17:27:15.154 [main] DEBUG com.github.dockerjava.zerodep.shaded.org.apache.hc.client5.http.headers - http-outgoing-3 >> Accept-Encoding: gzip, x-gzip, deflate
2026-07-21 17:27:15.154 [main] DEBUG com.github.dockerjava.zerodep.shaded.org.apache.hc.client5.http.headers - http-outgoing-3 >> Host: localhost:2375
2026-07-21 17:27:15.154 [main] DEBUG com.github.dockerjava.zerodep.shaded.org.apache.hc.client5.http.headers - http-outgoing-3 >> Content-Length: 0
2026-07-21 17:27:15.154 [main] DEBUG com.github.dockerjava.zerodep.shaded.org.apache.hc.client5.http.headers - http-outgoing-3 >> Connection: keep-alive
2026-07-21 17:27:15.154 [main] DEBUG com.github.dockerjava.zerodep.shaded.org.apache.hc.client5.http.wire - http-outgoing-3 >> "POST /v1.44/containers/cc7d090e16659452ab50f06b4cc8840874f879a0720ea496999a84bca8cce13b/start HTTP/1.1[\r][\n]"
2026-07-21 17:27:15.154 [main] DEBUG com.github.dockerjava.zerodep.shaded.org.apache.hc.client5.http.wire - http-outgoing-3 >> "accept: application/json[\r][\n]"
2026-07-21 17:27:15.154 [main] DEBUG com.github.dockerjava.zerodep.shaded.org.apache.hc.client5.http.wire - http-outgoing-3 >> "content-type: application/json[\r][\n]"
2026-07-21 17:27:15.154 [main] DEBUG com.github.dockerjava.zerodep.shaded.org.apache.hc.client5.http.wire - http-outgoing-3 >> "x-tc-sid: 0b1715c4-0202-4909-b4f0-da504615987a[\r][\n]"
2026-07-21 17:27:15.154 [main] DEBUG com.github.dockerjava.zerodep.shaded.org.apache.hc.client5.http.wire - http-outgoing-3 >> "User-Agent: tc-java/2.0.5[\r][\n]"
2026-07-21 17:27:15.155 [main] DEBUG com.github.dockerjava.zerodep.shaded.org.apache.hc.client5.http.wire - http-outgoing-3 >> "Accept-Encoding: gzip, x-gzip, deflate[\r][\n]"
2026-07-21 17:27:15.155 [main] DEBUG com.github.dockerjava.zerodep.shaded.org.apache.hc.client5.http.wire - http-outgoing-3 >> "Host: localhost:2375[\r][\n]"
2026-07-21 17:27:15.155 [main] DEBUG com.github.dockerjava.zerodep.shaded.org.apache.hc.client5.http.wire - http-outgoing-3 >> "Content-Length: 0[\r][\n]"
2026-07-21 17:27:15.155 [main] DEBUG com.github.dockerjava.zerodep.shaded.org.apache.hc.client5.http.wire - http-outgoing-3 >> "Connection: keep-alive[\r][\n]"
2026-07-21 17:27:15.155 [main] DEBUG com.github.dockerjava.zerodep.shaded.org.apache.hc.client5.http.wire - http-outgoing-3 >> "[\r][\n]"
2026-07-21 17:27:15.234 [main] DEBUG com.github.dockerjava.zerodep.shaded.org.apache.hc.client5.http.wire - http-outgoing-3 << "HTTP/1.1 204 No Content[\r][\n]"
2026-07-21 17:27:15.234 [main] DEBUG com.github.dockerjava.zerodep.shaded.org.apache.hc.client5.http.wire - http-outgoing-3 << "Api-Version: 1.54[\r][\n]"
2026-07-21 17:27:15.234 [main] DEBUG com.github.dockerjava.zerodep.shaded.org.apache.hc.client5.http.wire - http-outgoing-3 << "Date: Tue, 21 Jul 2026 14:27:15 GMT[\r][\n]"
2026-07-21 17:27:15.234 [main] DEBUG com.github.dockerjava.zerodep.shaded.org.apache.hc.client5.http.wire - http-outgoing-3 << "Docker-Experimental: false[\r][\n]"
2026-07-21 17:27:15.234 [main] DEBUG com.github.dockerjava.zerodep.shaded.org.apache.hc.client5.http.wire - http-outgoing-3 << "Ostype: linux[\r][\n]"
2026-07-21 17:27:15.234 [main] DEBUG com.github.dockerjava.zerodep.shaded.org.apache.hc.client5.http.wire - http-outgoing-3 << "Server: Docker/29.5.3 (linux)[\r][\n]"
2026-07-21 17:27:15.234 [main] DEBUG com.github.dockerjava.zerodep.shaded.org.apache.hc.client5.http.wire - http-outgoing-3 << "[\r][\n]"
2026-07-21 17:27:15.234 [main] DEBUG com.github.dockerjava.zerodep.shaded.org.apache.hc.client5.http.headers - http-outgoing-3 << HTTP/1.1 204 No Content
2026-07-21 17:27:15.235 [main] DEBUG com.github.dockerjava.zerodep.shaded.org.apache.hc.client5.http.headers - http-outgoing-3 << Api-Version: 1.54
2026-07-21 17:27:15.235 [main] DEBUG com.github.dockerjava.zerodep.shaded.org.apache.hc.client5.http.headers - http-outgoing-3 << Date: Tue, 21 Jul 2026 14:27:15 GMT
2026-07-21 17:27:15.235 [main] DEBUG com.github.dockerjava.zerodep.shaded.org.apache.hc.client5.http.headers - http-outgoing-3 << Docker-Experimental: false
2026-07-21 17:27:15.235 [main] DEBUG com.github.dockerjava.zerodep.shaded.org.apache.hc.client5.http.headers - http-outgoing-3 << Ostype: linux
2026-07-21 17:27:15.235 [main] DEBUG com.github.dockerjava.zerodep.shaded.org.apache.hc.client5.http.headers - http-outgoing-3 << Server: Docker/29.5.3 (linux)
2026-07-21 17:27:15.235 [main] DEBUG com.github.dockerjava.zerodep.shaded.org.apache.hc.client5.http.impl.classic.MainClientExec - ex-0000000033 connection can be kept alive for 3 MINUTES
2026-07-21 17:27:15.235 [main] DEBUG com.github.dockerjava.zerodep.shaded.org.apache.hc.client5.http.impl.classic.InternalHttpClient - ep-0000000033 releasing valid endpoint
2026-07-21 17:27:15.235 [main] DEBUG com.github.dockerjava.zerodep.shaded.org.apache.hc.client5.http.impl.io.PoolingHttpClientConnectionManager - ep-0000000033 releasing endpoint
2026-07-21 17:27:15.235 [main] DEBUG com.github.dockerjava.zerodep.shaded.org.apache.hc.client5.http.impl.io.PoolingHttpClientConnectionManager - ep-0000000033 connection http-outgoing-3 can be kept alive for 3 MINUTES
2026-07-21 17:27:15.235 [main] DEBUG com.github.dockerjava.zerodep.shaded.org.apache.hc.client5.http.impl.io.PoolingHttpClientConnectionManager - ep-0000000033 connection released [route: {}->[unix://localhost:2375]][total available: 1; route allocated: 1 of 2147483647; total allocated: 1 of 2147483647]
2026-07-21 17:27:15.235 [main] DEBUG org.testcontainers.shaded.com.github.dockerjava.core.command.AbstrDockerCmd - Cmd: cc7d090e16659452ab50f06b4cc8840874f879a0720ea496999a84bca8cce13b,false
2026-07-21 17:27:15.236 [main] DEBUG org.testcontainers.shaded.com.github.dockerjava.core.exec.InspectContainerCmdExec - GET: DefaultWebTarget{path=[/containers/cc7d090e16659452ab50f06b4cc8840874f879a0720ea496999a84bca8cce13b/json], queryParams={}}
2026-07-21 17:27:15.236 [main] DEBUG com.github.dockerjava.zerodep.shaded.org.apache.hc.client5.http.impl.classic.InternalHttpClient - ex-0000000034 preparing request execution
2026-07-21 17:27:15.236 [main] DEBUG com.github.dockerjava.zerodep.shaded.org.apache.hc.client5.http.impl.classic.ProtocolExec - ex-0000000034 target auth state: UNCHALLENGED
2026-07-21 17:27:15.236 [main] DEBUG com.github.dockerjava.zerodep.shaded.org.apache.hc.client5.http.impl.classic.ProtocolExec - ex-0000000034 proxy auth state: UNCHALLENGED
2026-07-21 17:27:15.236 [main] DEBUG com.github.dockerjava.zerodep.shaded.org.apache.hc.client5.http.impl.classic.ConnectExec - ex-0000000034 acquiring connection with route {}->[unix://localhost:2375]
2026-07-21 17:27:15.236 [main] DEBUG com.github.dockerjava.zerodep.shaded.org.apache.hc.client5.http.impl.classic.InternalHttpClient - ex-0000000034 acquiring endpoint (3 MINUTES)
2026-07-21 17:27:15.236 [main] DEBUG com.github.dockerjava.zerodep.shaded.org.apache.hc.client5.http.impl.io.PoolingHttpClientConnectionManager - ex-0000000034 endpoint lease request (3 MINUTES) [route: {}->[unix://localhost:2375]][total available: 1; route allocated: 1 of 2147483647; total allocated: 1 of 2147483647]
2026-07-21 17:27:15.236 [main] DEBUG com.github.dockerjava.zerodep.shaded.org.apache.hc.client5.http.impl.io.PoolingHttpClientConnectionManager - ex-0000000034 endpoint leased [route: {}->[unix://localhost:2375]][total available: 0; route allocated: 1 of 2147483647; total allocated: 1 of 2147483647]
2026-07-21 17:27:15.236 [main] DEBUG com.github.dockerjava.zerodep.shaded.org.apache.hc.client5.http.impl.io.PoolingHttpClientConnectionManager - ex-0000000034 acquired ep-0000000034
2026-07-21 17:27:15.236 [main] DEBUG com.github.dockerjava.zerodep.shaded.org.apache.hc.client5.http.impl.classic.InternalHttpClient - ex-0000000034 acquired endpoint ep-0000000034
2026-07-21 17:27:15.236 [main] DEBUG com.github.dockerjava.zerodep.shaded.org.apache.hc.client5.http.impl.classic.MainClientExec - ex-0000000034 executing GET /v1.44/containers/cc7d090e16659452ab50f06b4cc8840874f879a0720ea496999a84bca8cce13b/json
2026-07-21 17:27:15.236 [main] DEBUG com.github.dockerjava.zerodep.shaded.org.apache.hc.client5.http.protocol.RequestAddCookies - ex-0000000034 Cookie spec selected: strict
2026-07-21 17:27:15.236 [main] DEBUG com.github.dockerjava.zerodep.shaded.org.apache.hc.client5.http.impl.classic.InternalHttpClient - ep-0000000034 start execution ex-0000000034
2026-07-21 17:27:15.236 [main] DEBUG com.github.dockerjava.zerodep.shaded.org.apache.hc.client5.http.impl.io.PoolingHttpClientConnectionManager - ep-0000000034 executing exchange ex-0000000034 over http-outgoing-3
2026-07-21 17:27:15.236 [main] DEBUG com.github.dockerjava.zerodep.shaded.org.apache.hc.client5.http.headers - http-outgoing-3 >> GET /v1.44/containers/cc7d090e16659452ab50f06b4cc8840874f879a0720ea496999a84bca8cce13b/json HTTP/1.1
2026-07-21 17:27:15.236 [main] DEBUG com.github.dockerjava.zerodep.shaded.org.apache.hc.client5.http.headers - http-outgoing-3 >> accept: application/json
2026-07-21 17:27:15.236 [main] DEBUG com.github.dockerjava.zerodep.shaded.org.apache.hc.client5.http.headers - http-outgoing-3 >> x-tc-sid: 0b1715c4-0202-4909-b4f0-da504615987a
2026-07-21 17:27:15.236 [main] DEBUG com.github.dockerjava.zerodep.shaded.org.apache.hc.client5.http.headers - http-outgoing-3 >> User-Agent: tc-java/2.0.5
2026-07-21 17:27:15.236 [main] DEBUG com.github.dockerjava.zerodep.shaded.org.apache.hc.client5.http.headers - http-outgoing-3 >> Accept-Encoding: gzip, x-gzip, deflate
2026-07-21 17:27:15.236 [main] DEBUG com.github.dockerjava.zerodep.shaded.org.apache.hc.client5.http.headers - http-outgoing-3 >> Host: localhost:2375
2026-07-21 17:27:15.236 [main] DEBUG com.github.dockerjava.zerodep.shaded.org.apache.hc.client5.http.headers - http-outgoing-3 >> Connection: keep-alive
2026-07-21 17:27:15.236 [main] DEBUG com.github.dockerjava.zerodep.shaded.org.apache.hc.client5.http.wire - http-outgoing-3 >> "GET /v1.44/containers/cc7d090e16659452ab50f06b4cc8840874f879a0720ea496999a84bca8cce13b/json HTTP/1.1[\r][\n]"
2026-07-21 17:27:15.236 [main] DEBUG com.github.dockerjava.zerodep.shaded.org.apache.hc.client5.http.wire - http-outgoing-3 >> "accept: application/json[\r][\n]"
2026-07-21 17:27:15.236 [main] DEBUG com.github.dockerjava.zerodep.shaded.org.apache.hc.client5.http.wire - http-outgoing-3 >> "x-tc-sid: 0b1715c4-0202-4909-b4f0-da504615987a[\r][\n]"
2026-07-21 17:27:15.236 [main] DEBUG com.github.dockerjava.zerodep.shaded.org.apache.hc.client5.http.wire - http-outgoing-3 >> "User-Agent: tc-java/2.0.5[\r][\n]"
2026-07-21 17:27:15.236 [main] DEBUG com.github.dockerjava.zerodep.shaded.org.apache.hc.client5.http.wire - http-outgoing-3 >> "Accept-Encoding: gzip, x-gzip, deflate[\r][\n]"
2026-07-21 17:27:15.236 [main] DEBUG com.github.dockerjava.zerodep.shaded.org.apache.hc.client5.http.wire - http-outgoing-3 >> "Host: localhost:2375[\r][\n]"
2026-07-21 17:27:15.236 [main] DEBUG com.github.dockerjava.zerodep.shaded.org.apache.hc.client5.http.wire - http-outgoing-3 >> "Connection: keep-alive[\r][\n]"
2026-07-21 17:27:15.236 [main] DEBUG com.github.dockerjava.zerodep.shaded.org.apache.hc.client5.http.wire - http-outgoing-3 >> "[\r][\n]"
2026-07-21 17:27:15.242 [main] DEBUG com.github.dockerjava.zerodep.shaded.org.apache.hc.client5.http.wire - http-outgoing-3 << "HTTP/1.1 200 OK[\r][\n]"
2026-07-21 17:27:15.242 [main] DEBUG com.github.dockerjava.zerodep.shaded.org.apache.hc.client5.http.wire - http-outgoing-3 << "Api-Version: 1.54[\r][\n]"
2026-07-21 17:27:15.242 [main] DEBUG com.github.dockerjava.zerodep.shaded.org.apache.hc.client5.http.wire - http-outgoing-3 << "Content-Type: application/json[\r][\n]"
2026-07-21 17:27:15.242 [main] DEBUG com.github.dockerjava.zerodep.shaded.org.apache.hc.client5.http.wire - http-outgoing-3 << "Date: Tue, 21 Jul 2026 14:27:15 GMT[\r][\n]"
2026-07-21 17:27:15.242 [main] DEBUG com.github.dockerjava.zerodep.shaded.org.apache.hc.client5.http.wire - http-outgoing-3 << "Docker-Experimental: false[\r][\n]"
2026-07-21 17:27:15.242 [main] DEBUG com.github.dockerjava.zerodep.shaded.org.apache.hc.client5.http.wire - http-outgoing-3 << "Ostype: linux[\r][\n]"
2026-07-21 17:27:15.242 [main] DEBUG com.github.dockerjava.zerodep.shaded.org.apache.hc.client5.http.wire - http-outgoing-3 << "Server: Docker/29.5.3 (linux)[\r][\n]"
2026-07-21 17:27:15.242 [main] DEBUG com.github.dockerjava.zerodep.shaded.org.apache.hc.client5.http.wire - http-outgoing-3 << "Transfer-Encoding: chunked[\r][\n]"
2026-07-21 17:27:15.242 [main] DEBUG com.github.dockerjava.zerodep.shaded.org.apache.hc.client5.http.wire - http-outgoing-3 << "[\r][\n]"
2026-07-21 17:27:15.242 [main] DEBUG com.github.dockerjava.zerodep.shaded.org.apache.hc.client5.http.wire - http-outgoing-3 << "192f[\r][\n]"
2026-07-21 17:27:15.242 [main] DEBUG com.github.dockerjava.zerodep.shaded.org.apache.hc.client5.http.wire - http-outgoing-3 << "{"Id":"cc7d090e16659452ab50f06b4cc8840874f879a0720ea496999a84bca8cce13b","Created":"2026-07-21T14:27:15.126160918Z","Path":"docker-entrypoint.sh","Args":["postgres","-c","fsync=off"],"State":{"Status":"running","Running":true,"Paused":false,"Restarting":false,"OOMKilled":false,"Dead":false,"Pid":97081,"ExitCode":0,"Error":"","StartedAt":"2026-07-21T14:27:15.164215335Z","FinishedAt":"0001-01-01T00:00:00Z"},"Image":"sha256:21a7e541217c7a1b157f4e0d534eaa715ccca6da24e9778c122873a4cc75d6f5","ResolvConfPath":"/var/lib/docker/containers/cc7d090e16659452ab50f06b4cc8840874f879a0720ea496999a84bca8cce13b/resolv.conf","HostnamePath":"/var/lib/docker/containers/cc7d090e16659452ab50f06b4cc8840874f879a0720ea496999a84bca8cce13b/hostname","HostsPath":"/var/lib/docker/containers/cc7d090e16659452ab50f06b4cc8840874f879a0720ea496999a84bca8cce13b/hosts","LogPath":"/var/lib/docker/containers/cc7d090e16659452ab50f06b4cc8840874f879a0720ea496999a84bca8cce13b/cc7d090e16659452ab50f06b4cc8840874f879a0720ea496999a84bca8cce13b-json.log","Name":"/zen_mclaren","RestartCount":0,"Driver":"overlay2","Platform":"linux","MountLabel":"","ProcessLabel":"","AppArmorProfile":"","ExecIDs":null,"HostConfig":{"Binds":[],"ContainerIDFile":"","LogConfig":{"Type":"json-file","Config":{}},"NetworkMode":"bridge","PortBindings":{"5432/tcp":[{"HostIp":"","HostPort":""}]},"RestartPolicy":{"Name":"no","MaximumRetryCount":0},"AutoRemove":false,"VolumeDriver":"","VolumesFrom":[],"ConsoleSize":[0,0],"CapAdd":null,"CapDrop":null,"CgroupnsMode":"private","Dns":null,"DnsOptions":null,"DnsSearch":null,"ExtraHosts":[],"GroupAdd":null,"IpcMode":"private","Cgroup":"","Links":null,"OomScoreAdj":0,"PidMode":"","Privileged":false,"PublishAllPorts":false,"ReadonlyRootfs":false,"SecurityOpt":null,"UTSMode":"","UsernsMode":"","ShmSize":67108864,"Runtime":"runc","Isolation":"","CpuShares":0,"Memory":0,"NanoCpus":0,"CgroupParent":"","BlkioWeight":0,"BlkioWeightDevice":null,"BlkioDeviceReadBps":null,"BlkioDeviceWriteBps":null,"BlkioDeviceReadIOps":null,"BlkioDeviceWriteIOps":null,"CpuPeriod":0,"CpuQuota":0,"CpuRealtimePeriod":0,"CpuRealtimeRuntime":0,"CpusetCpus":"","CpusetMems":"","Devices":null,"DeviceCgroupRules":null,"DeviceRequests":null,"MemoryReservation":0,"MemorySwap":0,"MemorySwappiness":null,"OomKillDisable":null,"PidsLimit":null,"Ulimits":null,"CpuCount":0,"CpuPercent":0,"IOMaximumIOps":0,"IOMaximumBandwidth":0,"MaskedPaths":["/proc/acpi","/proc/asound","/proc/interrupts","/proc/kcore","/proc/keys","/proc/latency_stats","/proc/sched_debug","/proc/scsi","/proc/timer_list","/proc/timer_stats","/sys/devices/virtual/powercap","/sys/firmware"],"ReadonlyPaths":["/proc/bus","/proc/fs","/proc/irq","/proc/sys","/proc/sysrq-trigger"]},"GraphDriver":{"Data":{"ID":"cc7d090e16659452ab50f06b4cc8840874f879a0720ea496999a84bca8cce13b","LowerDir":"/var/lib/docker/overlay2/4fb0bdaf496895e1ebf4ba32794c752dd44af54a0da4986f923c5aa22ba5d738-init/diff:/var/lib/docker/overlay2/1aef3490a29794478ed33994b49b19bd47bcf0ca35d121c669b9a3da659098e9/diff:/var/lib/docker/overlay2/a386117c960e51626153bc63ffbe8c2b23d314e49f8095520a249936d8d1a84d/diff:/var/lib/docker/overlay2/dee08542fd83b7b17b2870384c217d63fcb12463bfe8d10c316f0b1a1d04d47d/diff:/var/lib/docker/overlay2/3009a33ec3c152ef1aec597ef919d2fd3c2c613749a4b2fa45b28cffa51e0bb6/diff:/var/lib/docker/overlay2/b82639c7e60942005bcbe5c112a91b3d2508dca12533f3f2203497d171780b1b/diff:/var/lib/docker/overlay2/8d308d23c9a2b61c1784866748843be530e2dd300d5d34305f4dc37d3a10b5ea/diff:/var/lib/docker/overlay2/568b08209eefcebad1f10c0d9ed85aedc1149ddf463b2c35e19feca1c5334193/diff:/var/lib/docker/overlay2/de7cde3cbbc720040cdffe8548d4011e50ce06615c068d2788e4d893117aa125/diff:/var/lib/docker/overlay2/2b69ce2851209a845f831c27af4f5927f5e33a41b12fcb3608c540c7a5b017e6/diff:/var/lib/docker/overlay2/97fba548b452656804322aff121f5dd09b580ef2bab0edcee0191787edfc1efa/diff:/var/lib/docker/overlay2/71f2b21f2411c6a219f4472e6cc035df5f74df40b3a8b3062ac01b46f06534af/diff:/var/lib/docker/overlay2/c6a4da686c076b8bd4dab18f36ea483477611cdff23175fd5f37e528eea29248/diff:/var/lib/docker/overlay2/c21f4d15b699d12b68ac644e350ec384ca0f60e53b757694588bc9778b73a303/diff:/var/lib/docker/overlay2/dee8f2bec1a585effd64d87e3c2c09b0c56efe873ee81fb4aa594e55974ec642/diff","MergedDir":"/var/lib/docker/overlay2/4fb0bdaf496895e1ebf4ba32794c752dd44af54a0da4986f923c5aa22ba5d738/merged","UpperDir":"/var/lib/docker/overlay2/4fb0bdaf496895e1ebf4ba32794c752dd44af54a0da4986f923c5aa22ba5d738/diff","WorkDir":"/var/lib/docker/overlay2/4fb0bdaf496895e1ebf4ba32794c752dd44af54a0da4986f923c5aa22ba5d738/work"},"Name":"overlay2"},"Mounts":[{"Type":"volume","Name":"14802c9b4ab95becfa6d3940259414c6e014b6d47e878c6b2d8e6c7cbf81e0bb","Source":"/var/lib/docker/volumes/14802c9b4ab95becfa6d3940259414c6e014b6d47e878c6b2d8e6c7cbf81e0bb/_data","Destination":"/var/lib/postgresql","Driver":"local","Mode":"","RW":true,"Propagation":""}],"Config":{"Hostname":"cc7d090e1665","Domainname":"","User":"","AttachStdin":false,"AttachStdout":false,"AttachStderr":false,"ExposedPorts":{"5432/tcp":{}},"Tty":false,"OpenStdin":false,"StdinOnce":false,"Env":["POSTGRES_USER=test","POSTGRES_PASSWORD=test","POSTGRES_DB=test","PATH=/usr/local/sbin:/usr/local/bin:/usr/sbin:/usr/bin:/sbin:/bin:/usr/lib/postgresql/18/bin","GOSU_VERSION=1.19","LANG=en_US.utf8","PG_MAJOR=18","PG_VERSION=18.0-1.pgdg13+3","PGDATA=/var/lib/postgresql/18/docker"],"Cmd":["postgres","-c","fsync=off"],"Image":"postgres:latest","Volumes":{"/var/lib/postgresql":{}},"WorkingDir":"","Entrypoint":["docker-entrypoint.sh"],"Labels":{"org.testcontainers":"true","org.testcontainers.lang":"java","org.testcontainers.sessionId":"0b1715c4-0202-4909-b4f0-da504615987a","org.testcontainers.version":"2.0.5"},"StopSignal":"SIGINT","StopTimeout":1},"NetworkSettings":{"SandboxID":"65b766278bed5dbc4bf29ef3c6fa13c44109fc61b95230e51052e6016821d272","SandboxKey":"/var/run/docker/netns/65b766278bed","Ports":{"5432/tcp":[{"HostIp":"0.0.0.0","HostPort":"50900"},{"HostIp":"::","HostPort":"50900"}]},"Networks":{"bridge":{"IPAMConfig":null,"Links":null,"Aliases":null,"DriverOpts":null,"GwPriority":0,"NetworkID":"998d6244bdfb5e5563c0dbbe14df5cbe693c238c2c93dcb841f601252b85ef2f","EndpointID":"f55f1640747c756b56f9c02ea1e919fbfa18cb9596992beb2c696b1be9dc08e9","Gateway":"172.17.0.1","IPAddress":"172.17.0.3","MacAddress":"02:27:fd:c7:df:97","IPPrefixLen":16,"IPv6Gateway":"","GlobalIPv6Address":"","GlobalIPv6PrefixLen":0,"DNSNames":null}}}}[\n]"
2026-07-21 17:27:15.242 [main] DEBUG com.github.dockerjava.zerodep.shaded.org.apache.hc.client5.http.wire - http-outgoing-3 << "[\r][\n]"
2026-07-21 17:27:15.242 [main] DEBUG com.github.dockerjava.zerodep.shaded.org.apache.hc.client5.http.headers - http-outgoing-3 << HTTP/1.1 200 OK
2026-07-21 17:27:15.242 [main] DEBUG com.github.dockerjava.zerodep.shaded.org.apache.hc.client5.http.headers - http-outgoing-3 << Api-Version: 1.54
2026-07-21 17:27:15.243 [main] DEBUG com.github.dockerjava.zerodep.shaded.org.apache.hc.client5.http.headers - http-outgoing-3 << Content-Type: application/json
2026-07-21 17:27:15.243 [main] DEBUG com.github.dockerjava.zerodep.shaded.org.apache.hc.client5.http.headers - http-outgoing-3 << Date: Tue, 21 Jul 2026 14:27:15 GMT
2026-07-21 17:27:15.243 [main] DEBUG com.github.dockerjava.zerodep.shaded.org.apache.hc.client5.http.headers - http-outgoing-3 << Docker-Experimental: false
2026-07-21 17:27:15.243 [main] DEBUG com.github.dockerjava.zerodep.shaded.org.apache.hc.client5.http.headers - http-outgoing-3 << Ostype: linux
2026-07-21 17:27:15.243 [main] DEBUG com.github.dockerjava.zerodep.shaded.org.apache.hc.client5.http.headers - http-outgoing-3 << Server: Docker/29.5.3 (linux)
2026-07-21 17:27:15.243 [main] DEBUG com.github.dockerjava.zerodep.shaded.org.apache.hc.client5.http.headers - http-outgoing-3 << Transfer-Encoding: chunked
2026-07-21 17:27:15.243 [main] DEBUG com.github.dockerjava.zerodep.shaded.org.apache.hc.client5.http.impl.classic.MainClientExec - ex-0000000034 connection can be kept alive for 3 MINUTES
2026-07-21 17:27:15.244 [main] DEBUG com.github.dockerjava.zerodep.shaded.org.apache.hc.client5.http.wire - http-outgoing-3 << "0[\r][\n]"
2026-07-21 17:27:15.244 [main] DEBUG com.github.dockerjava.zerodep.shaded.org.apache.hc.client5.http.wire - http-outgoing-3 << "[\r][\n]"
2026-07-21 17:27:15.244 [main] DEBUG com.github.dockerjava.zerodep.shaded.org.apache.hc.client5.http.impl.classic.InternalHttpClient - ep-0000000034 releasing valid endpoint
2026-07-21 17:27:15.244 [main] DEBUG com.github.dockerjava.zerodep.shaded.org.apache.hc.client5.http.impl.io.PoolingHttpClientConnectionManager - ep-0000000034 releasing endpoint
2026-07-21 17:27:15.244 [main] DEBUG com.github.dockerjava.zerodep.shaded.org.apache.hc.client5.http.impl.io.PoolingHttpClientConnectionManager - ep-0000000034 connection http-outgoing-3 can be kept alive for 3 MINUTES
2026-07-21 17:27:15.244 [main] DEBUG com.github.dockerjava.zerodep.shaded.org.apache.hc.client5.http.impl.io.PoolingHttpClientConnectionManager - ep-0000000034 connection released [route: {}->[unix://localhost:2375]][total available: 1; route allocated: 1 of 2147483647; total allocated: 1 of 2147483647]
2026-07-21 17:27:15.244 [main] DEBUG org.testcontainers.shaded.com.github.dockerjava.core.command.AbstrDockerCmd - Cmd: sha256:21a7e541217c7a1b157f4e0d534eaa715ccca6da24e9778c122873a4cc75d6f5
2026-07-21 17:27:15.244 [main] TRACE org.testcontainers.shaded.com.github.dockerjava.core.exec.InspectImageCmdExec - GET: DefaultWebTarget{path=[/images/sha256:21a7e541217c7a1b157f4e0d534eaa715ccca6da24e9778c122873a4cc75d6f5/json], queryParams={}}
2026-07-21 17:27:15.244 [main] DEBUG com.github.dockerjava.zerodep.shaded.org.apache.hc.client5.http.impl.classic.InternalHttpClient - ex-0000000035 preparing request execution
2026-07-21 17:27:15.244 [main] DEBUG com.github.dockerjava.zerodep.shaded.org.apache.hc.client5.http.impl.classic.ProtocolExec - ex-0000000035 target auth state: UNCHALLENGED
2026-07-21 17:27:15.244 [main] DEBUG com.github.dockerjava.zerodep.shaded.org.apache.hc.client5.http.impl.classic.ProtocolExec - ex-0000000035 proxy auth state: UNCHALLENGED
2026-07-21 17:27:15.244 [main] DEBUG com.github.dockerjava.zerodep.shaded.org.apache.hc.client5.http.impl.classic.ConnectExec - ex-0000000035 acquiring connection with route {}->[unix://localhost:2375]
2026-07-21 17:27:15.244 [main] DEBUG com.github.dockerjava.zerodep.shaded.org.apache.hc.client5.http.impl.classic.InternalHttpClient - ex-0000000035 acquiring endpoint (3 MINUTES)
2026-07-21 17:27:15.244 [main] DEBUG com.github.dockerjava.zerodep.shaded.org.apache.hc.client5.http.impl.io.PoolingHttpClientConnectionManager - ex-0000000035 endpoint lease request (3 MINUTES) [route: {}->[unix://localhost:2375]][total available: 1; route allocated: 1 of 2147483647; total allocated: 1 of 2147483647]
2026-07-21 17:27:15.244 [main] DEBUG com.github.dockerjava.zerodep.shaded.org.apache.hc.client5.http.impl.io.PoolingHttpClientConnectionManager - ex-0000000035 endpoint leased [route: {}->[unix://localhost:2375]][total available: 0; route allocated: 1 of 2147483647; total allocated: 1 of 2147483647]
2026-07-21 17:27:15.244 [main] DEBUG com.github.dockerjava.zerodep.shaded.org.apache.hc.client5.http.impl.io.PoolingHttpClientConnectionManager - ex-0000000035 acquired ep-0000000035
2026-07-21 17:27:15.244 [main] DEBUG com.github.dockerjava.zerodep.shaded.org.apache.hc.client5.http.impl.classic.InternalHttpClient - ex-0000000035 acquired endpoint ep-0000000035
2026-07-21 17:27:15.244 [main] DEBUG com.github.dockerjava.zerodep.shaded.org.apache.hc.client5.http.impl.classic.MainClientExec - ex-0000000035 executing GET /v1.44/images/sha256:21a7e541217c7a1b157f4e0d534eaa715ccca6da24e9778c122873a4cc75d6f5/json
2026-07-21 17:27:15.245 [main] DEBUG com.github.dockerjava.zerodep.shaded.org.apache.hc.client5.http.protocol.RequestAddCookies - ex-0000000035 Cookie spec selected: strict
2026-07-21 17:27:15.245 [main] DEBUG com.github.dockerjava.zerodep.shaded.org.apache.hc.client5.http.impl.classic.InternalHttpClient - ep-0000000035 start execution ex-0000000035
2026-07-21 17:27:15.245 [main] DEBUG com.github.dockerjava.zerodep.shaded.org.apache.hc.client5.http.impl.io.PoolingHttpClientConnectionManager - ep-0000000035 executing exchange ex-0000000035 over http-outgoing-3
2026-07-21 17:27:15.245 [main] DEBUG com.github.dockerjava.zerodep.shaded.org.apache.hc.client5.http.headers - http-outgoing-3 >> GET /v1.44/images/sha256:21a7e541217c7a1b157f4e0d534eaa715ccca6da24e9778c122873a4cc75d6f5/json HTTP/1.1
2026-07-21 17:27:15.245 [main] DEBUG com.github.dockerjava.zerodep.shaded.org.apache.hc.client5.http.headers - http-outgoing-3 >> accept: application/json
2026-07-21 17:27:15.245 [main] DEBUG com.github.dockerjava.zerodep.shaded.org.apache.hc.client5.http.headers - http-outgoing-3 >> x-tc-sid: 0b1715c4-0202-4909-b4f0-da504615987a
2026-07-21 17:27:15.245 [main] DEBUG com.github.dockerjava.zerodep.shaded.org.apache.hc.client5.http.headers - http-outgoing-3 >> User-Agent: tc-java/2.0.5
2026-07-21 17:27:15.245 [main] DEBUG com.github.dockerjava.zerodep.shaded.org.apache.hc.client5.http.headers - http-outgoing-3 >> Accept-Encoding: gzip, x-gzip, deflate
2026-07-21 17:27:15.245 [main] DEBUG com.github.dockerjava.zerodep.shaded.org.apache.hc.client5.http.headers - http-outgoing-3 >> Host: localhost:2375
2026-07-21 17:27:15.245 [main] DEBUG com.github.dockerjava.zerodep.shaded.org.apache.hc.client5.http.headers - http-outgoing-3 >> Connection: keep-alive
2026-07-21 17:27:15.245 [main] DEBUG com.github.dockerjava.zerodep.shaded.org.apache.hc.client5.http.wire - http-outgoing-3 >> "GET /v1.44/images/sha256:21a7e541217c7a1b157f4e0d534eaa715ccca6da24e9778c122873a4cc75d6f5/json HTTP/1.1[\r][\n]"
2026-07-21 17:27:15.245 [main] DEBUG com.github.dockerjava.zerodep.shaded.org.apache.hc.client5.http.wire - http-outgoing-3 >> "accept: application/json[\r][\n]"
2026-07-21 17:27:15.245 [main] DEBUG com.github.dockerjava.zerodep.shaded.org.apache.hc.client5.http.wire - http-outgoing-3 >> "x-tc-sid: 0b1715c4-0202-4909-b4f0-da504615987a[\r][\n]"
2026-07-21 17:27:15.245 [main] DEBUG com.github.dockerjava.zerodep.shaded.org.apache.hc.client5.http.wire - http-outgoing-3 >> "User-Agent: tc-java/2.0.5[\r][\n]"
2026-07-21 17:27:15.245 [main] DEBUG com.github.dockerjava.zerodep.shaded.org.apache.hc.client5.http.wire - http-outgoing-3 >> "Accept-Encoding: gzip, x-gzip, deflate[\r][\n]"
2026-07-21 17:27:15.245 [main] DEBUG com.github.dockerjava.zerodep.shaded.org.apache.hc.client5.http.wire - http-outgoing-3 >> "Host: localhost:2375[\r][\n]"
2026-07-21 17:27:15.245 [main] DEBUG com.github.dockerjava.zerodep.shaded.org.apache.hc.client5.http.wire - http-outgoing-3 >> "Connection: keep-alive[\r][\n]"
2026-07-21 17:27:15.245 [main] DEBUG com.github.dockerjava.zerodep.shaded.org.apache.hc.client5.http.wire - http-outgoing-3 >> "[\r][\n]"
2026-07-21 17:27:15.247 [main] DEBUG com.github.dockerjava.zerodep.shaded.org.apache.hc.client5.http.wire - http-outgoing-3 << "HTTP/1.1 200 OK[\r][\n]"
2026-07-21 17:27:15.247 [main] DEBUG com.github.dockerjava.zerodep.shaded.org.apache.hc.client5.http.wire - http-outgoing-3 << "Api-Version: 1.54[\r][\n]"
2026-07-21 17:27:15.247 [main] DEBUG com.github.dockerjava.zerodep.shaded.org.apache.hc.client5.http.wire - http-outgoing-3 << "Content-Type: application/json[\r][\n]"
2026-07-21 17:27:15.247 [main] DEBUG com.github.dockerjava.zerodep.shaded.org.apache.hc.client5.http.wire - http-outgoing-3 << "Date: Tue, 21 Jul 2026 14:27:15 GMT[\r][\n]"
2026-07-21 17:27:15.247 [main] DEBUG com.github.dockerjava.zerodep.shaded.org.apache.hc.client5.http.wire - http-outgoing-3 << "Docker-Experimental: false[\r][\n]"
2026-07-21 17:27:15.247 [main] DEBUG com.github.dockerjava.zerodep.shaded.org.apache.hc.client5.http.wire - http-outgoing-3 << "Ostype: linux[\r][\n]"
2026-07-21 17:27:15.247 [main] DEBUG com.github.dockerjava.zerodep.shaded.org.apache.hc.client5.http.wire - http-outgoing-3 << "Server: Docker/29.5.3 (linux)[\r][\n]"
2026-07-21 17:27:15.247 [main] DEBUG com.github.dockerjava.zerodep.shaded.org.apache.hc.client5.http.wire - http-outgoing-3 << "Transfer-Encoding: chunked[\r][\n]"
2026-07-21 17:27:15.247 [main] DEBUG com.github.dockerjava.zerodep.shaded.org.apache.hc.client5.http.wire - http-outgoing-3 << "[\r][\n]"
2026-07-21 17:27:15.247 [main] DEBUG com.github.dockerjava.zerodep.shaded.org.apache.hc.client5.http.headers - http-outgoing-3 << HTTP/1.1 200 OK
2026-07-21 17:27:15.247 [main] DEBUG com.github.dockerjava.zerodep.shaded.org.apache.hc.client5.http.headers - http-outgoing-3 << Api-Version: 1.54
2026-07-21 17:27:15.247 [main] DEBUG com.github.dockerjava.zerodep.shaded.org.apache.hc.client5.http.headers - http-outgoing-3 << Content-Type: application/json
2026-07-21 17:27:15.247 [main] DEBUG com.github.dockerjava.zerodep.shaded.org.apache.hc.client5.http.headers - http-outgoing-3 << Date: Tue, 21 Jul 2026 14:27:15 GMT
2026-07-21 17:27:15.247 [main] DEBUG com.github.dockerjava.zerodep.shaded.org.apache.hc.client5.http.headers - http-outgoing-3 << Docker-Experimental: false
2026-07-21 17:27:15.247 [main] DEBUG com.github.dockerjava.zerodep.shaded.org.apache.hc.client5.http.headers - http-outgoing-3 << Ostype: linux
2026-07-21 17:27:15.247 [main] DEBUG com.github.dockerjava.zerodep.shaded.org.apache.hc.client5.http.headers - http-outgoing-3 << Server: Docker/29.5.3 (linux)
2026-07-21 17:27:15.247 [main] DEBUG com.github.dockerjava.zerodep.shaded.org.apache.hc.client5.http.headers - http-outgoing-3 << Transfer-Encoding: chunked
2026-07-21 17:27:15.247 [main] DEBUG com.github.dockerjava.zerodep.shaded.org.apache.hc.client5.http.impl.classic.MainClientExec - ex-0000000035 connection can be kept alive for 3 MINUTES
2026-07-21 17:27:15.247 [main] DEBUG com.github.dockerjava.zerodep.shaded.org.apache.hc.client5.http.wire - http-outgoing-3 << "f9f[\r][\n]"
2026-07-21 17:27:15.247 [main] DEBUG com.github.dockerjava.zerodep.shaded.org.apache.hc.client5.http.wire - http-outgoing-3 << "{"Architecture":"arm64","Author":"","Comment":"buildkit.dockerfile.v0","Config":{"AttachStderr":false,"AttachStdin":false,"AttachStdout":false,"Cmd":["postgres"],"Domainname":"","Entrypoint":["docker-entrypoint.sh"],"Env":["PATH=/usr/local/sbin:/usr/local/bin:/usr/sbin:/usr/bin:/sbin:/bin:/usr/lib/postgresql/18/bin","GOSU_VERSION=1.19","LANG=en_US.utf8","PG_MAJOR=18","PG_VERSION=18.0-1.pgdg13+3","PGDATA=/var/lib/postgresql/18/docker"],"ExposedPorts":{"5432/tcp":{}},"Hostname":"","Image":"","Labels":null,"OnBuild":null,"OpenStdin":false,"StdinOnce":false,"StopSignal":"SIGINT","Tty":false,"User":"","Volumes":{"/var/lib/postgresql":{}},"WorkingDir":""},"Container":"","ContainerConfig":{"Hostname":"","Domainname":"","User":"","AttachStdin":false,"AttachStdout":false,"AttachStderr":false,"Tty":false,"OpenStdin":false,"StdinOnce":false,"Env":null,"Cmd":null,"Image":"","Volumes":null,"WorkingDir":"","Entrypoint":null,"Labels":null},"Created":"2025-09-25T18:22:35Z","DockerVersion":"","GraphDriver":{"Data":{"LowerDir":"/var/lib/docker/overlay2/a386117c960e51626153bc63ffbe8c2b23d314e49f8095520a249936d8d1a84d/diff:/var/lib/docker/overlay2/dee08542fd83b7b17b2870384c217d63fcb12463bfe8d10c316f0b1a1d04d47d/diff:/var/lib/docker/overlay2/3009a33ec3c152ef1aec597ef919d2fd3c2c613749a4b2fa45b28cffa51e0bb6/diff:/var/lib/docker/overlay2/b82639c7e60942005bcbe5c112a91b3d2508dca12533f3f2203497d171780b1b/diff:/var/lib/docker/overlay2/8d308d23c9a2b61c1784866748843be530e2dd300d5d34305f4dc37d3a10b5ea/diff:/var/lib/docker/overlay2/568b08209eefcebad1f10c0d9ed85aedc1149ddf463b2c35e19feca1c5334193/diff:/var/lib/docker/overlay2/de7cde3cbbc720040cdffe8548d4011e50ce06615c068d2788e4d893117aa125/diff:/var/lib/docker/overlay2/2b69ce2851209a845f831c27af4f5927f5e33a41b12fcb3608c540c7a5b017e6/diff:/var/lib/docker/overlay2/97fba548b452656804322aff121f5dd09b580ef2bab0edcee0191787edfc1efa/diff:/var/lib/docker/overlay2/71f2b21f2411c6a219f4472e6cc035df5f74df40b3a8b3062ac01b46f06534af/diff:/var/lib/docker/overlay2/c6a4da686c076b8bd4dab18f36ea483477611cdff23175fd5f37e528eea29248/diff:/var/lib/docker/overlay2/c21f4d15b699d12b68ac644e350ec384ca0f60e53b757694588bc9778b73a303/diff:/var/lib/docker/overlay2/dee8f2bec1a585effd64d87e3c2c09b0c56efe873ee81fb4aa594e55974ec642/diff","MergedDir":"/var/lib/docker/overlay2/1aef3490a29794478ed33994b49b19bd47bcf0ca35d121c669b9a3da659098e9/merged","UpperDir":"/var/lib/docker/overlay2/1aef3490a29794478ed33994b49b19bd47bcf0ca35d121c669b9a3da659098e9/diff","WorkDir":"/var/lib/docker/overlay2/1aef3490a29794478ed33994b49b19bd47bcf0ca35d121c669b9a3da659098e9/work"},"Name":"overlay2"},"Id":"sha256:21a7e541217c7a1b157f4e0d534eaa715ccca6da24e9778c122873a4cc75d6f5","Metadata":{"LastTagTime":"0001-01-01T00:00:00Z"},"Os":"linux","Parent":"","RepoDigests":["postgres@sha256:073e7c8b84e2197f94c8083634640ab37105effe1bc853ca4d5fbece3219b0e8"],"RepoTags":["postgres:latest"],"RootFS":{"Layers":["sha256:090e9c58f4748dd51573ae6f05678fa97237bbe946047a0433b0092ef6c4a704","sha256:f2c6dd1a76d49ed659c61c54bcbe4323d68b8cb95891eb185eafd9e1e7d5f611","sha256:d2f2313ce957413fee52663d1994669d5228c06e64dbf134eb879a1e0e88872a","sha256:8d6f3ba34bb16f7e36a1f4727e15b24c50bbf94063d6b26ebf4b72bb2b296c38","sha256:e3745cb563c2fa880768fd1cdbf33dd59aa8f532fdacb87913b3fdbeace9c45f","sha256:be1c86854f7c69185d427ad9d49cc99d24472b948f0494f8aabcd768036852ec","sha256:76bafa3261f9add9af738d2a151bb0fc9797db95baa81fbc70ec4d5e230d842a","sha256:ea0282eb323254b221a4542d983ceb6a7d4c82a32c9b5bb6123000cd1e098429","sha256:31938aefbf25429a0c26ecc6d010fab04b55d5573cef39d7bf846126fdae08e4","sha256:3d0a2d8f338e0c54178100919df352007a25b7c1999489788cb4034fb775ad2d","sha256:c6b2787dde88ce5bed49ca7f2f346f888d373a39c607d2f4e7eed96459f8aa1a","sha256:6e8383b00d874fb084b2ee8fa4d0adf828d28cfe726e63675dd32bb32156a4b9","sha256:df4be8a168f1c21f64347f773b6d0cc7244a8ba38036968e797a7f4765f68083","sha256:109c0bcb80b0ea6c8e07616ad48c5486d11e8926f26f5023f44aa38a713d58ce"],"Type":"layers"},"Size":478920920,"Variant":"v8"}[\n]"
2026-07-21 17:27:15.247 [main] DEBUG com.github.dockerjava.zerodep.shaded.org.apache.hc.client5.http.wire - http-outgoing-3 << "[\r][\n]"
2026-07-21 17:27:15.247 [main] DEBUG com.github.dockerjava.zerodep.shaded.org.apache.hc.client5.http.wire - http-outgoing-3 << "0[\r][\n]"
2026-07-21 17:27:15.248 [main] DEBUG com.github.dockerjava.zerodep.shaded.org.apache.hc.client5.http.wire - http-outgoing-3 << "[\r][\n]"
2026-07-21 17:27:15.248 [main] DEBUG com.github.dockerjava.zerodep.shaded.org.apache.hc.client5.http.impl.classic.InternalHttpClient - ep-0000000035 releasing valid endpoint
2026-07-21 17:27:15.248 [main] DEBUG com.github.dockerjava.zerodep.shaded.org.apache.hc.client5.http.impl.io.PoolingHttpClientConnectionManager - ep-0000000035 releasing endpoint
2026-07-21 17:27:15.248 [main] DEBUG com.github.dockerjava.zerodep.shaded.org.apache.hc.client5.http.impl.io.PoolingHttpClientConnectionManager - ep-0000000035 connection http-outgoing-3 can be kept alive for 3 MINUTES
2026-07-21 17:27:15.248 [main] DEBUG com.github.dockerjava.zerodep.shaded.org.apache.hc.client5.http.impl.io.PoolingHttpClientConnectionManager - ep-0000000035 connection released [route: {}->[unix://localhost:2375]][total available: 1; route allocated: 1 of 2147483647; total allocated: 1 of 2147483647]
2026-07-21 17:27:15.248 [main] DEBUG org.testcontainers.shaded.com.github.dockerjava.core.command.AbstrDockerCmd - Cmd: 
2026-07-21 17:27:15.248 [main] TRACE org.testcontainers.shaded.com.github.dockerjava.core.exec.VersionCmdExec - GET: DefaultWebTarget{path=[/version], queryParams={}}
2026-07-21 17:27:15.248 [main] DEBUG com.github.dockerjava.zerodep.shaded.org.apache.hc.client5.http.impl.classic.InternalHttpClient - ex-0000000036 preparing request execution
2026-07-21 17:27:15.248 [main] DEBUG com.github.dockerjava.zerodep.shaded.org.apache.hc.client5.http.impl.classic.ProtocolExec - ex-0000000036 target auth state: UNCHALLENGED
2026-07-21 17:27:15.248 [main] DEBUG com.github.dockerjava.zerodep.shaded.org.apache.hc.client5.http.impl.classic.ProtocolExec - ex-0000000036 proxy auth state: UNCHALLENGED
2026-07-21 17:27:15.248 [main] DEBUG com.github.dockerjava.zerodep.shaded.org.apache.hc.client5.http.impl.classic.ConnectExec - ex-0000000036 acquiring connection with route {}->[unix://localhost:2375]
2026-07-21 17:27:15.248 [main] DEBUG com.github.dockerjava.zerodep.shaded.org.apache.hc.client5.http.impl.classic.InternalHttpClient - ex-0000000036 acquiring endpoint (3 MINUTES)
2026-07-21 17:27:15.249 [main] DEBUG com.github.dockerjava.zerodep.shaded.org.apache.hc.client5.http.impl.io.PoolingHttpClientConnectionManager - ex-0000000036 endpoint lease request (3 MINUTES) [route: {}->[unix://localhost:2375]][total available: 1; route allocated: 1 of 2147483647; total allocated: 1 of 2147483647]
2026-07-21 17:27:15.249 [main] DEBUG com.github.dockerjava.zerodep.shaded.org.apache.hc.client5.http.impl.io.PoolingHttpClientConnectionManager - ex-0000000036 endpoint leased [route: {}->[unix://localhost:2375]][total available: 0; route allocated: 1 of 2147483647; total allocated: 1 of 2147483647]
2026-07-21 17:27:15.249 [main] DEBUG com.github.dockerjava.zerodep.shaded.org.apache.hc.client5.http.impl.io.PoolingHttpClientConnectionManager - ex-0000000036 acquired ep-0000000036
2026-07-21 17:27:15.249 [main] DEBUG com.github.dockerjava.zerodep.shaded.org.apache.hc.client5.http.impl.classic.InternalHttpClient - ex-0000000036 acquired endpoint ep-0000000036
2026-07-21 17:27:15.249 [main] DEBUG com.github.dockerjava.zerodep.shaded.org.apache.hc.client5.http.impl.classic.MainClientExec - ex-0000000036 executing GET /v1.44/version
2026-07-21 17:27:15.249 [main] DEBUG com.github.dockerjava.zerodep.shaded.org.apache.hc.client5.http.protocol.RequestAddCookies - ex-0000000036 Cookie spec selected: strict
2026-07-21 17:27:15.249 [main] DEBUG com.github.dockerjava.zerodep.shaded.org.apache.hc.client5.http.impl.classic.InternalHttpClient - ep-0000000036 start execution ex-0000000036
2026-07-21 17:27:15.249 [main] DEBUG com.github.dockerjava.zerodep.shaded.org.apache.hc.client5.http.impl.io.PoolingHttpClientConnectionManager - ep-0000000036 executing exchange ex-0000000036 over http-outgoing-3
2026-07-21 17:27:15.249 [main] DEBUG com.github.dockerjava.zerodep.shaded.org.apache.hc.client5.http.headers - http-outgoing-3 >> GET /v1.44/version HTTP/1.1
2026-07-21 17:27:15.249 [main] DEBUG com.github.dockerjava.zerodep.shaded.org.apache.hc.client5.http.headers - http-outgoing-3 >> accept: application/json
2026-07-21 17:27:15.249 [main] DEBUG com.github.dockerjava.zerodep.shaded.org.apache.hc.client5.http.headers - http-outgoing-3 >> x-tc-sid: 0b1715c4-0202-4909-b4f0-da504615987a
2026-07-21 17:27:15.249 [main] DEBUG com.github.dockerjava.zerodep.shaded.org.apache.hc.client5.http.headers - http-outgoing-3 >> User-Agent: tc-java/2.0.5
2026-07-21 17:27:15.249 [main] DEBUG com.github.dockerjava.zerodep.shaded.org.apache.hc.client5.http.headers - http-outgoing-3 >> Accept-Encoding: gzip, x-gzip, deflate
2026-07-21 17:27:15.249 [main] DEBUG com.github.dockerjava.zerodep.shaded.org.apache.hc.client5.http.headers - http-outgoing-3 >> Host: localhost:2375
2026-07-21 17:27:15.249 [main] DEBUG com.github.dockerjava.zerodep.shaded.org.apache.hc.client5.http.headers - http-outgoing-3 >> Connection: keep-alive
2026-07-21 17:27:15.249 [main] DEBUG com.github.dockerjava.zerodep.shaded.org.apache.hc.client5.http.wire - http-outgoing-3 >> "GET /v1.44/version HTTP/1.1[\r][\n]"
2026-07-21 17:27:15.249 [main] DEBUG com.github.dockerjava.zerodep.shaded.org.apache.hc.client5.http.wire - http-outgoing-3 >> "accept: application/json[\r][\n]"
2026-07-21 17:27:15.249 [main] DEBUG com.github.dockerjava.zerodep.shaded.org.apache.hc.client5.http.wire - http-outgoing-3 >> "x-tc-sid: 0b1715c4-0202-4909-b4f0-da504615987a[\r][\n]"
2026-07-21 17:27:15.249 [main] DEBUG com.github.dockerjava.zerodep.shaded.org.apache.hc.client5.http.wire - http-outgoing-3 >> "User-Agent: tc-java/2.0.5[\r][\n]"
2026-07-21 17:27:15.249 [main] DEBUG com.github.dockerjava.zerodep.shaded.org.apache.hc.client5.http.wire - http-outgoing-3 >> "Accept-Encoding: gzip, x-gzip, deflate[\r][\n]"
2026-07-21 17:27:15.249 [main] DEBUG com.github.dockerjava.zerodep.shaded.org.apache.hc.client5.http.wire - http-outgoing-3 >> "Host: localhost:2375[\r][\n]"
2026-07-21 17:27:15.249 [main] DEBUG com.github.dockerjava.zerodep.shaded.org.apache.hc.client5.http.wire - http-outgoing-3 >> "Connection: keep-alive[\r][\n]"
2026-07-21 17:27:15.249 [main] DEBUG com.github.dockerjava.zerodep.shaded.org.apache.hc.client5.http.wire - http-outgoing-3 >> "[\r][\n]"
2026-07-21 17:27:15.253 [main] DEBUG com.github.dockerjava.zerodep.shaded.org.apache.hc.client5.http.wire - http-outgoing-3 << "HTTP/1.1 200 OK[\r][\n]"
2026-07-21 17:27:15.253 [main] DEBUG com.github.dockerjava.zerodep.shaded.org.apache.hc.client5.http.wire - http-outgoing-3 << "Api-Version: 1.54[\r][\n]"
2026-07-21 17:27:15.253 [main] DEBUG com.github.dockerjava.zerodep.shaded.org.apache.hc.client5.http.wire - http-outgoing-3 << "Content-Type: application/json[\r][\n]"
2026-07-21 17:27:15.253 [main] DEBUG com.github.dockerjava.zerodep.shaded.org.apache.hc.client5.http.wire - http-outgoing-3 << "Date: Tue, 21 Jul 2026 14:27:15 GMT[\r][\n]"
2026-07-21 17:27:15.253 [main] DEBUG com.github.dockerjava.zerodep.shaded.org.apache.hc.client5.http.wire - http-outgoing-3 << "Docker-Experimental: false[\r][\n]"
2026-07-21 17:27:15.253 [main] DEBUG com.github.dockerjava.zerodep.shaded.org.apache.hc.client5.http.wire - http-outgoing-3 << "Ostype: linux[\r][\n]"
2026-07-21 17:27:15.253 [main] DEBUG com.github.dockerjava.zerodep.shaded.org.apache.hc.client5.http.wire - http-outgoing-3 << "Server: Docker/29.5.3 (linux)[\r][\n]"
2026-07-21 17:27:15.253 [main] DEBUG com.github.dockerjava.zerodep.shaded.org.apache.hc.client5.http.wire - http-outgoing-3 << "Transfer-Encoding: chunked[\r][\n]"
2026-07-21 17:27:15.253 [main] DEBUG com.github.dockerjava.zerodep.shaded.org.apache.hc.client5.http.wire - http-outgoing-3 << "[\r][\n]"
2026-07-21 17:27:15.253 [main] DEBUG com.github.dockerjava.zerodep.shaded.org.apache.hc.client5.http.headers - http-outgoing-3 << HTTP/1.1 200 OK
2026-07-21 17:27:15.253 [main] DEBUG com.github.dockerjava.zerodep.shaded.org.apache.hc.client5.http.headers - http-outgoing-3 << Api-Version: 1.54
2026-07-21 17:27:15.253 [main] DEBUG com.github.dockerjava.zerodep.shaded.org.apache.hc.client5.http.headers - http-outgoing-3 << Content-Type: application/json
2026-07-21 17:27:15.253 [main] DEBUG com.github.dockerjava.zerodep.shaded.org.apache.hc.client5.http.headers - http-outgoing-3 << Date: Tue, 21 Jul 2026 14:27:15 GMT
2026-07-21 17:27:15.253 [main] DEBUG com.github.dockerjava.zerodep.shaded.org.apache.hc.client5.http.headers - http-outgoing-3 << Docker-Experimental: false
2026-07-21 17:27:15.253 [main] DEBUG com.github.dockerjava.zerodep.shaded.org.apache.hc.client5.http.headers - http-outgoing-3 << Ostype: linux
2026-07-21 17:27:15.253 [main] DEBUG com.github.dockerjava.zerodep.shaded.org.apache.hc.client5.http.headers - http-outgoing-3 << Server: Docker/29.5.3 (linux)
2026-07-21 17:27:15.253 [main] DEBUG com.github.dockerjava.zerodep.shaded.org.apache.hc.client5.http.headers - http-outgoing-3 << Transfer-Encoding: chunked
2026-07-21 17:27:15.253 [main] DEBUG com.github.dockerjava.zerodep.shaded.org.apache.hc.client5.http.impl.classic.MainClientExec - ex-0000000036 connection can be kept alive for 3 MINUTES
2026-07-21 17:27:15.253 [main] DEBUG com.github.dockerjava.zerodep.shaded.org.apache.hc.client5.http.wire - http-outgoing-3 << "37e[\r][\n]"
2026-07-21 17:27:15.253 [main] DEBUG com.github.dockerjava.zerodep.shaded.org.apache.hc.client5.http.wire - http-outgoing-3 << "{"Platform":{"Name":"Docker Desktop 4.78.0 (229452)"},"Version":"29.5.3","ApiVersion":"1.54","MinAPIVersion":"1.40","Os":"linux","Arch":"arm64","Components":[{"Name":"Engine","Version":"29.5.3","Details":{"ApiVersion":"1.54","Arch":"arm64","BuildTime":"2026-06-03T18:00:14.000000000+00:00","Experimental":"false","GitCommit":"285b471","GoVersion":"go1.26.4","KernelVersion":"6.12.76-linuxkit","MinAPIVersion":"1.40","Module":"github.com/moby/moby/v2","ModuleVersion":"v2.0.0+unknown","Os":"linux"}},{"Name":"containerd","Version":"v2.2.4","Details":{"GitCommit":"193637f7ee8ae5f5aa5248f49e7baa3e6164966e"}},{"Name":"runc","Version":"1.3.5","Details":{"GitCommit":"v1.3.5-0-g488fc13e"}},{"Name":"docker-init","Version":"0.19.0","Details":{"GitCommit":"de40ad0"}}],"GitCommit":"285b471","GoVersion":"go1.26.4","KernelVersion":"6.12.76-linuxkit","BuildTime":"2026-06-03T18:00:14.000000000+00:00"}[\n]"
2026-07-21 17:27:15.253 [main] DEBUG com.github.dockerjava.zerodep.shaded.org.apache.hc.client5.http.wire - http-outgoing-3 << "[\r][\n]"
2026-07-21 17:27:15.253 [main] DEBUG com.github.dockerjava.zerodep.shaded.org.apache.hc.client5.http.wire - http-outgoing-3 << "0[\r][\n]"
2026-07-21 17:27:15.253 [main] DEBUG com.github.dockerjava.zerodep.shaded.org.apache.hc.client5.http.wire - http-outgoing-3 << "[\r][\n]"
2026-07-21 17:27:15.254 [main] DEBUG com.github.dockerjava.zerodep.shaded.org.apache.hc.client5.http.impl.classic.InternalHttpClient - ep-0000000036 releasing valid endpoint
2026-07-21 17:27:15.254 [main] DEBUG com.github.dockerjava.zerodep.shaded.org.apache.hc.client5.http.impl.io.PoolingHttpClientConnectionManager - ep-0000000036 releasing endpoint
2026-07-21 17:27:15.254 [main] DEBUG com.github.dockerjava.zerodep.shaded.org.apache.hc.client5.http.impl.io.PoolingHttpClientConnectionManager - ep-0000000036 connection http-outgoing-3 can be kept alive for 3 MINUTES
2026-07-21 17:27:15.254 [main] DEBUG com.github.dockerjava.zerodep.shaded.org.apache.hc.client5.http.impl.io.PoolingHttpClientConnectionManager - ep-0000000036 connection released [route: {}->[unix://localhost:2375]][total available: 1; route allocated: 1 of 2147483647; total allocated: 1 of 2147483647]
2026-07-21 17:27:15.254 [main] TRACE org.testcontainers.shaded.com.github.dockerjava.core.exec.LogContainerCmdExec - GET: DefaultWebTarget{path=[/containers/cc7d090e16659452ab50f06b4cc8840874f879a0720ea496999a84bca8cce13b/logs], queryParams={stdout=[true], stderr=[true], follow=[true], since=[0]}}
2026-07-21 17:27:15.254 [docker-java-stream--1207939506] DEBUG com.github.dockerjava.zerodep.shaded.org.apache.hc.client5.http.impl.classic.InternalHttpClient - ex-0000000037 preparing request execution
2026-07-21 17:27:15.255 [docker-java-stream--1207939506] DEBUG com.github.dockerjava.zerodep.shaded.org.apache.hc.client5.http.impl.classic.ProtocolExec - ex-0000000037 target auth state: UNCHALLENGED
2026-07-21 17:27:15.255 [docker-java-stream--1207939506] DEBUG com.github.dockerjava.zerodep.shaded.org.apache.hc.client5.http.impl.classic.ProtocolExec - ex-0000000037 proxy auth state: UNCHALLENGED
2026-07-21 17:27:15.255 [docker-java-stream--1207939506] DEBUG com.github.dockerjava.zerodep.shaded.org.apache.hc.client5.http.impl.classic.ConnectExec - ex-0000000037 acquiring connection with route {}->[unix://localhost:2375]
2026-07-21 17:27:15.255 [docker-java-stream--1207939506] DEBUG com.github.dockerjava.zerodep.shaded.org.apache.hc.client5.http.impl.classic.InternalHttpClient - ex-0000000037 acquiring endpoint (3 MINUTES)
2026-07-21 17:27:15.255 [docker-java-stream--1207939506] DEBUG com.github.dockerjava.zerodep.shaded.org.apache.hc.client5.http.impl.io.PoolingHttpClientConnectionManager - ex-0000000037 endpoint lease request (3 MINUTES) [route: {}->[unix://localhost:2375]][total available: 1; route allocated: 1 of 2147483647; total allocated: 1 of 2147483647]
2026-07-21 17:27:15.255 [docker-java-stream--1207939506] DEBUG com.github.dockerjava.zerodep.shaded.org.apache.hc.client5.http.impl.io.PoolingHttpClientConnectionManager - ex-0000000037 endpoint leased [route: {}->[unix://localhost:2375]][total available: 0; route allocated: 1 of 2147483647; total allocated: 1 of 2147483647]
2026-07-21 17:27:15.255 [docker-java-stream--1207939506] DEBUG com.github.dockerjava.zerodep.shaded.org.apache.hc.client5.http.impl.io.PoolingHttpClientConnectionManager - ex-0000000037 acquired ep-0000000037
2026-07-21 17:27:15.255 [docker-java-stream--1207939506] DEBUG com.github.dockerjava.zerodep.shaded.org.apache.hc.client5.http.impl.classic.InternalHttpClient - ex-0000000037 acquired endpoint ep-0000000037
2026-07-21 17:27:15.255 [docker-java-stream--1207939506] DEBUG com.github.dockerjava.zerodep.shaded.org.apache.hc.client5.http.impl.classic.MainClientExec - ex-0000000037 executing GET /v1.44/containers/cc7d090e16659452ab50f06b4cc8840874f879a0720ea496999a84bca8cce13b/logs?stdout=true&stderr=true&follow=true&since=0
2026-07-21 17:27:15.255 [docker-java-stream--1207939506] DEBUG com.github.dockerjava.zerodep.shaded.org.apache.hc.client5.http.protocol.RequestAddCookies - ex-0000000037 Cookie spec selected: strict
2026-07-21 17:27:15.255 [docker-java-stream--1207939506] DEBUG com.github.dockerjava.zerodep.shaded.org.apache.hc.client5.http.impl.classic.InternalHttpClient - ep-0000000037 start execution ex-0000000037
2026-07-21 17:27:15.255 [docker-java-stream--1207939506] DEBUG com.github.dockerjava.zerodep.shaded.org.apache.hc.client5.http.impl.io.PoolingHttpClientConnectionManager - ep-0000000037 executing exchange ex-0000000037 over http-outgoing-3
2026-07-21 17:27:15.255 [docker-java-stream--1207939506] DEBUG com.github.dockerjava.zerodep.shaded.org.apache.hc.client5.http.headers - http-outgoing-3 >> GET /v1.44/containers/cc7d090e16659452ab50f06b4cc8840874f879a0720ea496999a84bca8cce13b/logs?stdout=true&stderr=true&follow=true&since=0 HTTP/1.1
2026-07-21 17:27:15.255 [docker-java-stream--1207939506] DEBUG com.github.dockerjava.zerodep.shaded.org.apache.hc.client5.http.headers - http-outgoing-3 >> x-tc-sid: 0b1715c4-0202-4909-b4f0-da504615987a
2026-07-21 17:27:15.255 [docker-java-stream--1207939506] DEBUG com.github.dockerjava.zerodep.shaded.org.apache.hc.client5.http.headers - http-outgoing-3 >> User-Agent: tc-java/2.0.5
2026-07-21 17:27:15.255 [docker-java-stream--1207939506] DEBUG com.github.dockerjava.zerodep.shaded.org.apache.hc.client5.http.headers - http-outgoing-3 >> Accept-Encoding: gzip, x-gzip, deflate
2026-07-21 17:27:15.255 [docker-java-stream--1207939506] DEBUG com.github.dockerjava.zerodep.shaded.org.apache.hc.client5.http.headers - http-outgoing-3 >> Host: localhost:2375
2026-07-21 17:27:15.255 [docker-java-stream--1207939506] DEBUG com.github.dockerjava.zerodep.shaded.org.apache.hc.client5.http.headers - http-outgoing-3 >> Connection: keep-alive
2026-07-21 17:27:15.255 [docker-java-stream--1207939506] DEBUG com.github.dockerjava.zerodep.shaded.org.apache.hc.client5.http.wire - http-outgoing-3 >> "GET /v1.44/containers/cc7d090e16659452ab50f06b4cc8840874f879a0720ea496999a84bca8cce13b/logs?stdout=true&stderr=true&follow=true&since=0 HTTP/1.1[\r][\n]"
2026-07-21 17:27:15.255 [docker-java-stream--1207939506] DEBUG com.github.dockerjava.zerodep.shaded.org.apache.hc.client5.http.wire - http-outgoing-3 >> "x-tc-sid: 0b1715c4-0202-4909-b4f0-da504615987a[\r][\n]"
2026-07-21 17:27:15.255 [docker-java-stream--1207939506] DEBUG com.github.dockerjava.zerodep.shaded.org.apache.hc.client5.http.wire - http-outgoing-3 >> "User-Agent: tc-java/2.0.5[\r][\n]"
2026-07-21 17:27:15.255 [docker-java-stream--1207939506] DEBUG com.github.dockerjava.zerodep.shaded.org.apache.hc.client5.http.wire - http-outgoing-3 >> "Accept-Encoding: gzip, x-gzip, deflate[\r][\n]"
2026-07-21 17:27:15.255 [docker-java-stream--1207939506] DEBUG com.github.dockerjava.zerodep.shaded.org.apache.hc.client5.http.wire - http-outgoing-3 >> "Host: localhost:2375[\r][\n]"
2026-07-21 17:27:15.255 [docker-java-stream--1207939506] DEBUG com.github.dockerjava.zerodep.shaded.org.apache.hc.client5.http.wire - http-outgoing-3 >> "Connection: keep-alive[\r][\n]"
2026-07-21 17:27:15.255 [docker-java-stream--1207939506] DEBUG com.github.dockerjava.zerodep.shaded.org.apache.hc.client5.http.wire - http-outgoing-3 >> "[\r][\n]"
2026-07-21 17:27:15.256 [docker-java-stream--1207939506] DEBUG com.github.dockerjava.zerodep.shaded.org.apache.hc.client5.http.wire - http-outgoing-3 << "HTTP/1.1 200 OK[\r][\n]"
2026-07-21 17:27:15.256 [docker-java-stream--1207939506] DEBUG com.github.dockerjava.zerodep.shaded.org.apache.hc.client5.http.wire - http-outgoing-3 << "Api-Version: 1.54[\r][\n]"
2026-07-21 17:27:15.256 [docker-java-stream--1207939506] DEBUG com.github.dockerjava.zerodep.shaded.org.apache.hc.client5.http.wire - http-outgoing-3 << "Content-Type: application/vnd.docker.multiplexed-stream[\r][\n]"
2026-07-21 17:27:15.256 [docker-java-stream--1207939506] DEBUG com.github.dockerjava.zerodep.shaded.org.apache.hc.client5.http.wire - http-outgoing-3 << "Date: Tue, 21 Jul 2026 14:27:15 GMT[\r][\n]"
2026-07-21 17:27:15.256 [docker-java-stream--1207939506] DEBUG com.github.dockerjava.zerodep.shaded.org.apache.hc.client5.http.wire - http-outgoing-3 << "Docker-Experimental: false[\r][\n]"
2026-07-21 17:27:15.256 [docker-java-stream--1207939506] DEBUG com.github.dockerjava.zerodep.shaded.org.apache.hc.client5.http.wire - http-outgoing-3 << "Ostype: linux[\r][\n]"
2026-07-21 17:27:15.256 [docker-java-stream--1207939506] DEBUG com.github.dockerjava.zerodep.shaded.org.apache.hc.client5.http.wire - http-outgoing-3 << "Server: Docker/29.5.3 (linux)[\r][\n]"
2026-07-21 17:27:15.256 [docker-java-stream--1207939506] DEBUG com.github.dockerjava.zerodep.shaded.org.apache.hc.client5.http.wire - http-outgoing-3 << "Transfer-Encoding: chunked[\r][\n]"
2026-07-21 17:27:15.256 [docker-java-stream--1207939506] DEBUG com.github.dockerjava.zerodep.shaded.org.apache.hc.client5.http.wire - http-outgoing-3 << "[\r][\n]"
2026-07-21 17:27:15.257 [docker-java-stream--1207939506] DEBUG com.github.dockerjava.zerodep.shaded.org.apache.hc.client5.http.headers - http-outgoing-3 << HTTP/1.1 200 OK
2026-07-21 17:27:15.257 [docker-java-stream--1207939506] DEBUG com.github.dockerjava.zerodep.shaded.org.apache.hc.client5.http.headers - http-outgoing-3 << Api-Version: 1.54
2026-07-21 17:27:15.257 [docker-java-stream--1207939506] DEBUG com.github.dockerjava.zerodep.shaded.org.apache.hc.client5.http.headers - http-outgoing-3 << Content-Type: application/vnd.docker.multiplexed-stream
2026-07-21 17:27:15.257 [docker-java-stream--1207939506] DEBUG com.github.dockerjava.zerodep.shaded.org.apache.hc.client5.http.headers - http-outgoing-3 << Date: Tue, 21 Jul 2026 14:27:15 GMT
2026-07-21 17:27:15.257 [docker-java-stream--1207939506] DEBUG com.github.dockerjava.zerodep.shaded.org.apache.hc.client5.http.headers - http-outgoing-3 << Docker-Experimental: false
2026-07-21 17:27:15.257 [docker-java-stream--1207939506] DEBUG com.github.dockerjava.zerodep.shaded.org.apache.hc.client5.http.headers - http-outgoing-3 << Ostype: linux
2026-07-21 17:27:15.257 [docker-java-stream--1207939506] DEBUG com.github.dockerjava.zerodep.shaded.org.apache.hc.client5.http.headers - http-outgoing-3 << Server: Docker/29.5.3 (linux)
2026-07-21 17:27:15.257 [docker-java-stream--1207939506] DEBUG com.github.dockerjava.zerodep.shaded.org.apache.hc.client5.http.headers - http-outgoing-3 << Transfer-Encoding: chunked
2026-07-21 17:27:15.257 [docker-java-stream--1207939506] DEBUG com.github.dockerjava.zerodep.shaded.org.apache.hc.client5.http.impl.classic.MainClientExec - ex-0000000037 connection can be kept alive for 3 MINUTES
2026-07-21 17:27:15.259 [docker-java-stream--1207939506] DEBUG com.github.dockerjava.zerodep.shaded.org.apache.hc.client5.http.wire - http-outgoing-3 << "201[\r][\n]"
2026-07-21 17:27:15.259 [docker-java-stream--1207939506] DEBUG com.github.dockerjava.zerodep.shaded.org.apache.hc.client5.http.wire - http-outgoing-3 << "[0x1][0x0][0x0][0x0][0x0][0x0][0x0]NThe files belonging to this database system will be owned by user "postgres".[\n]"
2026-07-21 17:27:15.259 [docker-java-stream--1207939506] DEBUG com.github.dockerjava.zerodep.shaded.org.apache.hc.client5.http.wire - http-outgoing-3 << "[0x1][0x0][0x0][0x0][0x0][0x0][0x0],This user must also own the server process.[\n]"
2026-07-21 17:27:15.259 [docker-java-stream--1207939506] DEBUG com.github.dockerjava.zerodep.shaded.org.apache.hc.client5.http.wire - http-outgoing-3 << "[0x1][0x0][0x0][0x0][0x0][0x0][0x0][0x1][\n]"
2026-07-21 17:27:15.259 [docker-java-stream--1207939506] DEBUG com.github.dockerjava.zerodep.shaded.org.apache.hc.client5.http.wire - http-outgoing-3 << "[0x1][0x0][0x0][0x0][0x0][0x0][0x0]CThe database cluster will be initialized with locale "en_US.utf8".[\n]"
2026-07-21 17:27:15.259 [docker-java-stream--1207939506] DEBUG com.github.dockerjava.zerodep.shaded.org.apache.hc.client5.http.wire - http-outgoing-3 << "[0x1][0x0][0x0][0x0][0x0][0x0][0x0]BThe default database encoding has accordingly been set to "UTF8".[\n]"
2026-07-21 17:27:15.259 [docker-java-stream--1207939506] DEBUG com.github.dockerjava.zerodep.shaded.org.apache.hc.client5.http.wire - http-outgoing-3 << "[0x1][0x0][0x0][0x0][0x0][0x0][0x0]@The default text search configuration will be set to "english".[\n]"
2026-07-21 17:27:15.259 [docker-java-stream--1207939506] DEBUG com.github.dockerjava.zerodep.shaded.org.apache.hc.client5.http.wire - http-outgoing-3 << "[0x1][0x0][0x0][0x0][0x0][0x0][0x0][0x1][\n]"
2026-07-21 17:27:15.259 [docker-java-stream--1207939506] DEBUG com.github.dockerjava.zerodep.shaded.org.apache.hc.client5.http.wire - http-outgoing-3 << "[0x1][0x0][0x0][0x0][0x0][0x0][0x0]!Data page checksums are enabled.[\n]"
2026-07-21 17:27:15.259 [docker-java-stream--1207939506] DEBUG com.github.dockerjava.zerodep.shaded.org.apache.hc.client5.http.wire - http-outgoing-3 << "[0x1][0x0][0x0][0x0][0x0][0x0][0x0][0x1][\n]"
[...]
2026-07-21 17:27:15.951 [main] TRACE org.springframework.context.annotation.ConfigurationClassEnhancer - Successfully enhanced dev.bublik.starter.autoconfigure.BublikAutoConfiguration; enhanced class name is: dev.bublik.starter.autoconfigure.BublikAutoConfiguration$$SpringCGLIB$$0
2026-07-21 17:27:15.951 [main] TRACE org.springframework.context.annotation.ConfigurationClassPostProcessor - Replacing bean definition 'dev.bublik.starter.autoconfigure.BublikAutoConfiguration' existing class 'dev.bublik.starter.autoconfigure.BublikAutoConfiguration' with enhanced class 'dev.bublik.starter.autoconfigure.BublikAutoConfiguration$$SpringCGLIB$$0'
2026-07-21 17:27:15.951 [main] DEBUG org.springframework.beans.factory.support.DefaultListableBeanFactory - Creating shared instance of singleton bean 'org.springframework.context.event.internalEventListenerProcessor'
2026-07-21 17:27:15.951 [main] TRACE org.springframework.beans.factory.support.DefaultListableBeanFactory - Creating instance of bean 'org.springframework.context.event.internalEventListenerProcessor'
2026-07-21 17:27:15.952 [main] TRACE org.springframework.beans.factory.support.DefaultListableBeanFactory - Finished creating instance of bean 'org.springframework.context.event.internalEventListenerProcessor'
2026-07-21 17:27:15.952 [main] DEBUG org.springframework.beans.factory.support.DefaultListableBeanFactory - Creating shared instance of singleton bean 'org.springframework.context.event.internalEventListenerFactory'
2026-07-21 17:27:15.952 [main] TRACE org.springframework.beans.factory.support.DefaultListableBeanFactory - Creating instance of bean 'org.springframework.context.event.internalEventListenerFactory'
2026-07-21 17:27:15.952 [main] TRACE org.springframework.beans.factory.support.DefaultListableBeanFactory - Finished creating instance of bean 'org.springframework.context.event.internalEventListenerFactory'
2026-07-21 17:27:15.953 [main] DEBUG org.springframework.beans.factory.support.DefaultListableBeanFactory - Creating shared instance of singleton bean 'org.springframework.context.annotation.internalAutowiredAnnotationProcessor'
2026-07-21 17:27:15.953 [main] TRACE org.springframework.beans.factory.support.DefaultListableBeanFactory - Creating instance of bean 'org.springframework.context.annotation.internalAutowiredAnnotationProcessor'
2026-07-21 17:27:15.954 [main] TRACE org.springframework.beans.factory.support.DefaultListableBeanFactory - Finished creating instance of bean 'org.springframework.context.annotation.internalAutowiredAnnotationProcessor'
2026-07-21 17:27:15.954 [main] DEBUG org.springframework.beans.factory.support.DefaultListableBeanFactory - Creating shared instance of singleton bean 'org.springframework.boot.context.properties.ConfigurationPropertiesBindingPostProcessor'
2026-07-21 17:27:15.954 [main] TRACE org.springframework.beans.factory.support.DefaultListableBeanFactory - Creating instance of bean 'org.springframework.boot.context.properties.ConfigurationPropertiesBindingPostProcessor'
2026-07-21 17:27:15.954 [main] TRACE org.springframework.beans.factory.support.DefaultListableBeanFactory - Invoking afterPropertiesSet() on bean with name 'org.springframework.boot.context.properties.ConfigurationPropertiesBindingPostProcessor'
2026-07-21 17:27:15.954 [main] DEBUG org.springframework.beans.factory.support.DefaultListableBeanFactory - Creating shared instance of singleton bean 'org.springframework.boot.context.internalConfigurationPropertiesBinder'
2026-07-21 17:27:15.954 [main] TRACE org.springframework.beans.factory.support.DefaultListableBeanFactory - Creating instance of bean 'org.springframework.boot.context.internalConfigurationPropertiesBinder'
2026-07-21 17:27:15.955 [main] TRACE org.springframework.beans.factory.support.DefaultListableBeanFactory - Finished creating instance of bean 'org.springframework.boot.context.internalConfigurationPropertiesBinder'
2026-07-21 17:27:15.955 [main] TRACE org.springframework.beans.factory.support.DefaultListableBeanFactory - Finished creating instance of bean 'org.springframework.boot.context.properties.ConfigurationPropertiesBindingPostProcessor'
2026-07-21 17:27:15.955 [main] TRACE org.springframework.context.annotation.AnnotationConfigApplicationContext - No 'messageSource' bean, using [Empty MessageSource]
2026-07-21 17:27:15.955 [main] TRACE org.springframework.context.annotation.AnnotationConfigApplicationContext - No 'applicationEventMulticaster' bean, using [SimpleApplicationEventMulticaster]
2026-07-21 17:27:15.955 [main] TRACE org.springframework.beans.factory.support.DefaultListableBeanFactory - Pre-instantiating singletons in org.springframework.beans.factory.support.DefaultListableBeanFactory@4e030feb: defining beans [org.springframework.context.annotation.internalConfigurationAnnotationProcessor,org.springframework.context.annotation.internalAutowiredAnnotationProcessor,org.springframework.context.event.internalEventListenerProcessor,org.springframework.context.event.internalEventListenerFactory,dev.bublik.starter.autoconfigure.BublikAutoConfiguration,automatedMigrationRunner,org.springframework.boot.context.properties.ConfigurationPropertiesBindingPostProcessor,org.springframework.boot.context.internalConfigurationPropertiesBinder,org.springframework.boot.context.properties.BoundConfigurationProperties,org.springframework.boot.context.properties.EnableConfigurationPropertiesRegistrar.methodValidationExcludeFilter,bublik-dev.bublik.starter.properties.BublikProperties]; root of factory hierarchy
2026-07-21 17:27:15.956 [main] TRACE org.springframework.beans.factory.support.DefaultListableBeanFactory - Returning cached instance of singleton bean 'org.springframework.context.annotation.internalConfigurationAnnotationProcessor'
2026-07-21 17:27:15.956 [main] TRACE org.springframework.beans.factory.support.DefaultListableBeanFactory - Returning cached instance of singleton bean 'org.springframework.context.annotation.internalAutowiredAnnotationProcessor'
2026-07-21 17:27:15.956 [main] TRACE org.springframework.beans.factory.support.DefaultListableBeanFactory - Returning cached instance of singleton bean 'org.springframework.context.event.internalEventListenerProcessor'
2026-07-21 17:27:15.956 [main] TRACE org.springframework.beans.factory.support.DefaultListableBeanFactory - Returning cached instance of singleton bean 'org.springframework.context.event.internalEventListenerFactory'
2026-07-21 17:27:15.956 [main] DEBUG org.springframework.beans.factory.support.DefaultListableBeanFactory - Creating shared instance of singleton bean 'dev.bublik.starter.autoconfigure.BublikAutoConfiguration'
2026-07-21 17:27:15.956 [main] TRACE org.springframework.beans.factory.support.DefaultListableBeanFactory - Creating instance of bean 'dev.bublik.starter.autoconfigure.BublikAutoConfiguration'
2026-07-21 17:27:15.957 [main] DEBUG org.springframework.beans.factory.support.DefaultListableBeanFactory - Creating shared instance of singleton bean 'bublik-dev.bublik.starter.properties.BublikProperties'
2026-07-21 17:27:15.957 [main] TRACE org.springframework.beans.factory.support.DefaultListableBeanFactory - Creating instance of bean 'bublik-dev.bublik.starter.properties.BublikProperties'
2026-07-21 17:27:15.957 [main] DEBUG org.springframework.beans.factory.support.DefaultListableBeanFactory - Creating shared instance of singleton bean 'org.springframework.boot.context.properties.BoundConfigurationProperties'
2026-07-21 17:27:15.957 [main] TRACE org.springframework.beans.factory.support.DefaultListableBeanFactory - Creating instance of bean 'org.springframework.boot.context.properties.BoundConfigurationProperties'
2026-07-21 17:27:15.958 [main] TRACE org.springframework.beans.factory.support.DefaultListableBeanFactory - Finished creating instance of bean 'org.springframework.boot.context.properties.BoundConfigurationProperties'
2026-07-21 17:27:15.962 [main] TRACE org.springframework.beans.factory.support.DefaultListableBeanFactory - Finished creating instance of bean 'bublik-dev.bublik.starter.properties.BublikProperties'
2026-07-21 17:27:15.962 [main] DEBUG org.springframework.beans.factory.support.DefaultListableBeanFactory - Autowiring by type from bean name 'dev.bublik.starter.autoconfigure.BublikAutoConfiguration' via constructor to bean named 'bublik-dev.bublik.starter.properties.BublikProperties'
2026-07-21 17:27:15.962 [main] TRACE org.springframework.beans.factory.support.DefaultListableBeanFactory - Finished creating instance of bean 'dev.bublik.starter.autoconfigure.BublikAutoConfiguration'
2026-07-21 17:27:15.962 [main] DEBUG org.springframework.beans.factory.support.DefaultListableBeanFactory - Creating shared instance of singleton bean 'automatedMigrationRunner'
2026-07-21 17:27:15.962 [main] TRACE org.springframework.beans.factory.support.DefaultListableBeanFactory - Creating instance of bean 'automatedMigrationRunner'
2026-07-21 17:27:15.962 [main] TRACE org.springframework.beans.factory.support.DefaultListableBeanFactory - Returning cached instance of singleton bean 'dev.bublik.starter.autoconfigure.BublikAutoConfiguration'
2026-07-21 17:27:15.962 [main] TRACE org.springframework.beans.factory.support.DefaultListableBeanFactory - Finished creating instance of bean 'automatedMigrationRunner'
2026-07-21 17:27:15.962 [main] TRACE org.springframework.beans.factory.support.DefaultListableBeanFactory - Returning cached instance of singleton bean 'org.springframework.boot.context.properties.ConfigurationPropertiesBindingPostProcessor'
2026-07-21 17:27:15.962 [main] TRACE org.springframework.beans.factory.support.DefaultListableBeanFactory - Returning cached instance of singleton bean 'org.springframework.boot.context.internalConfigurationPropertiesBinder'
2026-07-21 17:27:15.962 [main] TRACE org.springframework.beans.factory.support.DefaultListableBeanFactory - Returning cached instance of singleton bean 'org.springframework.boot.context.properties.BoundConfigurationProperties'
2026-07-21 17:27:15.962 [main] DEBUG org.springframework.beans.factory.support.DefaultListableBeanFactory - Creating shared instance of singleton bean 'org.springframework.boot.context.properties.EnableConfigurationPropertiesRegistrar.methodValidationExcludeFilter'
2026-07-21 17:27:15.962 [main] TRACE org.springframework.beans.factory.support.DefaultListableBeanFactory - Creating instance of bean 'org.springframework.boot.context.properties.EnableConfigurationPropertiesRegistrar.methodValidationExcludeFilter'
2026-07-21 17:27:15.963 [main] TRACE org.springframework.beans.factory.support.DefaultListableBeanFactory - Ignoring factory method [public static org.springframework.boot.validation.beanvalidation.MethodValidationExcludeFilter org.springframework.boot.validation.beanvalidation.MethodValidationExcludeFilter.byAnnotation(java.lang.Class,org.springframework.core.annotation.MergedAnnotations$SearchStrategy)] of bean 'org.springframework.boot.context.properties.EnableConfigurationPropertiesRegistrar.methodValidationExcludeFilter': org.springframework.beans.factory.UnsatisfiedDependencyException: Error creating bean with name 'org.springframework.boot.context.properties.EnableConfigurationPropertiesRegistrar.methodValidationExcludeFilter': Unsatisfied dependency expressed through method 'byAnnotation' parameter 1: Ambiguous argument values for parameter of type [org.springframework.core.annotation.MergedAnnotations$SearchStrategy] - did you specify the correct bean references as arguments?
2026-07-21 17:27:15.963 [main] TRACE org.springframework.beans.factory.support.DefaultListableBeanFactory - Finished creating instance of bean 'org.springframework.boot.context.properties.EnableConfigurationPropertiesRegistrar.methodValidationExcludeFilter'
2026-07-21 17:27:15.963 [main] TRACE org.springframework.beans.factory.support.DefaultListableBeanFactory - Returning cached instance of singleton bean 'bublik-dev.bublik.starter.properties.BublikProperties'
2026-07-21 17:27:15.963 [main] TRACE org.springframework.context.event.EventListenerMethodProcessor - No @EventListener annotations found on bean class: dev.bublik.starter.autoconfigure.BublikAutoConfiguration$$SpringCGLIB$$0
2026-07-21 17:27:15.963 [main] TRACE org.springframework.context.event.EventListenerMethodProcessor - No @EventListener annotations found on bean class: dev.bublik.starter.autoconfigure.BublikAutoConfiguration$$Lambda/0x0000100001639458
2026-07-21 17:27:15.963 [main] TRACE org.springframework.context.event.EventListenerMethodProcessor - No @EventListener annotations found on bean class: dev.bublik.starter.properties.BublikProperties
2026-07-21 17:27:15.963 [main] TRACE org.springframework.context.annotation.AnnotationConfigApplicationContext - No 'lifecycleProcessor' bean, using [DefaultLifecycleProcessor]
2026-07-21 17:27:15.963 [main] TRACE org.springframework.beans.factory.support.DefaultListableBeanFactory - Returning cached instance of singleton bean 'lifecycleProcessor'
2026-07-21 17:27:15.963 [main] TRACE org.springframework.beans.factory.support.DefaultListableBeanFactory - Returning cached instance of singleton bean 'automatedMigrationRunner'
2026-07-21 17:27:15.963 [main] TRACE org.springframework.beans.factory.support.DefaultListableBeanFactory - Returning cached instance of singleton bean 'automatedMigrationRunner'
[TEST] Manually invoking automatedMigrationRunner inside simulated context...
2026-07-21 17:27:15.963 [main] INFO  dev.bublik.starter.autoconfigure.BublikAutoConfiguration - [Bublik Starter] Initiating automated data migration process at startup...
2026-07-21 17:27:15.963 [main] INFO  dev.bublik.core.service.StorageService - Bublik starting...
2026-07-21 17:27:15.963 [main] INFO  dev.bublik.core.service.StorageService - VERSION : unknown
2026-07-21 17:27:15.963 [main] INFO  dev.bublik.core.service.StorageService - WORKSTATION: macbook-JP9THFRQM6
2026-07-21 17:27:15.963 [main] INFO  dev.bublik.core.service.StorageService - CPU: 12
2026-07-21 17:27:15.963 [main] INFO  dev.bublik.core.service.StorageService - THREADS: 2
2026-07-21 17:27:15.963 [main] INFO  dev.bublik.core.service.StorageService - SOURCE: jdbc:postgresql://localhost:50900/test?loggerLevel=OFF
2026-07-21 17:27:15.963 [main] INFO  dev.bublik.core.service.StorageService - SOURCE USERNAME: test
2026-07-21 17:27:15.964 [main] INFO  dev.bublik.core.service.StorageService - TARGET: jdbc:postgresql://localhost:50900/test?loggerLevel=OFF
2026-07-21 17:27:15.964 [main] INFO  dev.bublik.core.service.StorageService - TARGET USERNAME: test
2026-07-21 17:27:15.964 [main] INFO  dev.bublik.core.service.StorageService - Storage factory: dev.bublik.postgres.storage.PostgresStorageFactory
2026-07-21 17:27:15.964 [main] INFO  dev.bublik.core.service.StorageService - Storage factory: dev.bublik.oracle.storage.OracleStorageFactory
2026-07-21 17:27:15.964 [main] INFO  dev.bublik.core.service.StorageService - Storage factory: dev.bublik.cassandra.storage.CassandraStorageFactory
2026-07-21 17:27:15.964 [main] INFO  dev.bublik.core.service.StorageService - Storage factory: dev.bublik.mssql.storage.MSSQLStorageFactory
2026-07-21 17:27:15.964 [main] INFO  dev.bublik.core.service.StorageService - Storage factory: dev.bublik.ydb.storage.YDBStorageFactory
2026-07-21 17:27:15.964 [main] INFO  dev.bublik.core.service.StorageService - Storage class: dev.bublik.postgres.storage.PostgresStorage 
2026-07-21 17:27:15.972 [main] INFO  dev.bublik.core.service.StorageService - Storage class: dev.bublik.postgres.storage.PostgresStorage 
2026-07-21 17:27:15.982 [main] INFO  dev.bublik.postgres.storage.PostgresStorage - Chunk table public.bublik_chunks created successfully
2026-07-21 17:27:15.984 [main] DEBUG dev.bublik.postgres.storage.PostgresStorage - public.source_users 			 relpages : 0	 heap_blks_total : 1	 reltuples : -1	 rowsInChunk : 10000.0	 pagesInChunk : 1 
2026-07-21 17:27:15.986 [main] INFO  dev.bublik.postgres.storage.PostgresStorage - Chunk table public.bublik_chunks fulfilled successfully
2026-07-21 17:27:15.988 [main] INFO  dev.bublik.postgres.storage.PostgresStorage - Outbox table public.bublik_outbox created successfully
2026-07-21 17:27:15.988 [main] INFO  dev.bublik.core.storage.JDBCStorage - SOURCE version: 18
2026-07-21 17:27:16.004 [main] DEBUG dev.bublik.postgres.storage.PostgresStorage - Query of chunks for table public.source_users: select chunk_id, uuid, start_page, end_page, task_name, status from public.bublik_chunks where schema_name = ? and table_name = ? and task_name = ?  and status in ('ASSIGNED', 'UNASSIGNED', 'PROCESSED_WITH_ERROR')  limit 1000 
2026-07-21 17:27:16.006 [main] INFO  dev.bublik.postgres.storage.PostgresStorage - Fetch query: SELECT id, user_name FROM public.source_users   WHERE  ( 1 = 1 ) and  ctid >= concat('(', ? ,',1)')::tid and ctid < concat('(', ? ,',1)')::tid 
2026-07-21 17:27:16.014 [pool-4-thread-1] INFO  dev.bublik.core.model.Chunk - PostgreSQL COPY source_users -> target_users of 3 rows (start:0, end:1) chunk_id:1	 0.0 sec
2026-07-21 17:27:16.027 [main] DEBUG dev.bublik.postgres.storage.PostgresStorage - Query of chunks for table public.source_users: select chunk_id, uuid, start_page, end_page, task_name, status from public.bublik_chunks where schema_name = ? and table_name = ? and task_name = ?  and status in ('ASSIGNED', 'UNASSIGNED', 'PROCESSED_WITH_ERROR')  limit 1000 
2026-07-21 17:27:16.027 [main] INFO  dev.bublik.postgres.storage.PostgresStorage - Fetch query: SELECT id, user_name FROM public.source_users   WHERE  ( 1 = 1 ) and  ctid >= concat('(', ? ,',1)')::tid and ctid < concat('(', ? ,',1)')::tid 
2026-07-21 17:27:16.031 [main] INFO  dev.bublik.core.storage.JDBCStorage - All chunks are processed
2026-07-21 17:27:16.034 [main] INFO  dev.bublik.core.storage.JDBCStorage - HikariDataSource closed successfully.
2026-07-21 17:27:16.035 [main] INFO  dev.bublik.core.storage.JDBCStorage - Bublik-managed HikariDataSource successfully closed.
2026-07-21 17:27:16.035 [main] INFO  dev.bublik.core.storage.JDBCStorage - HikariDataSource closed successfully.
2026-07-21 17:27:16.035 [main] INFO  dev.bublik.core.storage.JDBCStorage - Bublik-managed HikariDataSource successfully closed.
2026-07-21 17:27:16.035 [main] INFO  dev.bublik.starter.autoconfigure.BublikAutoConfiguration - [Bublik Starter] Migration finished successfully in 72 ms.
[TEST] Spring Boot Context verified. Checking СУБД target table results...
[TEST] SUCCESS! Automated end-to-end starter migration verified.
2026-07-21 17:27:16.043 [main] DEBUG org.springframework.context.annotation.AnnotationConfigApplicationContext - Closing org.springframework.context.annotation.AnnotationConfigApplicationContext@e60c5a, started on Tue Jul 21 17:27:15 MSK 2026
2026-07-21 17:27:16.044 [main] TRACE org.springframework.beans.factory.support.DefaultListableBeanFactory - Returning cached instance of singleton bean 'lifecycleProcessor'
2026-07-21 17:27:16.044 [main] TRACE org.springframework.beans.factory.support.DefaultListableBeanFactory - Destroying singletons in org.springframework.beans.factory.support.DefaultListableBeanFactory@4e030feb: defining beans [org.springframework.context.annotation.internalConfigurationAnnotationProcessor,org.springframework.context.annotation.internalAutowiredAnnotationProcessor,org.springframework.context.event.internalEventListenerProcessor,org.springframework.context.event.internalEventListenerFactory,dev.bublik.starter.autoconfigure.BublikAutoConfiguration,automatedMigrationRunner,org.springframework.boot.context.properties.ConfigurationPropertiesBindingPostProcessor,org.springframework.boot.context.internalConfigurationPropertiesBinder,org.springframework.boot.context.properties.BoundConfigurationProperties,org.springframework.boot.context.properties.EnableConfigurationPropertiesRegistrar.methodValidationExcludeFilter,bublik-dev.bublik.starter.properties.BublikProperties]; root of factory hierarchy
]]></system-out>
  </testcase>
</testsuite>