<?xml version="1.0" encoding="UTF-8"?>
<testsuite xmlns:xsi="http://www.w3.org/2001/XMLSchema-instance" xsi:noNamespaceSchemaLocation="https://maven.apache.org/surefire/maven-surefire-plugin/xsd/surefire-test-report-3.0.xsd" version="3.0" name="dev.bublik.starter.autoconfigure.BublikStarterOracleToPostgresTest" time="12.141" tests="1" errors="0" skipped="0" failures="0">
  <properties>
[...]
</properties>
  <testcase name="shouldAutomaticallyMigrateDataFromOracleToPostgresOnStartup" classname="dev.bublik.starter.autoconfigure.BublikStarterOracleToPostgresTest" time="1.082">
    <system-out><![CDATA[2026-07-21 17:27:03.179 [main] DEBUG org.testcontainers.utility.TestcontainersConfiguration - Testcontainers configuration overrides will be loaded from file:/Users/d.rudik/.testcontainers.properties
2026-07-21 17:27:03.184 [main] INFO  org.testcontainers.images.PullPolicy - Image pull policy will be performed by: DefaultPullPolicy()
2026-07-21 17:27:03.185 [main] INFO  org.testcontainers.utility.ImageNameSubstitutor - Image name substitution will be performed by: DefaultImageNameSubstitutor (composite of 'ConfigurationFileImageNameSubstitutor' and 'PrefixingImageNameSubstitutor')
2026-07-21 17:27:03.196 [main] INFO  org.testcontainers.DockerClientFactory - Testcontainers version: 2.0.5
2026-07-21 17:27:03.296 [main] INFO  org.testcontainers.dockerclient.DockerClientProviderStrategy - Loaded org.testcontainers.dockerclient.UnixSocketClientProviderStrategy from ~/.testcontainers.properties, will try it first
2026-07-21 17:27:03.300 [main] DEBUG org.testcontainers.dockerclient.DockerClientProviderStrategy - Trying out strategy: UnixSocketClientProviderStrategy
2026-07-21 17:27:03.420 [main] DEBUG org.testcontainers.dockerclient.DockerClientProviderStrategy - Pinging Docker API version 1.44.
2026-07-21 17:27:03.441 [main] DEBUG org.testcontainers.shaded.com.github.dockerjava.core.command.AbstrDockerCmd - Cmd: 
2026-07-21 17:27:03.443 [main] TRACE org.testcontainers.shaded.com.github.dockerjava.core.exec.PingCmdExec - GET: DefaultWebTarget{path=[/_ping], queryParams={}}
2026-07-21 17:27:03.463 [main] DEBUG com.github.dockerjava.zerodep.shaded.org.apache.hc.client5.http.impl.classic.InternalHttpClient - ex-0000000001 preparing request execution
2026-07-21 17:27:03.466 [main] DEBUG com.github.dockerjava.zerodep.shaded.org.apache.hc.client5.http.impl.classic.ProtocolExec - ex-0000000001 target auth state: UNCHALLENGED
2026-07-21 17:27:03.467 [main] DEBUG com.github.dockerjava.zerodep.shaded.org.apache.hc.client5.http.impl.classic.ProtocolExec - ex-0000000001 proxy auth state: UNCHALLENGED
2026-07-21 17:27:03.467 [main] DEBUG com.github.dockerjava.zerodep.shaded.org.apache.hc.client5.http.impl.classic.ConnectExec - ex-0000000001 acquiring connection with route {}->[unix://localhost:2375]
2026-07-21 17:27:03.468 [main] DEBUG com.github.dockerjava.zerodep.shaded.org.apache.hc.client5.http.impl.classic.InternalHttpClient - ex-0000000001 acquiring endpoint (3 MINUTES)
2026-07-21 17:27:03.468 [main] DEBUG com.github.dockerjava.zerodep.shaded.org.apache.hc.client5.http.impl.io.PoolingHttpClientConnectionManager - ex-0000000001 endpoint lease request (3 MINUTES) [route: {}->[unix://localhost:2375]][total available: 0; route allocated: 0 of 2147483647; total allocated: 0 of 2147483647]
2026-07-21 17:27:03.470 [main] DEBUG com.github.dockerjava.zerodep.shaded.org.apache.hc.client5.http.impl.io.PoolingHttpClientConnectionManager - ex-0000000001 endpoint leased [route: {}->[unix://localhost:2375]][total available: 0; route allocated: 1 of 2147483647; total allocated: 1 of 2147483647]
2026-07-21 17:27:03.475 [main] DEBUG com.github.dockerjava.zerodep.shaded.org.apache.hc.client5.http.impl.io.PoolingHttpClientConnectionManager - ex-0000000001 acquired ep-0000000001
2026-07-21 17:27:03.475 [main] DEBUG com.github.dockerjava.zerodep.shaded.org.apache.hc.client5.http.impl.classic.InternalHttpClient - ex-0000000001 acquired endpoint ep-0000000001
2026-07-21 17:27:03.476 [main] DEBUG com.github.dockerjava.zerodep.shaded.org.apache.hc.client5.http.impl.classic.ConnectExec - ex-0000000001 opening connection {}->[unix://localhost:2375]
2026-07-21 17:27:03.477 [main] DEBUG com.github.dockerjava.zerodep.shaded.org.apache.hc.client5.http.impl.classic.InternalHttpClient - ep-0000000001 connecting endpoint (null)
2026-07-21 17:27:03.478 [main] DEBUG com.github.dockerjava.zerodep.shaded.org.apache.hc.client5.http.impl.io.PoolingHttpClientConnectionManager - ep-0000000001 connecting endpoint to unix://localhost:2375 (3 MINUTES)
2026-07-21 17:27:03.480 [main] DEBUG com.github.dockerjava.zerodep.shaded.org.apache.hc.client5.http.impl.io.DefaultHttpClientConnectionOperator - unix://localhost:2375 connecting null->localhost/127.0.0.1:2375 (3 MINUTES)
2026-07-21 17:27:03.483 [main] DEBUG com.github.dockerjava.zerodep.shaded.org.apache.hc.client5.http.impl.io.DefaultHttpClientConnectionOperator - http-outgoing-0 unix://localhost:2375 connected /var/run/docker.sock->/var/run/docker.sock
2026-07-21 17:27:03.483 [main] DEBUG com.github.dockerjava.zerodep.shaded.org.apache.hc.client5.http.impl.io.PoolingHttpClientConnectionManager - ep-0000000001 connected http-outgoing-0
2026-07-21 17:27:03.483 [main] DEBUG com.github.dockerjava.zerodep.shaded.org.apache.hc.client5.http.impl.classic.InternalHttpClient - ep-0000000001 endpoint connected
2026-07-21 17:27:03.483 [main] DEBUG com.github.dockerjava.zerodep.shaded.org.apache.hc.client5.http.impl.classic.MainClientExec - ex-0000000001 executing GET /v1.44/_ping
2026-07-21 17:27:03.483 [main] DEBUG com.github.dockerjava.zerodep.shaded.org.apache.hc.client5.http.protocol.RequestAddCookies - ex-0000000001 Cookie spec selected: strict
2026-07-21 17:27:03.486 [main] DEBUG com.github.dockerjava.zerodep.shaded.org.apache.hc.client5.http.impl.classic.InternalHttpClient - ep-0000000001 start execution ex-0000000001
2026-07-21 17:27:03.487 [main] DEBUG com.github.dockerjava.zerodep.shaded.org.apache.hc.client5.http.impl.io.PoolingHttpClientConnectionManager - ep-0000000001 executing exchange ex-0000000001 over http-outgoing-0
2026-07-21 17:27:03.487 [main] DEBUG com.github.dockerjava.zerodep.shaded.org.apache.hc.client5.http.headers - http-outgoing-0 >> GET /v1.44/_ping HTTP/1.1
2026-07-21 17:27:03.488 [main] DEBUG com.github.dockerjava.zerodep.shaded.org.apache.hc.client5.http.headers - http-outgoing-0 >> x-tc-sid: 0b1715c4-0202-4909-b4f0-da504615987a
2026-07-21 17:27:03.488 [main] DEBUG com.github.dockerjava.zerodep.shaded.org.apache.hc.client5.http.headers - http-outgoing-0 >> User-Agent: tc-java/2.0.5
2026-07-21 17:27:03.488 [main] DEBUG com.github.dockerjava.zerodep.shaded.org.apache.hc.client5.http.headers - http-outgoing-0 >> Accept-Encoding: gzip, x-gzip, deflate
2026-07-21 17:27:03.488 [main] DEBUG com.github.dockerjava.zerodep.shaded.org.apache.hc.client5.http.headers - http-outgoing-0 >> Host: localhost:2375
2026-07-21 17:27:03.488 [main] DEBUG com.github.dockerjava.zerodep.shaded.org.apache.hc.client5.http.headers - http-outgoing-0 >> Connection: keep-alive
2026-07-21 17:27:03.488 [main] DEBUG com.github.dockerjava.zerodep.shaded.org.apache.hc.client5.http.wire - http-outgoing-0 >> "GET /v1.44/_ping HTTP/1.1[\r][\n]"
2026-07-21 17:27:03.488 [main] DEBUG com.github.dockerjava.zerodep.shaded.org.apache.hc.client5.http.wire - http-outgoing-0 >> "x-tc-sid: 0b1715c4-0202-4909-b4f0-da504615987a[\r][\n]"
2026-07-21 17:27:03.488 [main] DEBUG com.github.dockerjava.zerodep.shaded.org.apache.hc.client5.http.wire - http-outgoing-0 >> "User-Agent: tc-java/2.0.5[\r][\n]"
2026-07-21 17:27:03.488 [main] DEBUG com.github.dockerjava.zerodep.shaded.org.apache.hc.client5.http.wire - http-outgoing-0 >> "Accept-Encoding: gzip, x-gzip, deflate[\r][\n]"
2026-07-21 17:27:03.488 [main] DEBUG com.github.dockerjava.zerodep.shaded.org.apache.hc.client5.http.wire - http-outgoing-0 >> "Host: localhost:2375[\r][\n]"
2026-07-21 17:27:03.489 [main] DEBUG com.github.dockerjava.zerodep.shaded.org.apache.hc.client5.http.wire - http-outgoing-0 >> "Connection: keep-alive[\r][\n]"
2026-07-21 17:27:03.489 [main] DEBUG com.github.dockerjava.zerodep.shaded.org.apache.hc.client5.http.wire - http-outgoing-0 >> "[\r][\n]"
2026-07-21 17:27:03.492 [main] DEBUG com.github.dockerjava.zerodep.shaded.org.apache.hc.client5.http.wire - http-outgoing-0 << "HTTP/1.1 200 OK[\r][\n]"
2026-07-21 17:27:03.492 [main] DEBUG com.github.dockerjava.zerodep.shaded.org.apache.hc.client5.http.wire - http-outgoing-0 << "Api-Version: 1.54[\r][\n]"
2026-07-21 17:27:03.492 [main] DEBUG com.github.dockerjava.zerodep.shaded.org.apache.hc.client5.http.wire - http-outgoing-0 << "Builder-Version: 2[\r][\n]"
2026-07-21 17:27:03.492 [main] DEBUG com.github.dockerjava.zerodep.shaded.org.apache.hc.client5.http.wire - http-outgoing-0 << "Cache-Control: no-cache, no-store, must-revalidate[\r][\n]"
2026-07-21 17:27:03.492 [main] DEBUG com.github.dockerjava.zerodep.shaded.org.apache.hc.client5.http.wire - http-outgoing-0 << "Content-Type: text/plain; charset=utf-8[\r][\n]"
2026-07-21 17:27:03.492 [main] DEBUG com.github.dockerjava.zerodep.shaded.org.apache.hc.client5.http.wire - http-outgoing-0 << "Date: Tue, 21 Jul 2026 14:27:03 GMT[\r][\n]"
2026-07-21 17:27:03.492 [main] DEBUG com.github.dockerjava.zerodep.shaded.org.apache.hc.client5.http.wire - http-outgoing-0 << "Docker-Experimental: false[\r][\n]"
2026-07-21 17:27:03.493 [main] DEBUG com.github.dockerjava.zerodep.shaded.org.apache.hc.client5.http.wire - http-outgoing-0 << "Ostype: linux[\r][\n]"
2026-07-21 17:27:03.493 [main] DEBUG com.github.dockerjava.zerodep.shaded.org.apache.hc.client5.http.wire - http-outgoing-0 << "Pragma: no-cache[\r][\n]"
2026-07-21 17:27:03.493 [main] DEBUG com.github.dockerjava.zerodep.shaded.org.apache.hc.client5.http.wire - http-outgoing-0 << "Server: Docker/29.5.3 (linux)[\r][\n]"
2026-07-21 17:27:03.493 [main] DEBUG com.github.dockerjava.zerodep.shaded.org.apache.hc.client5.http.wire - http-outgoing-0 << "Swarm: inactive[\r][\n]"
2026-07-21 17:27:03.493 [main] DEBUG com.github.dockerjava.zerodep.shaded.org.apache.hc.client5.http.wire - http-outgoing-0 << "Transfer-Encoding: chunked[\r][\n]"
2026-07-21 17:27:03.493 [main] DEBUG com.github.dockerjava.zerodep.shaded.org.apache.hc.client5.http.wire - http-outgoing-0 << "[\r][\n]"
2026-07-21 17:27:03.495 [main] DEBUG com.github.dockerjava.zerodep.shaded.org.apache.hc.client5.http.headers - http-outgoing-0 << HTTP/1.1 200 OK
2026-07-21 17:27:03.495 [main] DEBUG com.github.dockerjava.zerodep.shaded.org.apache.hc.client5.http.headers - http-outgoing-0 << Api-Version: 1.54
2026-07-21 17:27:03.495 [main] DEBUG com.github.dockerjava.zerodep.shaded.org.apache.hc.client5.http.headers - http-outgoing-0 << Builder-Version: 2
2026-07-21 17:27:03.495 [main] DEBUG com.github.dockerjava.zerodep.shaded.org.apache.hc.client5.http.headers - http-outgoing-0 << Cache-Control: no-cache, no-store, must-revalidate
2026-07-21 17:27:03.495 [main] DEBUG com.github.dockerjava.zerodep.shaded.org.apache.hc.client5.http.headers - http-outgoing-0 << Content-Type: text/plain; charset=utf-8
2026-07-21 17:27:03.495 [main] DEBUG com.github.dockerjava.zerodep.shaded.org.apache.hc.client5.http.headers - http-outgoing-0 << Date: Tue, 21 Jul 2026 14:27:03 GMT
2026-07-21 17:27:03.495 [main] DEBUG com.github.dockerjava.zerodep.shaded.org.apache.hc.client5.http.headers - http-outgoing-0 << Docker-Experimental: false
2026-07-21 17:27:03.495 [main] DEBUG com.github.dockerjava.zerodep.shaded.org.apache.hc.client5.http.headers - http-outgoing-0 << Ostype: linux
2026-07-21 17:27:03.495 [main] DEBUG com.github.dockerjava.zerodep.shaded.org.apache.hc.client5.http.headers - http-outgoing-0 << Pragma: no-cache
2026-07-21 17:27:03.495 [main] DEBUG com.github.dockerjava.zerodep.shaded.org.apache.hc.client5.http.headers - http-outgoing-0 << Server: Docker/29.5.3 (linux)
2026-07-21 17:27:03.495 [main] DEBUG com.github.dockerjava.zerodep.shaded.org.apache.hc.client5.http.headers - http-outgoing-0 << Swarm: inactive
2026-07-21 17:27:03.495 [main] DEBUG com.github.dockerjava.zerodep.shaded.org.apache.hc.client5.http.headers - http-outgoing-0 << Transfer-Encoding: chunked
2026-07-21 17:27:03.497 [main] DEBUG com.github.dockerjava.zerodep.shaded.org.apache.hc.client5.http.impl.classic.MainClientExec - ex-0000000001 connection can be kept alive for 3 MINUTES
2026-07-21 17:27:03.498 [main] DEBUG com.github.dockerjava.zerodep.shaded.org.apache.hc.client5.http.wire - http-outgoing-0 << "2[\r][\n]"
2026-07-21 17:27:03.499 [main] DEBUG com.github.dockerjava.zerodep.shaded.org.apache.hc.client5.http.wire - http-outgoing-0 << "OK[\r][\n]"
2026-07-21 17:27:03.499 [main] DEBUG com.github.dockerjava.zerodep.shaded.org.apache.hc.client5.http.wire - http-outgoing-0 << "0[\r][\n]"
2026-07-21 17:27:03.499 [main] DEBUG com.github.dockerjava.zerodep.shaded.org.apache.hc.client5.http.wire - http-outgoing-0 << "[\r][\n]"
2026-07-21 17:27:03.499 [main] DEBUG com.github.dockerjava.zerodep.shaded.org.apache.hc.client5.http.impl.classic.InternalHttpClient - ep-0000000001 releasing valid endpoint
2026-07-21 17:27:03.499 [main] DEBUG com.github.dockerjava.zerodep.shaded.org.apache.hc.client5.http.impl.io.PoolingHttpClientConnectionManager - ep-0000000001 releasing endpoint
2026-07-21 17:27:03.499 [main] DEBUG com.github.dockerjava.zerodep.shaded.org.apache.hc.client5.http.impl.io.PoolingHttpClientConnectionManager - ep-0000000001 connection http-outgoing-0 can be kept alive for 3 MINUTES
2026-07-21 17:27:03.500 [main] DEBUG com.github.dockerjava.zerodep.shaded.org.apache.hc.client5.http.impl.io.PoolingHttpClientConnectionManager - ep-0000000001 connection released [route: {}->[unix://localhost:2375]][total available: 1; route allocated: 1 of 2147483647; total allocated: 1 of 2147483647]
2026-07-21 17:27:03.500 [main] DEBUG org.testcontainers.shaded.com.github.dockerjava.core.command.AbstrDockerCmd - Cmd: 
2026-07-21 17:27:03.501 [main] DEBUG com.github.dockerjava.zerodep.shaded.org.apache.hc.client5.http.impl.classic.InternalHttpClient - ex-0000000002 preparing request execution
2026-07-21 17:27:03.501 [main] DEBUG com.github.dockerjava.zerodep.shaded.org.apache.hc.client5.http.impl.classic.ProtocolExec - ex-0000000002 target auth state: UNCHALLENGED
2026-07-21 17:27:03.501 [main] DEBUG com.github.dockerjava.zerodep.shaded.org.apache.hc.client5.http.impl.classic.ProtocolExec - ex-0000000002 proxy auth state: UNCHALLENGED
2026-07-21 17:27:03.501 [main] DEBUG com.github.dockerjava.zerodep.shaded.org.apache.hc.client5.http.impl.classic.ConnectExec - ex-0000000002 acquiring connection with route {}->[unix://localhost:2375]
2026-07-21 17:27:03.501 [main] DEBUG com.github.dockerjava.zerodep.shaded.org.apache.hc.client5.http.impl.classic.InternalHttpClient - ex-0000000002 acquiring endpoint (3 MINUTES)
2026-07-21 17:27:03.501 [main] DEBUG com.github.dockerjava.zerodep.shaded.org.apache.hc.client5.http.impl.io.PoolingHttpClientConnectionManager - ex-0000000002 endpoint lease request (3 MINUTES) [route: {}->[unix://localhost:2375]][total available: 1; route allocated: 1 of 2147483647; total allocated: 1 of 2147483647]
2026-07-21 17:27:03.501 [main] DEBUG com.github.dockerjava.zerodep.shaded.org.apache.hc.client5.http.impl.io.PoolingHttpClientConnectionManager - ex-0000000002 endpoint leased [route: {}->[unix://localhost:2375]][total available: 0; route allocated: 1 of 2147483647; total allocated: 1 of 2147483647]
2026-07-21 17:27:03.502 [main] DEBUG com.github.dockerjava.zerodep.shaded.org.apache.hc.client5.http.impl.io.PoolingHttpClientConnectionManager - ex-0000000002 acquired ep-0000000002
2026-07-21 17:27:03.502 [main] DEBUG com.github.dockerjava.zerodep.shaded.org.apache.hc.client5.http.impl.classic.InternalHttpClient - ex-0000000002 acquired endpoint ep-0000000002
2026-07-21 17:27:03.502 [main] DEBUG com.github.dockerjava.zerodep.shaded.org.apache.hc.client5.http.impl.classic.MainClientExec - ex-0000000002 executing GET /v1.44/info
2026-07-21 17:27:03.502 [main] DEBUG com.github.dockerjava.zerodep.shaded.org.apache.hc.client5.http.protocol.RequestAddCookies - ex-0000000002 Cookie spec selected: strict
2026-07-21 17:27:03.502 [main] DEBUG com.github.dockerjava.zerodep.shaded.org.apache.hc.client5.http.impl.classic.InternalHttpClient - ep-0000000002 start execution ex-0000000002
2026-07-21 17:27:03.502 [main] DEBUG com.github.dockerjava.zerodep.shaded.org.apache.hc.client5.http.impl.io.PoolingHttpClientConnectionManager - ep-0000000002 executing exchange ex-0000000002 over http-outgoing-0
2026-07-21 17:27:03.502 [main] DEBUG com.github.dockerjava.zerodep.shaded.org.apache.hc.client5.http.headers - http-outgoing-0 >> GET /v1.44/info HTTP/1.1
2026-07-21 17:27:03.502 [main] DEBUG com.github.dockerjava.zerodep.shaded.org.apache.hc.client5.http.headers - http-outgoing-0 >> x-tc-sid: 0b1715c4-0202-4909-b4f0-da504615987a
2026-07-21 17:27:03.502 [main] DEBUG com.github.dockerjava.zerodep.shaded.org.apache.hc.client5.http.headers - http-outgoing-0 >> User-Agent: tc-java/2.0.5
2026-07-21 17:27:03.502 [main] DEBUG com.github.dockerjava.zerodep.shaded.org.apache.hc.client5.http.headers - http-outgoing-0 >> Accept-Encoding: gzip, x-gzip, deflate
2026-07-21 17:27:03.502 [main] DEBUG com.github.dockerjava.zerodep.shaded.org.apache.hc.client5.http.headers - http-outgoing-0 >> Host: localhost:2375
2026-07-21 17:27:03.503 [main] DEBUG com.github.dockerjava.zerodep.shaded.org.apache.hc.client5.http.headers - http-outgoing-0 >> Connection: keep-alive
2026-07-21 17:27:03.503 [main] DEBUG com.github.dockerjava.zerodep.shaded.org.apache.hc.client5.http.wire - http-outgoing-0 >> "GET /v1.44/info HTTP/1.1[\r][\n]"
2026-07-21 17:27:03.503 [main] DEBUG com.github.dockerjava.zerodep.shaded.org.apache.hc.client5.http.wire - http-outgoing-0 >> "x-tc-sid: 0b1715c4-0202-4909-b4f0-da504615987a[\r][\n]"
2026-07-21 17:27:03.503 [main] DEBUG com.github.dockerjava.zerodep.shaded.org.apache.hc.client5.http.wire - http-outgoing-0 >> "User-Agent: tc-java/2.0.5[\r][\n]"
2026-07-21 17:27:03.503 [main] DEBUG com.github.dockerjava.zerodep.shaded.org.apache.hc.client5.http.wire - http-outgoing-0 >> "Accept-Encoding: gzip, x-gzip, deflate[\r][\n]"
2026-07-21 17:27:03.503 [main] DEBUG com.github.dockerjava.zerodep.shaded.org.apache.hc.client5.http.wire - http-outgoing-0 >> "Host: localhost:2375[\r][\n]"
2026-07-21 17:27:03.503 [main] DEBUG com.github.dockerjava.zerodep.shaded.org.apache.hc.client5.http.wire - http-outgoing-0 >> "Connection: keep-alive[\r][\n]"
2026-07-21 17:27:03.503 [main] DEBUG com.github.dockerjava.zerodep.shaded.org.apache.hc.client5.http.wire - http-outgoing-0 >> "[\r][\n]"
2026-07-21 17:27:03.515 [main] DEBUG com.github.dockerjava.zerodep.shaded.org.apache.hc.client5.http.wire - http-outgoing-0 << "HTTP/1.1 200 OK[\r][\n]"
2026-07-21 17:27:03.515 [main] DEBUG com.github.dockerjava.zerodep.shaded.org.apache.hc.client5.http.wire - http-outgoing-0 << "Api-Version: 1.54[\r][\n]"
2026-07-21 17:27:03.515 [main] DEBUG com.github.dockerjava.zerodep.shaded.org.apache.hc.client5.http.wire - http-outgoing-0 << "Content-Type: application/json[\r][\n]"
2026-07-21 17:27:03.515 [main] DEBUG com.github.dockerjava.zerodep.shaded.org.apache.hc.client5.http.wire - http-outgoing-0 << "Date: Tue, 21 Jul 2026 14:27:03 GMT[\r][\n]"
2026-07-21 17:27:03.515 [main] DEBUG com.github.dockerjava.zerodep.shaded.org.apache.hc.client5.http.wire - http-outgoing-0 << "Docker-Experimental: false[\r][\n]"
2026-07-21 17:27:03.515 [main] DEBUG com.github.dockerjava.zerodep.shaded.org.apache.hc.client5.http.wire - http-outgoing-0 << "Ostype: linux[\r][\n]"
2026-07-21 17:27:03.515 [main] DEBUG com.github.dockerjava.zerodep.shaded.org.apache.hc.client5.http.wire - http-outgoing-0 << "Server: Docker/29.5.3 (linux)[\r][\n]"
2026-07-21 17:27:03.515 [main] DEBUG com.github.dockerjava.zerodep.shaded.org.apache.hc.client5.http.wire - http-outgoing-0 << "Transfer-Encoding: chunked[\r][\n]"
2026-07-21 17:27:03.515 [main] DEBUG com.github.dockerjava.zerodep.shaded.org.apache.hc.client5.http.wire - http-outgoing-0 << "[\r][\n]"
2026-07-21 17:27:03.515 [main] DEBUG com.github.dockerjava.zerodep.shaded.org.apache.hc.client5.http.wire - http-outgoing-0 << "233d[\r][\n]"
2026-07-21 17:27:03.516 [main] DEBUG com.github.dockerjava.zerodep.shaded.org.apache.hc.client5.http.wire - http-outgoing-0 << "{"ID":"7e090a97-74d1-416d-9d58-47e93d86c215","Containers":3,"ContainersRunning":2,"ContainersPaused":0,"ContainersStopped":1,"Images":77,"Driver":"overlay2","DriverStatus":[["Backing Filesystem","extfs"],["Supports d_type","true"],["Using metacopy","false"],["Native Overlay Diff","true"],["userxattr","false"]],"Plugins":{"Volume":["local"],"Network":["bridge","host","ipvlan","macvlan","null","overlay"],"Authorization":null,"Log":["awslogs","fluentd","gcplogs","gelf","journald","json-file","local","splunk","syslog"]},"MemoryLimit":true,"SwapLimit":true,"CpuCfsPeriod":true,"CpuCfsQuota":true,"CPUShares":true,"CPUSet":true,"PidsLimit":true,"IPv4Forwarding":true,"Debug":false,"NFd":76,"OomKillDisable":false,"NGoroutines":116,"SystemTime":"2026-07-21T14:27:03.505977552Z","LoggingDriver":"json-file","CgroupDriver":"cgroupfs","CgroupVersion":"2","NEventsListener":15,"KernelVersion":"6.12.76-linuxkit","OperatingSystem":"Docker Desktop","OSVersion":"","OSType":"linux","Architecture":"aarch64","IndexServerAddress":"https://index.docker.io/v1/","RegistryConfig":{"InsecureRegistryCIDRs":["::1/128","127.0.0.0/8"],"IndexConfigs":{"docker.io":{"Name":"docker.io","Mirrors":[],"Secure":true,"Official":true},"hubproxy.docker.internal:5555":{"Name":"hubproxy.docker.internal:5555","Mirrors":[],"Secure":false,"Official":false}},"Mirrors":[]},"NCPU":12,"MemTotal":20941840384,"GenericResources":null,"DockerRootDir":"/var/lib/docker","HttpProxy":"http.docker.internal:3128","HttpsProxy":"http.docker.internal:3128","NoProxy":"hubproxy.docker.internal","Name":"docker-desktop","Labels":["com.docker.desktop.address=unix:///Users/d.rudik/Library/Containers/com.docker.docker/Data/docker-cli.sock"],"ExperimentalBuild":false,"ServerVersion":"29.5.3","Runtimes":{"io.containerd.runc.v2":{"path":"runc","status":{"org.opencontainers.runtime-spec.features":"{\"ociVersionMin\":\"1.0.0\",\"ociVersionMax\":\"1.2.1\",\"hooks\":[\"prestart\",\"createRuntime\",\"createContainer\",\"startContainer\",\"poststart\",\"poststop\"],\"mountOptions\":[\"async\",\"atime\",\"bind\",\"defaults\",\"dev\",\"diratime\",\"dirsync\",\"exec\",\"iversion\",\"lazytime\",\"loud\",\"mand\",\"noatime\",\"nodev\",\"nodiratime\",\"noexec\",\"noiversion\",\"nolazytime\",\"nomand\",\"norelatime\",\"nostrictatime\",\"nosuid\",\"nosymfollow\",\"private\",\"ratime\",\"rbind\",\"rdev\",\"rdiratime\",\"relatime\",\"remount\",\"rexec\",\"rnoatime\",\"rnodev\",\"rnodiratime\",\"rnoexec\",\"rnorelatime\",\"rnostrictatime\",\"rnosuid\",\"rnosymfollow\",\"ro\",\"rprivate\",\"rrelatime\",\"rro\",\"rrw\",\"rshared\",\"rslave\",\"rstrictatime\",\"rsuid\",\"rsymfollow\",\"runbindable\",\"rw\",\"shared\",\"silent\",\"slave\",\"strictatime\",\"suid\",\"symfollow\",\"sync\",\"tmpcopyup\",\"unbindable\"],\"linux\":{\"namespaces\":[\"cgroup\",\"ipc\",\"mount\",\"network\",\"pid\",\"time\",\"user\",\"uts\"],\"capabilities\":[\"CAP_CHOWN\",\"CAP_DAC_OVERRIDE\",\"CAP_DAC_READ_SEARCH\",\"CAP_FOWNER\",\"CAP_FSETID\",\"CAP_KILL\",\"CAP_SETGID\",\"CAP_SETUID\",\"CAP_SETPCAP\",\"CAP_LINUX_IMMUTABLE\",\"CAP_NET_BIND_SERVICE\",\"CAP_NET_BROADCAST\",\"CAP_NET_ADMIN\",\"CAP_NET_RAW\",\"CAP_IPC_LOCK\",\"CAP_IPC_OWNER\",\"CAP_SYS_MODULE\",\"CAP_SYS_RAWIO\",\"CAP_SYS_CHROOT\",\"CAP_SYS_PTRACE\",\"CAP_SYS_PACCT\",\"CAP_SYS_ADMIN\",\"CAP_SYS_BOOT\",\"CAP_SYS_NICE\",\"CAP_SYS_RESOURCE\",\"CAP_SYS_TIME\",\"CAP_SYS_TTY_CONFIG\",\"CAP_MKNOD\",\"CAP_LEASE\",\"CAP_AUDIT_WRITE\",\"CAP_AUDIT_CONTROL\",\"CAP_SETFCAP\",\"CAP_MAC_OVERRIDE\",\"CAP_MAC_ADMIN\",\"CAP_SYSLOG\",\"CAP_WAKE_ALARM\",\"CAP_BLOCK_SUSPEND\",\"CAP_AUDIT_READ\",\"CAP_PERFMON\",\"CAP_BPF\",\"CAP_CHECKPOINT_RESTORE\"],\"cgroup\":{\"v1\":true,\"v2\":true,\"systemd\":true,\"systemdUser\":true,\"rdma\":true},\"seccomp\":{\"enabled\":true,\"actions\":[\"SCMP_ACT_ALLOW\",\"SCMP_ACT_ERRNO\",\"SCMP_ACT_KILL\",\"SCMP_ACT_KILL_PROCESS\",\"SCMP_ACT_KILL_THREAD\",\"SCMP_ACT_LOG\",\"SCMP_ACT_NOTIFY\",\"SCMP_ACT_TRACE\",\"SCMP_ACT_TRAP\"],\"operators\":[\"SCMP_CMP_EQ\",\"SCMP_CMP_GE\",\"SCMP_CMP_GT\",\"SCMP_CMP_LE\",\"SCMP_CMP_LT\",\"SCMP_CMP_MASKED_EQ\",\"SCMP_CMP_NE\"],\"archs\":[\"SCMP_ARCH_AARCH64\",\"SCMP_ARCH_ARM\",\"SCMP_ARCH_MIPS\",\"SCMP_ARCH_MIPS64\",\"SCMP_ARCH_MIPS64N32\",\"SCMP_ARCH_MIPSEL\",\"SCMP_ARCH_MIPSEL64\",\"SCMP_ARCH_MIPSEL64N32\",\"SCMP_ARCH_PPC\",\"SCMP_ARCH_PPC64\",\"SCMP_ARCH_PPC64LE\",\"SCMP_ARCH_RISCV64\",\"SCMP_ARCH_S390\",\"SCMP_ARCH_S390X\",\"SCMP_ARCH_X32\",\"SCMP_ARCH_X86\",\"SCMP_ARCH_X86_64\"],\"knownFlags\":[\"SECCOMP_FILTER_FLAG_TSYNC\",\"SECCOMP_FILTER_FLAG_SPEC_ALLOW\",\"SECCOMP_FILTER_FLAG_LOG\"],\"supportedFlags\":[\"SECCOMP_FILTER_FLAG_TSYNC\",\"SECCOMP_FILTER_FLAG_SPEC_ALLOW\",\"SECCOMP_FILTER_FLAG_LOG\"]},\"apparmor\":{\"enabled\":true},\"selinux\":{\"enabled\":true},\"intelRdt\":{\"enabled\":true},\"mountExtensions\":{\"idmap\":{\"enabled\":true}}},\"annotations\":{\"io.github.seccomp.libseccomp.version\":\"2.5.4\",\"org.opencontainers.runc.checkpoint.enabled\":\"true\",\"org.opencontainers.runc.commit\":\"v1.3.5-0-g488fc13e\",\"org.opencontainers.runc.version\":\"1.3.5\\n\"},\"potentiallyUnsafeConfigAnnotations\":[\"bundle\",\"org.systemd.property.\",\"org.criu.config\"]}"}},"runc":{"path":"runc","status":{"org.opencontainers.runtime-spec.features":"{\"ociVersionMin\":\"1.0.0\",\"ociVersionMax\":\"1.2.1\",\"hooks\":[\"prestart\",\"createRuntime\",\"createContainer\",\"startContainer\",\"poststart\",\"poststop\"],\"mountOptions\":[\"async\",\"atime\",\"bind\",\"defaults\",\"dev\",\"diratime\",\"dirsync\",\"exec\",\"iversion\",\"lazytime\",\"loud\",\"mand\",\"noatime\",\"nodev\",\"nodiratime\",\"noexec\",\"noiversion\",\"nolazytime\",\"nomand\",\"norelatime\",\"nostrictatime\",\"nosuid\",\"nosymfollow\",\"private\",\"ratime\",\"rbind\",\"rdev\",\"rdiratime\",\"relatime\",\"remount\",\"rexec\",\"rnoatime\",\"rnodev\",\"rnodiratime\",\"rnoexec\",\"rnorelatime\",\"rnostrictatime\",\"rnosuid\",\"rnosymfollow\",\"ro\",\"rprivate\",\"rrelatime\",\"rro\",\"rrw\",\"rshared\",\"rslave\",\"rstrictatime\",\"rsuid\",\"rsymfollow\",\"runbindable\",\"rw\",\"shared\",\"silent\",\"slave\",\"strictatime\",\"suid\",\"symfollow\",\"sync\",\"tmpcopyup\",\"unbindable\"],\"linux\":{\"namespaces\":[\"cgroup\",\"ipc\",\"mount\",\"network\",\"pid\",\"time\",\"user\",\"uts\"],\"capabilities\":[\"CAP_CHOWN\",\"CAP_DAC_OVERRIDE\",\"CAP_DAC_READ_SEARCH\",\"CAP_FOWNER\",\"CAP_FSETID\",\"CAP_KILL\",\"CAP_SETGID\",\"CAP_SETUID\",\"CAP_SETPCAP\",\"CAP_LINUX_IMMUTABLE\",\"CAP_NET_BIND_SERVICE\",\"CAP_NET_BROADCAST\",\"CAP_NET_ADMIN\",\"CAP_NET_RAW\",\"CAP_IPC_LOCK\",\"CAP_IPC_OWNER\",\"CAP_SYS_MODULE\",\"CAP_SYS_RAWIO\",\"CAP_SYS_CHROOT\",\"CAP_SYS_PTRACE\",\"CAP_SYS_PACCT\",\"CAP_SYS_ADMIN\",\"CAP_SYS_BOOT\",\"CAP_SYS_NICE\",\"CAP_SYS_RESOURCE\",\"CAP_SYS_TIME\",\"CAP_SYS_TTY_CONFIG\",\"CAP_MKNOD\",\"CAP_LEASE\",\"CAP_AUDIT_WRITE\",\"CAP_AUDIT_CONTROL\",\"CAP_SETFCAP\",\"CAP_MAC_OVERRIDE\",\"CAP_MAC_ADMIN\",\"CAP_SYSLOG\",\"CAP_WAKE_ALARM\",\"CAP_BLOCK_SUSPEND\",\"CAP_AUDIT_READ\",\"CAP_PERFMON\",\"CAP_BPF\",\"CAP_CHECKPOINT_RESTORE\"],\"cgroup\":{\"v1\":true,\"v2\":true,\"systemd\":true,\"systemdUser\":true,\"rdma\":true},\"seccomp\":{\"enabled\":true,\"actions\":[\"SCMP_ACT_ALLOW\",\"SCMP_ACT_ERRNO\",\"SCMP_ACT_KILL\",\"SCMP_ACT_KILL_PROCESS\",\"SCMP_ACT_KILL_THREAD\",\"SCMP_ACT_LOG\",\"SCMP_ACT_NOTIFY\",\"SCMP_ACT_TRACE\",\"SCMP_ACT_TRAP\"],\"operators\":[\"SCMP_CMP_EQ\",\"SCMP_CMP_GE\",\"SCMP_CMP_GT\",\"SCMP_CMP_LE\",\"SCMP_CMP_LT\",\"SCMP_CMP_MASKED_EQ\",\"SCMP_CMP_NE\"],\"archs\":[\"SCMP_ARCH_AARCH64\",\"SCMP_ARCH_ARM\",\"SCMP_ARCH_MIPS\",\"SCMP_ARCH_MIPS64\",\"SCMP_ARCH_MIPS64N32\",\"SCMP_ARCH_MIPSEL\",\"SCMP_ARCH_MIPSEL64\",\"SCMP_ARCH_MIPSEL64N32\",\"SCMP_ARCH_PPC\",\"SCMP_ARCH_PPC64\",\"SCMP_ARCH_PPC64LE\",\"SCMP_ARCH_RISCV64\",\"SCMP_ARCH_S390\",\"SCMP_ARCH_S390X\",\"SCMP_ARCH_X32\",\"SCMP_ARCH_X86\",\"SCMP_ARCH_X86_64\"],\"knownFlags\":[\"SECCOMP_FILTER_FLAG_TSYNC\",\"SECCOMP_FILTER_FLAG_SPEC_ALLOW\",\"SECCOMP_FILTER_FLAG_LOG\"],\"supportedFlags\":[\"SECCOMP_FIL"
2026-07-21 17:27:03.516 [main] DEBUG com.github.dockerjava.zerodep.shaded.org.apache.hc.client5.http.headers - http-outgoing-0 << HTTP/1.1 200 OK
2026-07-21 17:27:03.516 [main] DEBUG com.github.dockerjava.zerodep.shaded.org.apache.hc.client5.http.headers - http-outgoing-0 << Api-Version: 1.54
2026-07-21 17:27:03.516 [main] DEBUG com.github.dockerjava.zerodep.shaded.org.apache.hc.client5.http.headers - http-outgoing-0 << Content-Type: application/json
2026-07-21 17:27:03.516 [main] DEBUG com.github.dockerjava.zerodep.shaded.org.apache.hc.client5.http.headers - http-outgoing-0 << Date: Tue, 21 Jul 2026 14:27:03 GMT
2026-07-21 17:27:03.516 [main] DEBUG com.github.dockerjava.zerodep.shaded.org.apache.hc.client5.http.headers - http-outgoing-0 << Docker-Experimental: false
2026-07-21 17:27:03.516 [main] DEBUG com.github.dockerjava.zerodep.shaded.org.apache.hc.client5.http.headers - http-outgoing-0 << Ostype: linux
2026-07-21 17:27:03.516 [main] DEBUG com.github.dockerjava.zerodep.shaded.org.apache.hc.client5.http.headers - http-outgoing-0 << Server: Docker/29.5.3 (linux)
2026-07-21 17:27:03.517 [main] DEBUG com.github.dockerjava.zerodep.shaded.org.apache.hc.client5.http.headers - http-outgoing-0 << Transfer-Encoding: chunked
2026-07-21 17:27:03.517 [main] DEBUG com.github.dockerjava.zerodep.shaded.org.apache.hc.client5.http.impl.classic.MainClientExec - ex-0000000002 connection can be kept alive for 3 MINUTES
2026-07-21 17:27:03.536 [main] DEBUG com.github.dockerjava.zerodep.shaded.org.apache.hc.client5.http.wire - http-outgoing-0 << "TER_FLAG_TSYNC\",\"SECCOMP_FILTER_FLAG_SPEC_ALLOW\",\"SECCOMP_FILTER_FLAG_LOG\"]},\"apparmor\":{\"enabled\":true},\"selinux\":{\"enabled\":true},\"intelRdt\":{\"enabled\":true},\"mountExtensions\":{\"idmap\":{\"enabled\":true}}},\"annotations\":{\"io.github.seccomp.libseccomp.version\":\"2.5.4\",\"org.opencontainers.runc.checkpoint.enabled\":\"true\",\"org.opencontainers.runc.commit\":\"v1.3.5-0-g488fc13e\",\"org.opencontainers.runc.version\":\"1.3.5\\n\"},\"potentiallyUnsafeConfigAnnotations\":[\"bundle\",\"org.systemd.property.\",\"org.criu.config\"]}"}}},"DefaultRuntime":"runc","Swarm":{"NodeID":"","NodeAddr":"","LocalNodeState":"inactive","ControlAvailable":false,"Error":"","RemoteManagers":null},"LiveRestoreEnabled":false,"Isolation":"","InitBinary":"docker-init","ContainerdCommit":{"ID":"193637f7ee8ae5f5aa5248f49e7baa3e6164966e"},"RuncCommit":{"ID":"v1.3.5-0-g488fc13e"},"InitCommit":{"ID":"de40ad0"},"SecurityOptions":["name=seccomp,profile=builtin","name=cgroupns"],"CDISpecDirs":["/etc/cdi","/var/run/cdi"],"Warnings":null}"
2026-07-21 17:27:03.548 [main] DEBUG com.github.dockerjava.zerodep.shaded.org.apache.hc.client5.http.wire - http-outgoing-0 << "[\r][\n]"
2026-07-21 17:27:03.548 [main] DEBUG com.github.dockerjava.zerodep.shaded.org.apache.hc.client5.http.wire - http-outgoing-0 << "0[\r][\n]"
2026-07-21 17:27:03.548 [main] DEBUG com.github.dockerjava.zerodep.shaded.org.apache.hc.client5.http.wire - http-outgoing-0 << "[\r][\n]"
2026-07-21 17:27:03.549 [main] DEBUG com.github.dockerjava.zerodep.shaded.org.apache.hc.client5.http.impl.classic.InternalHttpClient - ep-0000000002 releasing valid endpoint
2026-07-21 17:27:03.549 [main] DEBUG com.github.dockerjava.zerodep.shaded.org.apache.hc.client5.http.impl.io.PoolingHttpClientConnectionManager - ep-0000000002 releasing endpoint
2026-07-21 17:27:03.549 [main] DEBUG com.github.dockerjava.zerodep.shaded.org.apache.hc.client5.http.impl.io.PoolingHttpClientConnectionManager - ep-0000000002 connection http-outgoing-0 can be kept alive for 3 MINUTES
2026-07-21 17:27:03.549 [main] DEBUG com.github.dockerjava.zerodep.shaded.org.apache.hc.client5.http.impl.io.PoolingHttpClientConnectionManager - ep-0000000002 connection released [route: {}->[unix://localhost:2375]][total available: 1; route allocated: 1 of 2147483647; total allocated: 1 of 2147483647]
2026-07-21 17:27:03.549 [main] INFO  org.testcontainers.dockerclient.DockerClientProviderStrategy - Found Docker environment with local Unix socket (unix:///var/run/docker.sock)
2026-07-21 17:27:03.549 [main] DEBUG org.testcontainers.dockerclient.DockerClientProviderStrategy - Transport type: 'httpclient5', Docker host: 'unix:///var/run/docker.sock'
2026-07-21 17:27:03.549 [main] DEBUG org.testcontainers.dockerclient.DockerClientProviderStrategy - Checking Docker OS type for local Unix socket (unix:///var/run/docker.sock)
2026-07-21 17:27:03.550 [main] INFO  org.testcontainers.DockerClientFactory - Docker host IP address is localhost
2026-07-21 17:27:03.551 [main] DEBUG org.testcontainers.DockerClientFactory - Docker info: {CDISpecDirs=[/etc/cdi, /var/run/cdi], NGoroutines=116, Name=docker-desktop, Swarm={NodeID=, NodeAddr=, LocalNodeState=inactive, ControlAvailable=false, Error=, RemoteManagers=null}, RuncCommit={ID=v1.3.5-0-g488fc13e}, OSVersion=, Runtimes={io.containerd.runc.v2={path=runc, status={org.opencontainers.runtime-spec.features={"ociVersionMin":"1.0.0","ociVersionMax":"1.2.1","hooks":["prestart","createRuntime","createContainer","startContainer","poststart","poststop"],"mountOptions":["async","atime","bind","defaults","dev","diratime","dirsync","exec","iversion","lazytime","loud","mand","noatime","nodev","nodiratime","noexec","noiversion","nolazytime","nomand","norelatime","nostrictatime","nosuid","nosymfollow","private","ratime","rbind","rdev","rdiratime","relatime","remount","rexec","rnoatime","rnodev","rnodiratime","rnoexec","rnorelatime","rnostrictatime","rnosuid","rnosymfollow","ro","rprivate","rrelatime","rro","rrw","rshared","rslave","rstrictatime","rsuid","rsymfollow","runbindable","rw","shared","silent","slave","strictatime","suid","symfollow","sync","tmpcopyup","unbindable"],"linux":{"namespaces":["cgroup","ipc","mount","network","pid","time","user","uts"],"capabilities":["CAP_CHOWN","CAP_DAC_OVERRIDE","CAP_DAC_READ_SEARCH","CAP_FOWNER","CAP_FSETID","CAP_KILL","CAP_SETGID","CAP_SETUID","CAP_SETPCAP","CAP_LINUX_IMMUTABLE","CAP_NET_BIND_SERVICE","CAP_NET_BROADCAST","CAP_NET_ADMIN","CAP_NET_RAW","CAP_IPC_LOCK","CAP_IPC_OWNER","CAP_SYS_MODULE","CAP_SYS_RAWIO","CAP_SYS_CHROOT","CAP_SYS_PTRACE","CAP_SYS_PACCT","CAP_SYS_ADMIN","CAP_SYS_BOOT","CAP_SYS_NICE","CAP_SYS_RESOURCE","CAP_SYS_TIME","CAP_SYS_TTY_CONFIG","CAP_MKNOD","CAP_LEASE","CAP_AUDIT_WRITE","CAP_AUDIT_CONTROL","CAP_SETFCAP","CAP_MAC_OVERRIDE","CAP_MAC_ADMIN","CAP_SYSLOG","CAP_WAKE_ALARM","CAP_BLOCK_SUSPEND","CAP_AUDIT_READ","CAP_PERFMON","CAP_BPF","CAP_CHECKPOINT_RESTORE"],"cgroup":{"v1":true,"v2":true,"systemd":true,"systemdUser":true,"rdma":true},"seccomp":{"enabled":true,"actions":["SCMP_ACT_ALLOW","SCMP_ACT_ERRNO","SCMP_ACT_KILL","SCMP_ACT_KILL_PROCESS","SCMP_ACT_KILL_THREAD","SCMP_ACT_LOG","SCMP_ACT_NOTIFY","SCMP_ACT_TRACE","SCMP_ACT_TRAP"],"operators":["SCMP_CMP_EQ","SCMP_CMP_GE","SCMP_CMP_GT","SCMP_CMP_LE","SCMP_CMP_LT","SCMP_CMP_MASKED_EQ","SCMP_CMP_NE"],"archs":["SCMP_ARCH_AARCH64","SCMP_ARCH_ARM","SCMP_ARCH_MIPS","SCMP_ARCH_MIPS64","SCMP_ARCH_MIPS64N32","SCMP_ARCH_MIPSEL","SCMP_ARCH_MIPSEL64","SCMP_ARCH_MIPSEL64N32","SCMP_ARCH_PPC","SCMP_ARCH_PPC64","SCMP_ARCH_PPC64LE","SCMP_ARCH_RISCV64","SCMP_ARCH_S390","SCMP_ARCH_S390X","SCMP_ARCH_X32","SCMP_ARCH_X86","SCMP_ARCH_X86_64"],"knownFlags":["SECCOMP_FILTER_FLAG_TSYNC","SECCOMP_FILTER_FLAG_SPEC_ALLOW","SECCOMP_FILTER_FLAG_LOG"],"supportedFlags":["SECCOMP_FILTER_FLAG_TSYNC","SECCOMP_FILTER_FLAG_SPEC_ALLOW","SECCOMP_FILTER_FLAG_LOG"]},"apparmor":{"enabled":true},"selinux":{"enabled":true},"intelRdt":{"enabled":true},"mountExtensions":{"idmap":{"enabled":true}}},"annotations":{"io.github.seccomp.libseccomp.version":"2.5.4","org.opencontainers.runc.checkpoint.enabled":"true","org.opencontainers.runc.commit":"v1.3.5-0-g488fc13e","org.opencontainers.runc.version":"1.3.5\n"},"potentiallyUnsafeConfigAnnotations":["bundle","org.systemd.property.","org.criu.config"]}}}, runc={path=runc, status={org.opencontainers.runtime-spec.features={"ociVersionMin":"1.0.0","ociVersionMax":"1.2.1","hooks":["prestart","createRuntime","createContainer","startContainer","poststart","poststop"],"mountOptions":["async","atime","bind","defaults","dev","diratime","dirsync","exec","iversion","lazytime","loud","mand","noatime","nodev","nodiratime","noexec","noiversion","nolazytime","nomand","norelatime","nostrictatime","nosuid","nosymfollow","private","ratime","rbind","rdev","rdiratime","relatime","remount","rexec","rnoatime","rnodev","rnodiratime","rnoexec","rnorelatime","rnostrictatime","rnosuid","rnosymfollow","ro","rprivate","rrelatime","rro","rrw","rshared","rslave","rstrictatime","rsuid","rsymfollow","runbindable","rw","shared","silent","slave","strictatime","suid","symfollow","sync","tmpcopyup","unbindable"],"linux":{"namespaces":["cgroup","ipc","mount","network","pid","time","user","uts"],"capabilities":["CAP_CHOWN","CAP_DAC_OVERRIDE","CAP_DAC_READ_SEARCH","CAP_FOWNER","CAP_FSETID","CAP_KILL","CAP_SETGID","CAP_SETUID","CAP_SETPCAP","CAP_LINUX_IMMUTABLE","CAP_NET_BIND_SERVICE","CAP_NET_BROADCAST","CAP_NET_ADMIN","CAP_NET_RAW","CAP_IPC_LOCK","CAP_IPC_OWNER","CAP_SYS_MODULE","CAP_SYS_RAWIO","CAP_SYS_CHROOT","CAP_SYS_PTRACE","CAP_SYS_PACCT","CAP_SYS_ADMIN","CAP_SYS_BOOT","CAP_SYS_NICE","CAP_SYS_RESOURCE","CAP_SYS_TIME","CAP_SYS_TTY_CONFIG","CAP_MKNOD","CAP_LEASE","CAP_AUDIT_WRITE","CAP_AUDIT_CONTROL","CAP_SETFCAP","CAP_MAC_OVERRIDE","CAP_MAC_ADMIN","CAP_SYSLOG","CAP_WAKE_ALARM","CAP_BLOCK_SUSPEND","CAP_AUDIT_READ","CAP_PERFMON","CAP_BPF","CAP_CHECKPOINT_RESTORE"],"cgroup":{"v1":true,"v2":true,"systemd":true,"systemdUser":true,"rdma":true},"seccomp":{"enabled":true,"actions":["SCMP_ACT_ALLOW","SCMP_ACT_ERRNO","SCMP_ACT_KILL","SCMP_ACT_KILL_PROCESS","SCMP_ACT_KILL_THREAD","SCMP_ACT_LOG","SCMP_ACT_NOTIFY","SCMP_ACT_TRACE","SCMP_ACT_TRAP"],"operators":["SCMP_CMP_EQ","SCMP_CMP_GE","SCMP_CMP_GT","SCMP_CMP_LE","SCMP_CMP_LT","SCMP_CMP_MASKED_EQ","SCMP_CMP_NE"],"archs":["SCMP_ARCH_AARCH64","SCMP_ARCH_ARM","SCMP_ARCH_MIPS","SCMP_ARCH_MIPS64","SCMP_ARCH_MIPS64N32","SCMP_ARCH_MIPSEL","SCMP_ARCH_MIPSEL64","SCMP_ARCH_MIPSEL64N32","SCMP_ARCH_PPC","SCMP_ARCH_PPC64","SCMP_ARCH_PPC64LE","SCMP_ARCH_RISCV64","SCMP_ARCH_S390","SCMP_ARCH_S390X","SCMP_ARCH_X32","SCMP_ARCH_X86","SCMP_ARCH_X86_64"],"knownFlags":["SECCOMP_FILTER_FLAG_TSYNC","SECCOMP_FILTER_FLAG_SPEC_ALLOW","SECCOMP_FILTER_FLAG_LOG"],"supportedFlags":["SECCOMP_FILTER_FLAG_TSYNC","SECCOMP_FILTER_FLAG_SPEC_ALLOW","SECCOMP_FILTER_FLAG_LOG"]},"apparmor":{"enabled":true},"selinux":{"enabled":true},"intelRdt":{"enabled":true},"mountExtensions":{"idmap":{"enabled":true}}},"annotations":{"io.github.seccomp.libseccomp.version":"2.5.4","org.opencontainers.runc.checkpoint.enabled":"true","org.opencontainers.runc.commit":"v1.3.5-0-g488fc13e","org.opencontainers.runc.version":"1.3.5\n"},"potentiallyUnsafeConfigAnnotations":["bundle","org.systemd.property.","org.criu.config"]}}}}, ID=7e090a97-74d1-416d-9d58-47e93d86c215, DriverStatus=[[Backing Filesystem, extfs], [Supports d_type, true], [Using metacopy, false], [Native Overlay Diff, true], [userxattr, false]], LiveRestoreEnabled=false, SystemTime=2026-07-21T14:27:03.505977552Z, NoProxy=hubproxy.docker.internal, Architecture=aarch64, NEventsListener=15, HttpsProxy=http.docker.internal:3128, Images=77, ContainersRunning=2, Labels=[com.docker.desktop.address=unix:///Users/d.rudik/Library/Containers/com.docker.docker/Data/docker-cli.sock], InitCommit={ID=de40ad0}, NFd=76, KernelVersion=6.12.76-linuxkit, LoggingDriver=json-file, OSType=linux, SecurityOptions=[name=seccomp,profile=builtin, name=cgroupns], ContainerdCommit={ID=193637f7ee8ae5f5aa5248f49e7baa3e6164966e}, GenericResources=null, OperatingSystem=Docker Desktop, RegistryConfig={InsecureRegistryCIDRs=[::1/128, 127.0.0.0/8], IndexConfigs={docker.io={Name=docker.io, Mirrors=[], Secure=true, Official=true}, hubproxy.docker.internal:5555={Name=hubproxy.docker.internal:5555, Mirrors=[], Secure=false, Official=false}}, Mirrors=[]}, ServerVersion=29.5.3, OomKillDisable=false, CpuCfsQuota=true, Containers=3, Driver=overlay2, IPv4Forwarding=true, ExperimentalBuild=false, DockerRootDir=/var/lib/docker, CPUSet=true, CpuCfsPeriod=true, DefaultRuntime=runc, CPUShares=true, Debug=false, NCPU=12, Plugins={Volume=[local], Network=[bridge, host, ipvlan, macvlan, null, overlay], Authorization=null, Log=[awslogs, fluentd, gcplogs, gelf, journald, json-file, local, splunk, syslog]}, SwapLimit=true, CgroupDriver=cgroupfs, ContainersPaused=0, MemTotal=20941840384, IndexServerAddress=https://index.docker.io/v1/, MemoryLimit=true, HttpProxy=http.docker.internal:3128, InitBinary=docker-init, CgroupVersion=2, PidsLimit=true, Isolation=, Warnings=null, ContainersStopped=1}
2026-07-21 17:27:03.552 [main] DEBUG org.testcontainers.shaded.com.github.dockerjava.core.command.AbstrDockerCmd - Cmd: 
2026-07-21 17:27:03.552 [main] TRACE org.testcontainers.shaded.com.github.dockerjava.core.exec.VersionCmdExec - GET: DefaultWebTarget{path=[/version], queryParams={}}
2026-07-21 17:27:03.552 [main] DEBUG com.github.dockerjava.zerodep.shaded.org.apache.hc.client5.http.impl.classic.InternalHttpClient - ex-0000000003 preparing request execution
2026-07-21 17:27:03.553 [main] DEBUG com.github.dockerjava.zerodep.shaded.org.apache.hc.client5.http.impl.classic.ProtocolExec - ex-0000000003 target auth state: UNCHALLENGED
2026-07-21 17:27:03.553 [main] DEBUG com.github.dockerjava.zerodep.shaded.org.apache.hc.client5.http.impl.classic.ProtocolExec - ex-0000000003 proxy auth state: UNCHALLENGED
2026-07-21 17:27:03.553 [main] DEBUG com.github.dockerjava.zerodep.shaded.org.apache.hc.client5.http.impl.classic.ConnectExec - ex-0000000003 acquiring connection with route {}->[unix://localhost:2375]
2026-07-21 17:27:03.553 [main] DEBUG com.github.dockerjava.zerodep.shaded.org.apache.hc.client5.http.impl.classic.InternalHttpClient - ex-0000000003 acquiring endpoint (3 MINUTES)
2026-07-21 17:27:03.553 [main] DEBUG com.github.dockerjava.zerodep.shaded.org.apache.hc.client5.http.impl.io.PoolingHttpClientConnectionManager - ex-0000000003 endpoint lease request (3 MINUTES) [route: {}->[unix://localhost:2375]][total available: 1; route allocated: 1 of 2147483647; total allocated: 1 of 2147483647]
2026-07-21 17:27:03.553 [main] DEBUG com.github.dockerjava.zerodep.shaded.org.apache.hc.client5.http.impl.io.PoolingHttpClientConnectionManager - ex-0000000003 endpoint leased [route: {}->[unix://localhost:2375]][total available: 0; route allocated: 1 of 2147483647; total allocated: 1 of 2147483647]
2026-07-21 17:27:03.553 [main] DEBUG com.github.dockerjava.zerodep.shaded.org.apache.hc.client5.http.impl.io.PoolingHttpClientConnectionManager - ex-0000000003 acquired ep-0000000003
2026-07-21 17:27:03.553 [main] DEBUG com.github.dockerjava.zerodep.shaded.org.apache.hc.client5.http.impl.classic.InternalHttpClient - ex-0000000003 acquired endpoint ep-0000000003
2026-07-21 17:27:03.553 [main] DEBUG com.github.dockerjava.zerodep.shaded.org.apache.hc.client5.http.impl.classic.MainClientExec - ex-0000000003 executing GET /v1.44/version
2026-07-21 17:27:03.553 [main] DEBUG com.github.dockerjava.zerodep.shaded.org.apache.hc.client5.http.protocol.RequestAddCookies - ex-0000000003 Cookie spec selected: strict
2026-07-21 17:27:03.553 [main] DEBUG com.github.dockerjava.zerodep.shaded.org.apache.hc.client5.http.impl.classic.InternalHttpClient - ep-0000000003 start execution ex-0000000003
2026-07-21 17:27:03.553 [main] DEBUG com.github.dockerjava.zerodep.shaded.org.apache.hc.client5.http.impl.io.PoolingHttpClientConnectionManager - ep-0000000003 executing exchange ex-0000000003 over http-outgoing-0
2026-07-21 17:27:03.553 [main] DEBUG com.github.dockerjava.zerodep.shaded.org.apache.hc.client5.http.headers - http-outgoing-0 >> GET /v1.44/version HTTP/1.1
2026-07-21 17:27:03.553 [main] DEBUG com.github.dockerjava.zerodep.shaded.org.apache.hc.client5.http.headers - http-outgoing-0 >> accept: application/json
2026-07-21 17:27:03.553 [main] DEBUG com.github.dockerjava.zerodep.shaded.org.apache.hc.client5.http.headers - http-outgoing-0 >> x-tc-sid: 0b1715c4-0202-4909-b4f0-da504615987a
2026-07-21 17:27:03.553 [main] DEBUG com.github.dockerjava.zerodep.shaded.org.apache.hc.client5.http.headers - http-outgoing-0 >> User-Agent: tc-java/2.0.5
2026-07-21 17:27:03.554 [main] DEBUG com.github.dockerjava.zerodep.shaded.org.apache.hc.client5.http.headers - http-outgoing-0 >> Accept-Encoding: gzip, x-gzip, deflate
2026-07-21 17:27:03.554 [main] DEBUG com.github.dockerjava.zerodep.shaded.org.apache.hc.client5.http.headers - http-outgoing-0 >> Host: localhost:2375
2026-07-21 17:27:03.554 [main] DEBUG com.github.dockerjava.zerodep.shaded.org.apache.hc.client5.http.headers - http-outgoing-0 >> Connection: keep-alive
2026-07-21 17:27:03.554 [main] DEBUG com.github.dockerjava.zerodep.shaded.org.apache.hc.client5.http.wire - http-outgoing-0 >> "GET /v1.44/version HTTP/1.1[\r][\n]"
2026-07-21 17:27:03.554 [main] DEBUG com.github.dockerjava.zerodep.shaded.org.apache.hc.client5.http.wire - http-outgoing-0 >> "accept: application/json[\r][\n]"
2026-07-21 17:27:03.554 [main] DEBUG com.github.dockerjava.zerodep.shaded.org.apache.hc.client5.http.wire - http-outgoing-0 >> "x-tc-sid: 0b1715c4-0202-4909-b4f0-da504615987a[\r][\n]"
2026-07-21 17:27:03.554 [main] DEBUG com.github.dockerjava.zerodep.shaded.org.apache.hc.client5.http.wire - http-outgoing-0 >> "User-Agent: tc-java/2.0.5[\r][\n]"
2026-07-21 17:27:03.554 [main] DEBUG com.github.dockerjava.zerodep.shaded.org.apache.hc.client5.http.wire - http-outgoing-0 >> "Accept-Encoding: gzip, x-gzip, deflate[\r][\n]"
2026-07-21 17:27:03.554 [main] DEBUG com.github.dockerjava.zerodep.shaded.org.apache.hc.client5.http.wire - http-outgoing-0 >> "Host: localhost:2375[\r][\n]"
2026-07-21 17:27:03.554 [main] DEBUG com.github.dockerjava.zerodep.shaded.org.apache.hc.client5.http.wire - http-outgoing-0 >> "Connection: keep-alive[\r][\n]"
2026-07-21 17:27:03.554 [main] DEBUG com.github.dockerjava.zerodep.shaded.org.apache.hc.client5.http.wire - http-outgoing-0 >> "[\r][\n]"
2026-07-21 17:27:03.564 [main] DEBUG com.github.dockerjava.zerodep.shaded.org.apache.hc.client5.http.wire - http-outgoing-0 << "HTTP/1.1 200 OK[\r][\n]"
2026-07-21 17:27:03.564 [main] DEBUG com.github.dockerjava.zerodep.shaded.org.apache.hc.client5.http.wire - http-outgoing-0 << "Api-Version: 1.54[\r][\n]"
2026-07-21 17:27:03.564 [main] DEBUG com.github.dockerjava.zerodep.shaded.org.apache.hc.client5.http.wire - http-outgoing-0 << "Content-Type: application/json[\r][\n]"
2026-07-21 17:27:03.564 [main] DEBUG com.github.dockerjava.zerodep.shaded.org.apache.hc.client5.http.wire - http-outgoing-0 << "Date: Tue, 21 Jul 2026 14:27:03 GMT[\r][\n]"
2026-07-21 17:27:03.564 [main] DEBUG com.github.dockerjava.zerodep.shaded.org.apache.hc.client5.http.wire - http-outgoing-0 << "Docker-Experimental: false[\r][\n]"
2026-07-21 17:27:03.564 [main] DEBUG com.github.dockerjava.zerodep.shaded.org.apache.hc.client5.http.wire - http-outgoing-0 << "Ostype: linux[\r][\n]"
2026-07-21 17:27:03.564 [main] DEBUG com.github.dockerjava.zerodep.shaded.org.apache.hc.client5.http.wire - http-outgoing-0 << "Server: Docker/29.5.3 (linux)[\r][\n]"
2026-07-21 17:27:03.565 [main] DEBUG com.github.dockerjava.zerodep.shaded.org.apache.hc.client5.http.wire - http-outgoing-0 << "Transfer-Encoding: chunked[\r][\n]"
2026-07-21 17:27:03.565 [main] DEBUG com.github.dockerjava.zerodep.shaded.org.apache.hc.client5.http.wire - http-outgoing-0 << "[\r][\n]"
2026-07-21 17:27:03.565 [main] DEBUG com.github.dockerjava.zerodep.shaded.org.apache.hc.client5.http.headers - http-outgoing-0 << HTTP/1.1 200 OK
2026-07-21 17:27:03.565 [main] DEBUG com.github.dockerjava.zerodep.shaded.org.apache.hc.client5.http.headers - http-outgoing-0 << Api-Version: 1.54
2026-07-21 17:27:03.565 [main] DEBUG com.github.dockerjava.zerodep.shaded.org.apache.hc.client5.http.headers - http-outgoing-0 << Content-Type: application/json
2026-07-21 17:27:03.565 [main] DEBUG com.github.dockerjava.zerodep.shaded.org.apache.hc.client5.http.headers - http-outgoing-0 << Date: Tue, 21 Jul 2026 14:27:03 GMT
2026-07-21 17:27:03.565 [main] DEBUG com.github.dockerjava.zerodep.shaded.org.apache.hc.client5.http.headers - http-outgoing-0 << Docker-Experimental: false
2026-07-21 17:27:03.565 [main] DEBUG com.github.dockerjava.zerodep.shaded.org.apache.hc.client5.http.headers - http-outgoing-0 << Ostype: linux
2026-07-21 17:27:03.565 [main] DEBUG com.github.dockerjava.zerodep.shaded.org.apache.hc.client5.http.headers - http-outgoing-0 << Server: Docker/29.5.3 (linux)
2026-07-21 17:27:03.565 [main] DEBUG com.github.dockerjava.zerodep.shaded.org.apache.hc.client5.http.headers - http-outgoing-0 << Transfer-Encoding: chunked
2026-07-21 17:27:03.565 [main] DEBUG com.github.dockerjava.zerodep.shaded.org.apache.hc.client5.http.impl.classic.MainClientExec - ex-0000000003 connection can be kept alive for 3 MINUTES
2026-07-21 17:27:03.565 [main] DEBUG com.github.dockerjava.zerodep.shaded.org.apache.hc.client5.http.wire - http-outgoing-0 << "37e[\r][\n]"
2026-07-21 17:27:03.565 [main] DEBUG com.github.dockerjava.zerodep.shaded.org.apache.hc.client5.http.wire - http-outgoing-0 << "{"Platform":{"Name":"Docker Desktop 4.78.0 (229452)"},"Version":"29.5.3","ApiVersion":"1.54","MinAPIVersion":"1.40","Os":"linux","Arch":"arm64","Components":[{"Name":"Engine","Version":"29.5.3","Details":{"ApiVersion":"1.54","Arch":"arm64","BuildTime":"2026-06-03T18:00:14.000000000+00:00","Experimental":"false","GitCommit":"285b471","GoVersion":"go1.26.4","KernelVersion":"6.12.76-linuxkit","MinAPIVersion":"1.40","Module":"github.com/moby/moby/v2","ModuleVersion":"v2.0.0+unknown","Os":"linux"}},{"Name":"containerd","Version":"v2.2.4","Details":{"GitCommit":"193637f7ee8ae5f5aa5248f49e7baa3e6164966e"}},{"Name":"runc","Version":"1.3.5","Details":{"GitCommit":"v1.3.5-0-g488fc13e"}},{"Name":"docker-init","Version":"0.19.0","Details":{"GitCommit":"de40ad0"}}],"GitCommit":"285b471","GoVersion":"go1.26.4","KernelVersion":"6.12.76-linuxkit","BuildTime":"2026-06-03T18:00:14.000000000+00:00"}[\n]"
2026-07-21 17:27:03.565 [main] DEBUG com.github.dockerjava.zerodep.shaded.org.apache.hc.client5.http.wire - http-outgoing-0 << "[\r][\n]"
2026-07-21 17:27:03.565 [main] DEBUG com.github.dockerjava.zerodep.shaded.org.apache.hc.client5.http.wire - http-outgoing-0 << "0[\r][\n]"
2026-07-21 17:27:03.565 [main] DEBUG com.github.dockerjava.zerodep.shaded.org.apache.hc.client5.http.wire - http-outgoing-0 << "[\r][\n]"
2026-07-21 17:27:03.570 [main] DEBUG com.github.dockerjava.zerodep.shaded.org.apache.hc.client5.http.impl.classic.InternalHttpClient - ep-0000000003 releasing valid endpoint
2026-07-21 17:27:03.570 [main] DEBUG com.github.dockerjava.zerodep.shaded.org.apache.hc.client5.http.impl.io.PoolingHttpClientConnectionManager - ep-0000000003 releasing endpoint
2026-07-21 17:27:03.570 [main] DEBUG com.github.dockerjava.zerodep.shaded.org.apache.hc.client5.http.impl.io.PoolingHttpClientConnectionManager - ep-0000000003 connection http-outgoing-0 can be kept alive for 3 MINUTES
2026-07-21 17:27:03.570 [main] DEBUG com.github.dockerjava.zerodep.shaded.org.apache.hc.client5.http.impl.io.PoolingHttpClientConnectionManager - ep-0000000003 connection released [route: {}->[unix://localhost:2375]][total available: 1; route allocated: 1 of 2147483647; total allocated: 1 of 2147483647]
2026-07-21 17:27:03.570 [main] DEBUG org.testcontainers.DockerClientFactory - Docker version: {Components=[{Name=Engine, Version=29.5.3, Details={ApiVersion=1.54, Arch=arm64, BuildTime=2026-06-03T18:00:14.000000000+00:00, Experimental=false, GitCommit=285b471, GoVersion=go1.26.4, KernelVersion=6.12.76-linuxkit, MinAPIVersion=1.40, Module=github.com/moby/moby/v2, ModuleVersion=v2.0.0+unknown, Os=linux}}, {Name=containerd, Version=v2.2.4, Details={GitCommit=193637f7ee8ae5f5aa5248f49e7baa3e6164966e}}, {Name=runc, Version=1.3.5, Details={GitCommit=v1.3.5-0-g488fc13e}}, {Name=docker-init, Version=0.19.0, Details={GitCommit=de40ad0}}], KernelVersion=6.12.76-linuxkit, ApiVersion=1.54, Platform={Name=Docker Desktop 4.78.0 (229452)}, Os=linux, GitCommit=285b471, Version=29.5.3, MinAPIVersion=1.40, Arch=arm64, GoVersion=go1.26.4, BuildTime=2026-06-03T18:00:14.000000000+00:00}
2026-07-21 17:27:03.571 [main] INFO  org.testcontainers.DockerClientFactory - Connected to docker: 
  Server Version: 29.5.3
  API Version: 1.54
  Operating System: Docker Desktop
  Total Memory: 19971 MB
  Labels: 
    com.docker.desktop.address=unix:///Users/d.rudik/Library/Containers/com.docker.docker/Data/docker-cli.sock
2026-07-21 17:27:03.575 [main] DEBUG org.testcontainers.utility.RyukResourceReaper - Ryuk is enabled
2026-07-21 17:27:03.576 [main] DEBUG org.testcontainers.utility.PrefixingImageNameSubstitutor - No prefix is configured
2026-07-21 17:27:03.577 [main] DEBUG org.testcontainers.utility.ImageNameSubstitutor - Did not find a substitute image for testcontainers/ryuk:0.14.0 (using image substitutor: DefaultImageNameSubstitutor (composite of 'ConfigurationFileImageNameSubstitutor' and 'PrefixingImageNameSubstitutor'))
2026-07-21 17:27:03.579 [main] DEBUG org.testcontainers.shaded.com.github.dockerjava.core.command.AbstrDockerCmd - Cmd: ListImagesCmdImpl[filters=org.testcontainers.shaded.com.github.dockerjava.core.util.FiltersBuilder@0,imageNameFilter=<null>,showAll=false]
2026-07-21 17:27:03.579 [main] TRACE org.testcontainers.shaded.com.github.dockerjava.core.exec.ListImagesCmdExec - GET: DefaultWebTarget{path=[/images/json], queryParams={}}
2026-07-21 17:27:03.580 [main] DEBUG com.github.dockerjava.zerodep.shaded.org.apache.hc.client5.http.impl.classic.InternalHttpClient - ex-0000000004 preparing request execution
2026-07-21 17:27:03.580 [main] DEBUG com.github.dockerjava.zerodep.shaded.org.apache.hc.client5.http.impl.classic.ProtocolExec - ex-0000000004 target auth state: UNCHALLENGED
2026-07-21 17:27:03.580 [main] DEBUG com.github.dockerjava.zerodep.shaded.org.apache.hc.client5.http.impl.classic.ProtocolExec - ex-0000000004 proxy auth state: UNCHALLENGED
2026-07-21 17:27:03.580 [main] DEBUG com.github.dockerjava.zerodep.shaded.org.apache.hc.client5.http.impl.classic.ConnectExec - ex-0000000004 acquiring connection with route {}->[unix://localhost:2375]
2026-07-21 17:27:03.580 [main] DEBUG com.github.dockerjava.zerodep.shaded.org.apache.hc.client5.http.impl.classic.InternalHttpClient - ex-0000000004 acquiring endpoint (3 MINUTES)
2026-07-21 17:27:03.580 [main] DEBUG com.github.dockerjava.zerodep.shaded.org.apache.hc.client5.http.impl.io.PoolingHttpClientConnectionManager - ex-0000000004 endpoint lease request (3 MINUTES) [route: {}->[unix://localhost:2375]][total available: 1; route allocated: 1 of 2147483647; total allocated: 1 of 2147483647]
2026-07-21 17:27:03.580 [main] DEBUG com.github.dockerjava.zerodep.shaded.org.apache.hc.client5.http.impl.io.PoolingHttpClientConnectionManager - ex-0000000004 endpoint leased [route: {}->[unix://localhost:2375]][total available: 0; route allocated: 1 of 2147483647; total allocated: 1 of 2147483647]
2026-07-21 17:27:03.580 [main] DEBUG com.github.dockerjava.zerodep.shaded.org.apache.hc.client5.http.impl.io.PoolingHttpClientConnectionManager - ex-0000000004 acquired ep-0000000004
2026-07-21 17:27:03.580 [main] DEBUG com.github.dockerjava.zerodep.shaded.org.apache.hc.client5.http.impl.classic.InternalHttpClient - ex-0000000004 acquired endpoint ep-0000000004
2026-07-21 17:27:03.580 [main] DEBUG com.github.dockerjava.zerodep.shaded.org.apache.hc.client5.http.impl.classic.MainClientExec - ex-0000000004 executing GET /v1.44/images/json
2026-07-21 17:27:03.580 [main] DEBUG com.github.dockerjava.zerodep.shaded.org.apache.hc.client5.http.protocol.RequestAddCookies - ex-0000000004 Cookie spec selected: strict
2026-07-21 17:27:03.580 [main] DEBUG com.github.dockerjava.zerodep.shaded.org.apache.hc.client5.http.impl.classic.InternalHttpClient - ep-0000000004 start execution ex-0000000004
2026-07-21 17:27:03.581 [main] DEBUG com.github.dockerjava.zerodep.shaded.org.apache.hc.client5.http.impl.io.PoolingHttpClientConnectionManager - ep-0000000004 executing exchange ex-0000000004 over http-outgoing-0
2026-07-21 17:27:03.581 [main] DEBUG com.github.dockerjava.zerodep.shaded.org.apache.hc.client5.http.headers - http-outgoing-0 >> GET /v1.44/images/json HTTP/1.1
2026-07-21 17:27:03.581 [main] DEBUG com.github.dockerjava.zerodep.shaded.org.apache.hc.client5.http.headers - http-outgoing-0 >> accept: application/json
2026-07-21 17:27:03.581 [main] DEBUG com.github.dockerjava.zerodep.shaded.org.apache.hc.client5.http.headers - http-outgoing-0 >> x-tc-sid: 0b1715c4-0202-4909-b4f0-da504615987a
2026-07-21 17:27:03.581 [main] DEBUG com.github.dockerjava.zerodep.shaded.org.apache.hc.client5.http.headers - http-outgoing-0 >> User-Agent: tc-java/2.0.5
2026-07-21 17:27:03.581 [main] DEBUG com.github.dockerjava.zerodep.shaded.org.apache.hc.client5.http.headers - http-outgoing-0 >> Accept-Encoding: gzip, x-gzip, deflate
2026-07-21 17:27:03.581 [main] DEBUG com.github.dockerjava.zerodep.shaded.org.apache.hc.client5.http.headers - http-outgoing-0 >> Host: localhost:2375
2026-07-21 17:27:03.581 [main] DEBUG com.github.dockerjava.zerodep.shaded.org.apache.hc.client5.http.headers - http-outgoing-0 >> Connection: keep-alive
2026-07-21 17:27:03.581 [main] DEBUG com.github.dockerjava.zerodep.shaded.org.apache.hc.client5.http.wire - http-outgoing-0 >> "GET /v1.44/images/json HTTP/1.1[\r][\n]"
2026-07-21 17:27:03.581 [main] DEBUG com.github.dockerjava.zerodep.shaded.org.apache.hc.client5.http.wire - http-outgoing-0 >> "accept: application/json[\r][\n]"
2026-07-21 17:27:03.581 [main] DEBUG com.github.dockerjava.zerodep.shaded.org.apache.hc.client5.http.wire - http-outgoing-0 >> "x-tc-sid: 0b1715c4-0202-4909-b4f0-da504615987a[\r][\n]"
2026-07-21 17:27:03.581 [main] DEBUG com.github.dockerjava.zerodep.shaded.org.apache.hc.client5.http.wire - http-outgoing-0 >> "User-Agent: tc-java/2.0.5[\r][\n]"
2026-07-21 17:27:03.581 [main] DEBUG com.github.dockerjava.zerodep.shaded.org.apache.hc.client5.http.wire - http-outgoing-0 >> "Accept-Encoding: gzip, x-gzip, deflate[\r][\n]"
2026-07-21 17:27:03.581 [main] DEBUG com.github.dockerjava.zerodep.shaded.org.apache.hc.client5.http.wire - http-outgoing-0 >> "Host: localhost:2375[\r][\n]"
2026-07-21 17:27:03.581 [main] DEBUG com.github.dockerjava.zerodep.shaded.org.apache.hc.client5.http.wire - http-outgoing-0 >> "Connection: keep-alive[\r][\n]"
2026-07-21 17:27:03.581 [main] DEBUG com.github.dockerjava.zerodep.shaded.org.apache.hc.client5.http.wire - http-outgoing-0 >> "[\r][\n]"
2026-07-21 17:27:03.601 [main] DEBUG com.github.dockerjava.zerodep.shaded.org.apache.hc.client5.http.wire - http-outgoing-0 << "HTTP/1.1 200 OK[\r][\n]"
2026-07-21 17:27:03.601 [main] DEBUG com.github.dockerjava.zerodep.shaded.org.apache.hc.client5.http.wire - http-outgoing-0 << "Api-Version: 1.54[\r][\n]"
2026-07-21 17:27:03.601 [main] DEBUG com.github.dockerjava.zerodep.shaded.org.apache.hc.client5.http.wire - http-outgoing-0 << "Content-Type: application/json[\r][\n]"
2026-07-21 17:27:03.601 [main] DEBUG com.github.dockerjava.zerodep.shaded.org.apache.hc.client5.http.wire - http-outgoing-0 << "Date: Tue, 21 Jul 2026 14:27:03 GMT[\r][\n]"
2026-07-21 17:27:03.601 [main] DEBUG com.github.dockerjava.zerodep.shaded.org.apache.hc.client5.http.wire - http-outgoing-0 << "Docker-Experimental: false[\r][\n]"
2026-07-21 17:27:03.601 [main] DEBUG com.github.dockerjava.zerodep.shaded.org.apache.hc.client5.http.wire - http-outgoing-0 << "Ostype: linux[\r][\n]"
2026-07-21 17:27:03.601 [main] DEBUG com.github.dockerjava.zerodep.shaded.org.apache.hc.client5.http.wire - http-outgoing-0 << "Server: Docker/29.5.3 (linux)[\r][\n]"
2026-07-21 17:27:03.601 [main] DEBUG com.github.dockerjava.zerodep.shaded.org.apache.hc.client5.http.wire - http-outgoing-0 << "Transfer-Encoding: chunked[\r][\n]"
2026-07-21 17:27:03.601 [main] DEBUG com.github.dockerjava.zerodep.shaded.org.apache.hc.client5.http.wire - http-outgoing-0 << "[\r][\n]"
2026-07-21 17:27:03.602 [main] DEBUG com.github.dockerjava.zerodep.shaded.org.apache.hc.client5.http.headers - http-outgoing-0 << HTTP/1.1 200 OK
2026-07-21 17:27:03.602 [main] DEBUG com.github.dockerjava.zerodep.shaded.org.apache.hc.client5.http.headers - http-outgoing-0 << Api-Version: 1.54
2026-07-21 17:27:03.602 [main] DEBUG com.github.dockerjava.zerodep.shaded.org.apache.hc.client5.http.headers - http-outgoing-0 << Content-Type: application/json
2026-07-21 17:27:03.602 [main] DEBUG com.github.dockerjava.zerodep.shaded.org.apache.hc.client5.http.headers - http-outgoing-0 << Date: Tue, 21 Jul 2026 14:27:03 GMT
2026-07-21 17:27:03.602 [main] DEBUG com.github.dockerjava.zerodep.shaded.org.apache.hc.client5.http.headers - http-outgoing-0 << Docker-Experimental: false
2026-07-21 17:27:03.602 [main] DEBUG com.github.dockerjava.zerodep.shaded.org.apache.hc.client5.http.headers - http-outgoing-0 << Ostype: linux
2026-07-21 17:27:03.602 [main] DEBUG com.github.dockerjava.zerodep.shaded.org.apache.hc.client5.http.headers - http-outgoing-0 << Server: Docker/29.5.3 (linux)
2026-07-21 17:27:03.602 [main] DEBUG com.github.dockerjava.zerodep.shaded.org.apache.hc.client5.http.headers - http-outgoing-0 << Transfer-Encoding: chunked
2026-07-21 17:27:03.602 [main] DEBUG com.github.dockerjava.zerodep.shaded.org.apache.hc.client5.http.impl.classic.MainClientExec - ex-0000000004 connection can be kept alive for 3 MINUTES
2026-07-21 17:27:03.602 [main] DEBUG com.github.dockerjava.zerodep.shaded.org.apache.hc.client5.http.wire - http-outgoing-0 << "7771[\r][\n]"
2026-07-21 17:27:03.603 [main] DEBUG com.github.dockerjava.zerodep.shaded.org.apache.hc.client5.http.wire - http-outgoing-0 << "[{"Containers":-1,"Created":1782379325,"Id":"sha256:87129bd916d80486d2ab267d4fa4172658b8959f8419a28abe496a0104c892ae","Labels":null,"ParentId":"","RepoDigests":[],"RepoTags":["kefir:latest"],"SharedSize":-1,"Size":249423321},{"Containers":-1,"Created":1782311604,"Id":"sha256:0d4d184a0434481d0b4102ac251bdd3b20e852a6ab46ba82f1cd0551576c8f09","Labels":null,"ParentId":"","RepoDigests":[],"RepoTags":[],"SharedSize":-1,"Size":249422170},{"Containers":-1,"Created":1782310815,"Id":"sha256:7e4af952402c045f5a3287a0eccb3bea90c9eee7c100edbcd4f18d4a86c9fbdd","Labels":null,"ParentId":"","RepoDigests":[],"RepoTags":[],"SharedSize":-1,"Size":249422114},{"Containers":-1,"Created":1782285650,"Id":"sha256:5377bbcbeb04baedf9c0fd064f03439266fa2357fb0fa3d80204ee364f51e581","Labels":null,"ParentId":"","RepoDigests":[],"RepoTags":[],"SharedSize":-1,"Size":249422086},{"Containers":-1,"Created":1782134962,"Id":"sha256:1114b189aacfb9a0fad7e3ba4c627e2a8ac295bd94e8fca6b930fc336ee05072","Labels":null,"ParentId":"","RepoDigests":["docker-proxy.artifactory.tcsbank.ru/dimarudik/pg_planb@sha256:4760d0bda8f5f1900b798fa86a1ffafe15e9c637888b6f8228d998d7962cc9a5","dimarudik/pg_planb@sha256:4760d0bda8f5f1900b798fa86a1ffafe15e9c637888b6f8228d998d7962cc9a5"],"RepoTags":["docker-proxy.artifactory.tcsbank.ru/dimarudik/pg_planb:15","dimarudik/pg_planb:15"],"SharedSize":-1,"Size":467609834},{"Containers":-1,"Created":1782127231,"Id":"sha256:7640924919f19b539c47e37bf9259b0cff2b3d47f1aefe4b20b5ecd8f984cd4e","Labels":{"org.testcontainers":"true","org.testcontainers.lang":"java","org.testcontainers.version":"2.0.4"},"ParentId":"sha256:4a431ddbba13f88c88cf760562380cd0c6af6b0f531ef17eacef6a62b5417f36","RepoDigests":[],"RepoTags":["humus-postgres-planb:latest"],"SharedSize":-1,"Size":1358708253},{"Containers":-1,"Created":1781650846,"Id":"sha256:0ab885cf71916beded83c51df1ea71acddeab24048fd957b4f4471f59dcb9bc5","Labels":null,"ParentId":"","RepoDigests":["postgres@sha256:e013e867e712fec275706a6c51c966f0bb0c93cfa8f51000f85a15f9865a28cb"],"RepoTags":["postgres:16-alpine"],"SharedSize":-1,"Size":288013079},{"Containers":-1,"Created":1781197339,"Id":"sha256:afd493ea0cda7e811fb7c741012b52ae007c65ec870aa9760f74731e5475f796","Labels":{"architecture":"aarch64","build-date":"2026-06-02T05:43:37Z","com.redhat.component":"ubi9-minimal-container","com.redhat.license_terms":"https://www.redhat.com/en/about/red-hat-end-user-license-agreements#UBI","cpe":"cpe:/a:redhat:enterprise_linux:9::appstream","description":"Common base image for Confluent lightweight Docker images.","distribution-scope":"public","io.buildah.version":"1.42.2","io.confluent.docker":"true","io.confluent.docker.build.number":"d56d85b0","io.confluent.docker.git.id":"9a12a1a","io.confluent.docker.git.repo":"confluentinc/kafka-images","io.k8s.description":"The Universal Base Image Minimal is a stripped down image that uses microdnf as a package manager. This base image is freely redistributable, but Red Hat only supports Red Hat technologies through subscriptions for Red Hat products. This image is maintained by Red Hat and updated regularly.","io.k8s.display-name":"Red Hat Universal Base Image 9 Minimal","io.openshift.expose-services":"","io.openshift.tags":"minimal rhel9","maintainer":"partner-support@confluent.io","name":"cp-kafka","org.opencontainers.image.created":"2026-06-02T05:43:37Z","org.opencontainers.image.revision":"842dd1c603c36c8d242d5ec075adccffb3bfea5c","release":"8.2.2-22","summary":"Confluent platform Kafka.","url":"https://catalog.redhat.com/en/search?searchType=containers","vcs-ref":"842dd1c603c36c8d242d5ec075adccffb3bfea5c","vcs-type":"git","vendor":"Confluent","version":"9a12a1a"},"ParentId":"","RepoDigests":["confluentinc/cp-kafka@sha256:8e01c0305844d6c05bfb8e86479f5f363bb6a53497625395943a9da780de67ce"],"RepoTags":["confluentinc/cp-kafka:8.2.2"],"SharedSize":-1,"Size":559154659},{"Containers":-1,"Created":1781138227,"Id":"sha256:e0be29002d92c115b0ab851a3cd08eafee3ad5cb4074e98983bd296326a95c5f","Labels":null,"ParentId":"","RepoDigests":["postgres@sha256:c2ca90969ca293925ab474466e837689cc712321afdd9e4640bd0cf942fdca3a"],"RepoTags":["postgres:15"],"SharedSize":-1,"Size":467322471},{"Containers":-1,"Created":1780672671,"Id":"sha256:935558f31c86a12b7df43c4e9d4ba74eb7979e647542163d785a42ce30426309","Labels":{"VCS_METRICS_CI_COMMIT_SHA":"a387c5837c0365bb9db706416a51ce5b6deebf8b","VCS_METRICS_CI_PROJECT_ID":"101627","commit.hash":"a387c5837c0365bb9db706416a51ce5b6deebf8b","description":"Ubuntu 20.04 LTS (Focal) base image","project":"provider","ru.tinkoff.base.codename":"base-focal","ru.tinkoff.vendor":"Tinkoff.ru","tenant":"thermostat","version":"1.10.128"},"ParentId":"","RepoDigests":["docker-hosted.artifactory.tcsbank.ru/thermostat/provider-mock@sha256:cd5edd05ff2008c13f89ca27ccac861889b91ea0889be97672a7269df4cc7693"],"RepoTags":["docker-hosted.artifactory.tcsbank.ru/thermostat/provider-mock:release-0.6.1"],"SharedSize":-1,"Size":706941656},{"Containers":-1,"Created":1779480877,"Id":"sha256:46c881ac185dd2f404d2cee0c6e6ddf22c6c114b86b1d352db71fee93578da68","Labels":{"org.opencontainers.image.version":"22.04"},"ParentId":"","RepoDigests":["clickhouse@sha256:770156c537ca9124046e138a3b5845c64ea58ce8722de7a2e05fd827f4976520"],"RepoTags":["clickhouse:latest"],"SharedSize":-1,"Size":823872396},{"Containers":-1,"Created":1779409292,"Id":"sha256:da4a113e49060ee1cd54922b6513104674cceb4446000a548fba220ab5c4d6ab","Labels":{"com.clickhouse.build.version":"26.5.1.882","org.opencontainers.image.version":"22.04"},"ParentId":"","RepoDigests":["clickhouse/clickhouse-server@sha256:07afc18d8a9706eb9d85c5c5d2752e5270f91bbc2894caeaecb73e4d0f603bf5"],"RepoTags":["clickhouse/clickhouse-server:latest"],"SharedSize":-1,"Size":823872396},{"Containers":-1,"Created":1778785119,"Id":"sha256:af3c650fd19f37237a7167ee314db565ed6fbea90e94aa794330b6284b7fbd04","Labels":null,"ParentId":"","RepoDigests":["postgres@sha256:270cac6290e2dbf63201faa0e474bfa391fdeba5c439326904d43753b6f3387c","postgres@sha256:f7ce845ee6873dd84be93c9828fe0d1fab0f9707dc9ac569694657398b290bce"],"RepoTags":["postgres:18"],"SharedSize":-1,"Size":479294629},{"Containers":-1,"Created":1778670930,"Id":"sha256:9ad0bfd0970d33c76ea367b2c51653c14c97a39a748d8a66da25d01010abf8fa","Labels":null,"ParentId":"","RepoDigests":["moby/buildkit@sha256:0168606be2315b7c807a03b3d8aa79beefdb31c98740cebdffdfeebf31190c9f"],"RepoTags":["moby/buildkit:buildx-stable-1"],"SharedSize":-1,"Size":240970387},{"Containers":-1,"Created":1773700533,"Id":"sha256:dfee641c8b6719541e843300d13ce6de986ef764f012a59db21260fc09f77b69","Labels":null,"ParentId":"","RepoDigests":["docker-proxy.artifactory.tcsbank.ru/postgres@sha256:a9abf4275f9e99bff8e6aed712b3b7dfec9cac1341bba01c1ffdfce9ff9fc34a"],"RepoTags":["docker-proxy.artifactory.tcsbank.ru/postgres:latest"],"SharedSize":-1,"Size":479065626},{"Containers":-1,"Created":1772134159,"Id":"sha256:98e8adef37c633b03ac294e9fa80b939a7be708f4a29323571254d869a959008","Labels":null,"ParentId":"","RepoDigests":["postgres@sha256:fceb6f86328c36f2438fae3b851b0cc57c4a7e69a58c866d9ce24281f2cf0c9c"],"RepoTags":["postgres:15-alpine"],"SharedSize":-1,"Size":269554512},{"Containers":-1,"Created":1770273243,"Id":"sha256:1d9b39e6e267624f7d51ba9d402f46a968bb0e8bbd904ff78d54d9021ffb4a56","Labels":{"com.microsoft.product":"Microsoft SQL Server","com.microsoft.version":"17.0.4015.4","org.opencontainers.image.ref.name":"ubuntu","org.opencontainers.image.version":"24.04","vendor":"Microsoft"},"ParentId":"","RepoDigests":["mcr.microsoft.com/mssql/server@sha256:5ffdffd2ba852051c2fc2f5b310391bf896dbaf8d16cc026a3c859d6214b30d1"],"RepoTags":["mcr.microsoft.com/mssql/server:latest"],"SharedSize":-1,"Size":1815510308},{"Containers":-1,"Created":1769244559,"Id":"sha256:dbcbf900d336c59707d537c6d2b7e5119a7d3c29874f25e40faf813c4ab53bff","Labels":{"com.microsoft.product":"Microsoft SQL Server","com.microsoft.version":"16.0.4236.2","org.opencontainers.image.ref.name":"ubuntu","org.opencontainers.image.version":"22.04","vendor":"Microsoft"},"ParentId":"","RepoDigests":["mcr.microsoft.com/mssql/server@sha256:0ec7739e1c5ec2f57861facbe1f2b74f1d3e147c7c97edf91eeea920c5944d9c"],"RepoTags":["mcr.microsoft.com/mssql/se"
2026-07-21 17:27:03.607 [main] DEBUG com.github.dockerjava.zerodep.shaded.org.apache.hc.client5.http.wire - http-outgoing-0 << "rver:2022-latest"],"SharedSize":-1,"Size":1627993577},{"Containers":-1,"Created":1769071016,"Id":"sha256:13b03de7ed71532f90bfaf24bfbb022e8cb847b15e646dab47fd0dff5911bfb5","Labels":{"VCS_METRICS_CI_COMMIT_SHA":"ce3cf699e0195bf12bbd149a9862aa971568f95b","VCS_METRICS_CI_PROJECT_ID":"17973"},"ParentId":"","RepoDigests":["docker-hosted.artifactory.tcsbank.ru/unic/autodoc-beaver-alpha-macos-local@sha256:8aebb1f0243aaeee25b3610dd0e38f7137f6ef167f4fea81445a3463fcff7468"],"RepoTags":["docker-hosted.artifactory.tcsbank.ru/unic/autodoc-beaver-alpha-macos-local:latest"],"SharedSize":-1,"Size":1102498320},{"Containers":-1,"Created":1768909261,"Id":"sha256:0e867be6d2b84266f1bca68a88bd7cafd2db0b28520dddb5d711fa6903b15148","Labels":{"org.opencontainers.image.ref.name":"ubuntu","org.opencontainers.image.version":"24.04"},"ParentId":"","RepoDigests":[],"RepoTags":["demo:latest"],"SharedSize":-1,"Size":175859060},{"Containers":-1,"Created":1763081445,"Id":"sha256:fc35ba4930440a304c2926b1b8e3f331648da8ffe0213dc0165e1f19a3275ec2","Labels":{"org.opencontainers.image.ref.name":"ubuntu","org.opencontainers.image.version":"22.04"},"ParentId":"","RepoDigests":["cassandra@sha256:9a14b18eb658851e8939cfdeca8fcbca389f5f0d00fca4a995d80b6accfcbd96"],"RepoTags":["cassandra:3.11.19"],"SharedSize":-1,"Size":291535172},{"Containers":-1,"Created":1763081419,"Id":"sha256:acc3c9e360a29e9b8aa31ee965951169fcd0216d156c20dcecda8867341bd4fd","Labels":{"org.opencontainers.image.ref.name":"ubuntu","org.opencontainers.image.version":"22.04"},"ParentId":"","RepoDigests":["cassandra@sha256:ef317ed8ee30492ba1d3841093540e56d5347f3b18da458042839d8d312d98b7"],"RepoTags":["cassandra:4.1.10"],"SharedSize":-1,"Size":344960699},{"Containers":-1,"Created":1763081414,"Id":"sha256:098f229009434c1961bf3844e48112d3196ebfd50551405587f0ab04ce467da9","Labels":{"org.opencontainers.image.ref.name":"ubuntu","org.opencontainers.image.version":"22.04"},"ParentId":"","RepoDigests":["cassandra@sha256:5e2c85d2d5db759c28c3efb50905f8d237f958321d6dfd8c176cb148700d9ade"],"RepoTags":["cassandra:latest"],"SharedSize":-1,"Size":371568124},{"Containers":-1,"Created":1759258693,"Id":"sha256:fb816a7354a066958c432bbab0f52397965d5bf0ac5c3a27839cd5a5cb1b2486","Labels":null,"ParentId":"","RepoDigests":["postgres@sha256:49f7dcce1efddd8d86ae3f37dcba206b5655d9fac3d3872d2823177fd6c1e7fa"],"RepoTags":["postgres:14-alpine"],"SharedSize":-1,"Size":269278908},{"Containers":-1,"Created":1759155737,"Id":"sha256:40bdc38d89aea1f2dfbc60f57d4706e8631fd268d73ec29248f3d46e6010b5d0","Labels":{"maintainer":"Alexander Kukushkin \u003cakukushkin@microsoft.com\u003e"},"ParentId":"","RepoDigests":["dimarudik/patroni@sha256:d188b4b664fbf936784e10a74ff63a4a79d991ae7c8e73c445e004c40ff0ec6d"],"RepoTags":["dimarudik/patroni:latest"],"SharedSize":-1,"Size":568688250},{"Containers":-1,"Created":1758877328,"Id":"sha256:52785d2485ac7df684b8740e233427b5ed4d0ee39132f1bb54ddc54df767bf38","Labels":{"org.testcontainers.ryuk":"true"},"ParentId":"","RepoDigests":["docker-proxy.artifactory.tcsbank.ru/testcontainers/ryuk@sha256:7c1a8a9a47c780ed0f983770a662f80deb115d95cce3e2daa3d12115b8cd28f0","testcontainers/ryuk@sha256:7c1a8a9a47c780ed0f983770a662f80deb115d95cce3e2daa3d12115b8cd28f0"],"RepoTags":["docker-proxy.artifactory.tcsbank.ru/testcontainers/ryuk:0.14.0","testcontainers/ryuk:0.14.0"],"SharedSize":-1,"Size":2112073},{"Containers":-1,"Created":1758824555,"Id":"sha256:21a7e541217c7a1b157f4e0d534eaa715ccca6da24e9778c122873a4cc75d6f5","Labels":null,"ParentId":"","RepoDigests":["postgres@sha256:073e7c8b84e2197f94c8083634640ab37105effe1bc853ca4d5fbece3219b0e8"],"RepoTags":["postgres:latest"],"SharedSize":-1,"Size":478920920},{"Containers":-1,"Created":1758823363,"Id":"sha256:48c2ba21a288201d8cfa3f52b1f09a8b0a28f9c1926d37bc12cf269f7c76d400","Labels":null,"ParentId":"","RepoDigests":["postgres@sha256:e6a4209d1a4893f2df3bdcde58f8926c3c929c4d51df90990ed1b36d83c1382a"],"RepoTags":["postgres:17.6"],"SharedSize":-1,"Size":476036464},{"Containers":-1,"Created":1757583675,"Id":"sha256:f05cb83255c5eebcbe6253192c050e92c2980452454314b8d286127308e957d2","Labels":{"org.opencontainers.image.created":"2025-09-11T09:13:47.128Z","org.opencontainers.image.description":"Cross-platform emulator collection distributed with Docker images","org.opencontainers.image.licenses":"MIT","org.opencontainers.image.revision":"8bf932dba1f67bb274320e7cebece2807e4b99e1","org.opencontainers.image.source":"https://github.com/tonistiigi/binfmt","org.opencontainers.image.title":"Binfmt","org.opencontainers.image.url":"https://github.com/tonistiigi/binfmt","org.opencontainers.image.version":"qemu-v10.0.4-56"},"ParentId":"","RepoDigests":["tonistiigi/binfmt@sha256:30cc9a4d03765acac9be2ed0afc23af1ad018aed2c28ea4be8c2eb9afe03fbd1"],"RepoTags":["tonistiigi/binfmt:latest"],"SharedSize":-1,"Size":80383451},{"Containers":-1,"Created":1757409557,"Id":"sha256:c9fca4de435aa43a1469cbeae6551380ead4714fbcd371aaa04351bc58e101fe","Labels":{"org.opencontainers.image.ref.name":"ubuntu","org.opencontainers.image.version":"22.04"},"ParentId":"","RepoDigests":[],"RepoTags":["cs6:latest"],"SharedSize":-1,"Size":370914843},{"Containers":-1,"Created":1757409556,"Id":"sha256:5efa97f354e5610b998199b9a519f1aac178f2f64292d26bcd337fe02d95eb04","Labels":{"org.opencontainers.image.ref.name":"ubuntu","org.opencontainers.image.version":"22.04"},"ParentId":"","RepoDigests":[],"RepoTags":["cs5:latest"],"SharedSize":-1,"Size":370914843},{"Containers":-1,"Created":1757409555,"Id":"sha256:3dfa84c23357c5291fcfd43965c7bded78ad2535f977ab78f800ee27a4fbfff4","Labels":{"org.opencontainers.image.ref.name":"ubuntu","org.opencontainers.image.version":"22.04"},"ParentId":"","RepoDigests":[],"RepoTags":["cs4:latest"],"SharedSize":-1,"Size":370914832},{"Containers":-1,"Created":1757409555,"Id":"sha256:023d6d2b580b89c6d7c608836238387d7f1d0e349e597aebda26cb7c456f2759","Labels":{"org.opencontainers.image.ref.name":"ubuntu","org.opencontainers.image.version":"22.04"},"ParentId":"","RepoDigests":[],"RepoTags":["cs3:latest"],"SharedSize":-1,"Size":370914843},{"Containers":-1,"Created":1757409554,"Id":"sha256:360588aa64e9270012bc0e1709c74925c4ead92298ed0e124d9395c67f66cfb4","Labels":{"org.opencontainers.image.ref.name":"ubuntu","org.opencontainers.image.version":"22.04"},"ParentId":"","RepoDigests":[],"RepoTags":["cs2:latest"],"SharedSize":-1,"Size":370914902},{"Containers":-1,"Created":1757409436,"Id":"sha256:404acdb7fb3a3afc106fa763b0eec9346f84139deeb9118b3fcc42d0cd30387e","Labels":{"org.opencontainers.image.ref.name":"ubuntu","org.opencontainers.image.version":"22.04"},"ParentId":"","RepoDigests":[],"RepoTags":["cs1:latest"],"SharedSize":-1,"Size":370914902},{"Containers":-1,"Created":1757401688,"Id":"sha256:3d6f74760dfc17060da5abc5d463d3d45b4ceea05955c9cc42b3ec56cb38cc48","Labels":null,"ParentId":"","RepoDigests":["gcr.io/k8s-minikube/kicbase@sha256:7171c97a51623558720f8e5878e4f4637da093e2f2ed589997bedc6c1549b2b1"],"RepoTags":["gcr.io/k8s-minikube/kicbase:v0.0.48"],"SharedSize":-1,"Size":1237726446},{"Containers":-1,"Created":1756728358,"Id":"sha256:f04fd744b5d50f8c88d9d4938c54e05a9adb56d520542f899a7d6873fa7280f2","Labels":{"org.testcontainers.ryuk":"true"},"ParentId":"","RepoDigests":["docker-proxy.artifactory.tcsbank.ru/testcontainers/ryuk@sha256:31b31269d06603366cbfd0284708dcd2e281e8a4188e53fce3d3304439d0df3d","testcontainers/ryuk@sha256:31b31269d06603366cbfd0284708dcd2e281e8a4188e53fce3d3304439d0df3d"],"RepoTags":["docker-proxy.artifactory.tcsbank.ru/testcontainers/ryuk:0.13.0","testcontainers/ryuk:0.13.0"],"SharedSize":-1,"Size":6897409},{"Containers":-1,"Created":1754154988,"Id":"sha256:1195813a9237d2f0c10a212e4e38f4b1dc3ede89e18712043f1c0ac406b1a986","Labels":{"io.buildah.version":"1.33.7","org.opencontainers.image.authors":"Gerald Venzl","org.opencontainers.image.description":"Oracle Database Free for everyone!","org.opencontainers.image.documentation":"https://github.com/gvenzl/oci-oracle-free/blob/main/README.md","org.opencontainers.image.licenses":"Apac"
[...]
2026-07-21 17:27:13.476 [main] TRACE org.springframework.context.annotation.ConfigurationClassPostProcessor - Replacing bean definition 'dev.bublik.starter.autoconfigure.BublikAutoConfiguration' existing class 'dev.bublik.starter.autoconfigure.BublikAutoConfiguration' with enhanced class 'dev.bublik.starter.autoconfigure.BublikAutoConfiguration$$SpringCGLIB$$0'
2026-07-21 17:27:13.476 [main] DEBUG org.springframework.beans.factory.support.DefaultListableBeanFactory - Creating shared instance of singleton bean 'org.springframework.context.event.internalEventListenerProcessor'
2026-07-21 17:27:13.476 [main] TRACE org.springframework.beans.factory.support.DefaultListableBeanFactory - Creating instance of bean 'org.springframework.context.event.internalEventListenerProcessor'
2026-07-21 17:27:13.478 [main] TRACE org.springframework.beans.factory.support.DefaultListableBeanFactory - Finished creating instance of bean 'org.springframework.context.event.internalEventListenerProcessor'
2026-07-21 17:27:13.478 [main] DEBUG org.springframework.beans.factory.support.DefaultListableBeanFactory - Creating shared instance of singleton bean 'org.springframework.context.event.internalEventListenerFactory'
2026-07-21 17:27:13.478 [main] TRACE org.springframework.beans.factory.support.DefaultListableBeanFactory - Creating instance of bean 'org.springframework.context.event.internalEventListenerFactory'
2026-07-21 17:27:13.478 [main] TRACE org.springframework.beans.factory.support.DefaultListableBeanFactory - Finished creating instance of bean 'org.springframework.context.event.internalEventListenerFactory'
2026-07-21 17:27:13.479 [main] DEBUG org.springframework.beans.factory.support.DefaultListableBeanFactory - Creating shared instance of singleton bean 'org.springframework.context.annotation.internalAutowiredAnnotationProcessor'
2026-07-21 17:27:13.479 [main] TRACE org.springframework.beans.factory.support.DefaultListableBeanFactory - Creating instance of bean 'org.springframework.context.annotation.internalAutowiredAnnotationProcessor'
2026-07-21 17:27:13.479 [main] TRACE org.springframework.beans.factory.support.DefaultListableBeanFactory - Finished creating instance of bean 'org.springframework.context.annotation.internalAutowiredAnnotationProcessor'
2026-07-21 17:27:13.479 [main] DEBUG org.springframework.beans.factory.support.DefaultListableBeanFactory - Creating shared instance of singleton bean 'org.springframework.boot.context.properties.ConfigurationPropertiesBindingPostProcessor'
2026-07-21 17:27:13.479 [main] TRACE org.springframework.beans.factory.support.DefaultListableBeanFactory - Creating instance of bean 'org.springframework.boot.context.properties.ConfigurationPropertiesBindingPostProcessor'
2026-07-21 17:27:13.480 [main] TRACE org.springframework.beans.factory.support.DefaultListableBeanFactory - Invoking afterPropertiesSet() on bean with name 'org.springframework.boot.context.properties.ConfigurationPropertiesBindingPostProcessor'
2026-07-21 17:27:13.480 [main] DEBUG org.springframework.beans.factory.support.DefaultListableBeanFactory - Creating shared instance of singleton bean 'org.springframework.boot.context.internalConfigurationPropertiesBinder'
2026-07-21 17:27:13.480 [main] TRACE org.springframework.beans.factory.support.DefaultListableBeanFactory - Creating instance of bean 'org.springframework.boot.context.internalConfigurationPropertiesBinder'
2026-07-21 17:27:13.481 [main] TRACE org.springframework.beans.factory.support.DefaultListableBeanFactory - Finished creating instance of bean 'org.springframework.boot.context.internalConfigurationPropertiesBinder'
2026-07-21 17:27:13.481 [main] TRACE org.springframework.beans.factory.support.DefaultListableBeanFactory - Finished creating instance of bean 'org.springframework.boot.context.properties.ConfigurationPropertiesBindingPostProcessor'
2026-07-21 17:27:13.481 [main] TRACE org.springframework.context.annotation.AnnotationConfigApplicationContext - No 'messageSource' bean, using [Empty MessageSource]
2026-07-21 17:27:13.482 [main] TRACE org.springframework.context.annotation.AnnotationConfigApplicationContext - No 'applicationEventMulticaster' bean, using [SimpleApplicationEventMulticaster]
2026-07-21 17:27:13.482 [main] TRACE org.springframework.beans.factory.support.DefaultListableBeanFactory - Pre-instantiating singletons in org.springframework.beans.factory.support.DefaultListableBeanFactory@3d4ecc67: defining beans [org.springframework.context.annotation.internalConfigurationAnnotationProcessor,org.springframework.context.annotation.internalAutowiredAnnotationProcessor,org.springframework.context.event.internalEventListenerProcessor,org.springframework.context.event.internalEventListenerFactory,dev.bublik.starter.autoconfigure.BublikAutoConfiguration,automatedMigrationRunner,org.springframework.boot.context.properties.ConfigurationPropertiesBindingPostProcessor,org.springframework.boot.context.internalConfigurationPropertiesBinder,org.springframework.boot.context.properties.BoundConfigurationProperties,org.springframework.boot.context.properties.EnableConfigurationPropertiesRegistrar.methodValidationExcludeFilter,bublik-dev.bublik.starter.properties.BublikProperties]; root of factory hierarchy
2026-07-21 17:27:13.482 [main] TRACE org.springframework.beans.factory.support.DefaultListableBeanFactory - Returning cached instance of singleton bean 'org.springframework.context.annotation.internalConfigurationAnnotationProcessor'
2026-07-21 17:27:13.482 [main] TRACE org.springframework.beans.factory.support.DefaultListableBeanFactory - Returning cached instance of singleton bean 'org.springframework.context.annotation.internalAutowiredAnnotationProcessor'
2026-07-21 17:27:13.482 [main] TRACE org.springframework.beans.factory.support.DefaultListableBeanFactory - Returning cached instance of singleton bean 'org.springframework.context.event.internalEventListenerProcessor'
2026-07-21 17:27:13.482 [main] TRACE org.springframework.beans.factory.support.DefaultListableBeanFactory - Returning cached instance of singleton bean 'org.springframework.context.event.internalEventListenerFactory'
2026-07-21 17:27:13.483 [main] DEBUG org.springframework.beans.factory.support.DefaultListableBeanFactory - Creating shared instance of singleton bean 'dev.bublik.starter.autoconfigure.BublikAutoConfiguration'
2026-07-21 17:27:13.483 [main] TRACE org.springframework.beans.factory.support.DefaultListableBeanFactory - Creating instance of bean 'dev.bublik.starter.autoconfigure.BublikAutoConfiguration'
2026-07-21 17:27:13.485 [main] DEBUG org.springframework.beans.factory.support.DefaultListableBeanFactory - Creating shared instance of singleton bean 'bublik-dev.bublik.starter.properties.BublikProperties'
2026-07-21 17:27:13.485 [main] TRACE org.springframework.beans.factory.support.DefaultListableBeanFactory - Creating instance of bean 'bublik-dev.bublik.starter.properties.BublikProperties'
2026-07-21 17:27:13.488 [main] DEBUG org.springframework.beans.factory.support.DefaultListableBeanFactory - Creating shared instance of singleton bean 'org.springframework.boot.context.properties.BoundConfigurationProperties'
2026-07-21 17:27:13.488 [main] TRACE org.springframework.beans.factory.support.DefaultListableBeanFactory - Creating instance of bean 'org.springframework.boot.context.properties.BoundConfigurationProperties'
2026-07-21 17:27:13.488 [main] TRACE org.springframework.beans.factory.support.DefaultListableBeanFactory - Finished creating instance of bean 'org.springframework.boot.context.properties.BoundConfigurationProperties'
2026-07-21 17:27:13.527 [main] TRACE org.springframework.beans.factory.support.DefaultListableBeanFactory - Finished creating instance of bean 'bublik-dev.bublik.starter.properties.BublikProperties'
2026-07-21 17:27:13.527 [main] DEBUG org.springframework.beans.factory.support.DefaultListableBeanFactory - Autowiring by type from bean name 'dev.bublik.starter.autoconfigure.BublikAutoConfiguration' via constructor to bean named 'bublik-dev.bublik.starter.properties.BublikProperties'
2026-07-21 17:27:13.527 [main] TRACE org.springframework.beans.factory.support.DefaultListableBeanFactory - Finished creating instance of bean 'dev.bublik.starter.autoconfigure.BublikAutoConfiguration'
2026-07-21 17:27:13.528 [main] DEBUG org.springframework.beans.factory.support.DefaultListableBeanFactory - Creating shared instance of singleton bean 'automatedMigrationRunner'
2026-07-21 17:27:13.528 [main] TRACE org.springframework.beans.factory.support.DefaultListableBeanFactory - Creating instance of bean 'automatedMigrationRunner'
2026-07-21 17:27:13.528 [main] TRACE org.springframework.beans.factory.support.DefaultListableBeanFactory - Returning cached instance of singleton bean 'dev.bublik.starter.autoconfigure.BublikAutoConfiguration'
2026-07-21 17:27:13.528 [main] TRACE org.springframework.beans.factory.support.DefaultListableBeanFactory - Finished creating instance of bean 'automatedMigrationRunner'
2026-07-21 17:27:13.528 [main] TRACE org.springframework.beans.factory.support.DefaultListableBeanFactory - Returning cached instance of singleton bean 'org.springframework.boot.context.properties.ConfigurationPropertiesBindingPostProcessor'
2026-07-21 17:27:13.528 [main] TRACE org.springframework.beans.factory.support.DefaultListableBeanFactory - Returning cached instance of singleton bean 'org.springframework.boot.context.internalConfigurationPropertiesBinder'
2026-07-21 17:27:13.528 [main] TRACE org.springframework.beans.factory.support.DefaultListableBeanFactory - Returning cached instance of singleton bean 'org.springframework.boot.context.properties.BoundConfigurationProperties'
2026-07-21 17:27:13.528 [main] DEBUG org.springframework.beans.factory.support.DefaultListableBeanFactory - Creating shared instance of singleton bean 'org.springframework.boot.context.properties.EnableConfigurationPropertiesRegistrar.methodValidationExcludeFilter'
2026-07-21 17:27:13.528 [main] TRACE org.springframework.beans.factory.support.DefaultListableBeanFactory - Creating instance of bean 'org.springframework.boot.context.properties.EnableConfigurationPropertiesRegistrar.methodValidationExcludeFilter'
2026-07-21 17:27:13.530 [main] TRACE org.springframework.beans.factory.support.DefaultListableBeanFactory - Ignoring factory method [public static org.springframework.boot.validation.beanvalidation.MethodValidationExcludeFilter org.springframework.boot.validation.beanvalidation.MethodValidationExcludeFilter.byAnnotation(java.lang.Class,org.springframework.core.annotation.MergedAnnotations$SearchStrategy)] of bean 'org.springframework.boot.context.properties.EnableConfigurationPropertiesRegistrar.methodValidationExcludeFilter': org.springframework.beans.factory.UnsatisfiedDependencyException: Error creating bean with name 'org.springframework.boot.context.properties.EnableConfigurationPropertiesRegistrar.methodValidationExcludeFilter': Unsatisfied dependency expressed through method 'byAnnotation' parameter 1: Ambiguous argument values for parameter of type [org.springframework.core.annotation.MergedAnnotations$SearchStrategy] - did you specify the correct bean references as arguments?
2026-07-21 17:27:13.530 [main] TRACE org.springframework.beans.factory.support.DefaultListableBeanFactory - Finished creating instance of bean 'org.springframework.boot.context.properties.EnableConfigurationPropertiesRegistrar.methodValidationExcludeFilter'
2026-07-21 17:27:13.530 [main] TRACE org.springframework.beans.factory.support.DefaultListableBeanFactory - Returning cached instance of singleton bean 'bublik-dev.bublik.starter.properties.BublikProperties'
2026-07-21 17:27:13.531 [main] TRACE org.springframework.context.event.EventListenerMethodProcessor - No @EventListener annotations found on bean class: dev.bublik.starter.autoconfigure.BublikAutoConfiguration$$SpringCGLIB$$0
2026-07-21 17:27:13.531 [main] TRACE org.springframework.context.event.EventListenerMethodProcessor - No @EventListener annotations found on bean class: dev.bublik.starter.autoconfigure.BublikAutoConfiguration$$Lambda/0x0000100001639458
2026-07-21 17:27:13.531 [main] TRACE org.springframework.context.event.EventListenerMethodProcessor - No @EventListener annotations found on bean class: dev.bublik.starter.properties.BublikProperties
2026-07-21 17:27:13.535 [main] TRACE org.springframework.core.io.support.SpringFactoriesLoader - Loaded [org.springframework.beans.BeanInfoFactory] names: []
2026-07-21 17:27:13.536 [main] TRACE org.springframework.context.annotation.AnnotationConfigApplicationContext - No 'lifecycleProcessor' bean, using [DefaultLifecycleProcessor]
2026-07-21 17:27:13.536 [main] TRACE org.springframework.beans.factory.support.DefaultListableBeanFactory - Returning cached instance of singleton bean 'lifecycleProcessor'
2026-07-21 17:27:13.561 [main] TRACE org.springframework.beans.factory.support.DefaultListableBeanFactory - Returning cached instance of singleton bean 'automatedMigrationRunner'
2026-07-21 17:27:13.561 [main] TRACE org.springframework.beans.factory.support.DefaultListableBeanFactory - Returning cached instance of singleton bean 'automatedMigrationRunner'
[TEST] Triggering cold-start. Invoking Bublik automatedMigrationRunner...
2026-07-21 17:27:13.561 [main] INFO  dev.bublik.starter.autoconfigure.BublikAutoConfiguration - [Bublik Starter] Initiating automated data migration process at startup...
2026-07-21 17:27:13.562 [main] INFO  dev.bublik.core.service.StorageService - Bublik starting...
2026-07-21 17:27:13.563 [main] INFO  dev.bublik.core.service.StorageService - VERSION : unknown
2026-07-21 17:27:13.563 [main] INFO  dev.bublik.core.service.StorageService - WORKSTATION: macbook-JP9THFRQM6
2026-07-21 17:27:13.563 [main] INFO  dev.bublik.core.service.StorageService - CPU: 12
2026-07-21 17:27:13.563 [main] INFO  dev.bublik.core.service.StorageService - THREADS: 2
2026-07-21 17:27:13.563 [main] INFO  dev.bublik.core.service.StorageService - SOURCE: jdbc:oracle:thin:@localhost:50872/freepdb1
2026-07-21 17:27:13.563 [main] INFO  dev.bublik.core.service.StorageService - SOURCE USERNAME: test
2026-07-21 17:27:13.563 [main] INFO  dev.bublik.core.service.StorageService - TARGET: jdbc:postgresql://localhost:50887/test?loggerLevel=OFF
2026-07-21 17:27:13.563 [main] INFO  dev.bublik.core.service.StorageService - TARGET USERNAME: test
2026-07-21 17:27:13.564 [main] INFO  dev.bublik.core.service.StorageService - Storage factory: dev.bublik.postgres.storage.PostgresStorageFactory
2026-07-21 17:27:13.564 [main] INFO  dev.bublik.core.service.StorageService - Storage factory: dev.bublik.oracle.storage.OracleStorageFactory
2026-07-21 17:27:13.564 [main] INFO  dev.bublik.core.service.StorageService - Storage factory: dev.bublik.cassandra.storage.CassandraStorageFactory
2026-07-21 17:27:13.564 [main] INFO  dev.bublik.core.service.StorageService - Storage factory: dev.bublik.mssql.storage.MSSQLStorageFactory
2026-07-21 17:27:13.564 [main] INFO  dev.bublik.core.service.StorageService - Storage factory: dev.bublik.ydb.storage.YDBStorageFactory
2026-07-21 17:27:13.566 [main] INFO  dev.bublik.core.service.StorageService - Storage class: dev.bublik.oracle.storage.OracleStorage 
2026-07-21 17:27:13.606 [main] INFO  dev.bublik.core.service.StorageService - Storage class: dev.bublik.postgres.storage.PostgresStorage 
2026-07-21 17:27:13.656 [main] WARN  dev.bublik.oracle.storage.OracleStorage - Task TEST_SOURCE_USERS_target_users_task does not exist
2026-07-21 17:27:14.037 [main] INFO  dev.bublik.oracle.storage.OracleStorage - Created chunks for task TEST_SOURCE_USERS_target_users_task
2026-07-21 17:27:14.037 [main] INFO  dev.bublik.oracle.storage.OracleStorage - ROWID chunks created successfully
2026-07-21 17:27:14.042 [main] INFO  dev.bublik.postgres.storage.PostgresStorage - Outbox table public.bublik_outbox created successfully
2026-07-21 17:27:14.045 [main] INFO  dev.bublik.core.storage.JDBCStorage - SOURCE version: 23
2026-07-21 17:27:14.248 [main] DEBUG dev.bublik.oracle.storage.OracleStorage - SQL to fetch metadata of chunks: select chunk_id, start_rowid, end_rowid, start_id, end_id, task_name, status from user_parallel_execute_chunks where status <> 'PROCESSED' and task_name = ?   and rownum <= 1000 
2026-07-21 17:27:14.253 [main] INFO  dev.bublik.oracle.storage.OracleStorage - Fetch query: SELECT /* bublik */  ID, "NAME" FROM TEST.SOURCE_USERS   WHERE ( 1 = 1 ) and rowid between ? and ? 
2026-07-21 17:27:14.374 [pool-3-thread-1] INFO  dev.bublik.core.model.Chunk - PostgreSQL COPY SOURCE_USERS -> target_users of 3 rows (start:AAARqtAAYAAAAAIAAA, end:AAARqtAAYAAAAAPH//) chunk_id:1	 0.01 sec
2026-07-21 17:27:14.389 [main] DEBUG dev.bublik.oracle.storage.OracleStorage - SQL to fetch metadata of chunks: select chunk_id, start_rowid, end_rowid, start_id, end_id, task_name, status from user_parallel_execute_chunks where status <> 'PROCESSED' and task_name = ?   and rownum <= 1000 
2026-07-21 17:27:14.391 [main] INFO  dev.bublik.oracle.storage.OracleStorage - Fetch query: SELECT /* bublik */  ID, "NAME" FROM TEST.SOURCE_USERS   WHERE ( 1 = 1 ) and rowid between ? and ? 
2026-07-21 17:27:14.393 [main] INFO  dev.bublik.core.storage.JDBCStorage - All chunks are processed
2026-07-21 17:27:14.401 [main] INFO  dev.bublik.oracle.storage.OracleStorage - Dropped task TEST_SOURCE_USERS_target_users_task
2026-07-21 17:27:14.404 [main] INFO  dev.bublik.core.storage.JDBCStorage - HikariDataSource closed successfully.
2026-07-21 17:27:14.404 [main] INFO  dev.bublik.core.storage.JDBCStorage - Bublik-managed HikariDataSource successfully closed.
2026-07-21 17:27:14.407 [main] INFO  dev.bublik.core.storage.JDBCStorage - HikariDataSource closed successfully.
2026-07-21 17:27:14.407 [main] INFO  dev.bublik.core.storage.JDBCStorage - Bublik-managed HikariDataSource successfully closed.
2026-07-21 17:27:14.407 [main] INFO  dev.bublik.starter.autoconfigure.BublikAutoConfiguration - [Bublik Starter] Migration finished successfully in 845 ms.
[TEST] Migration execution finished. Verifying rows inside target PostgreSQL СУБД...
[TEST] GENIUS! Heterogeneous Oracle -> PostgreSQL migration via Spring Boot Starter is verified.
2026-07-21 17:27:14.419 [main] DEBUG org.springframework.context.annotation.AnnotationConfigApplicationContext - Closing org.springframework.context.annotation.AnnotationConfigApplicationContext@71b97eeb, started on Tue Jul 21 17:27:13 MSK 2026
2026-07-21 17:27:14.419 [main] TRACE org.springframework.beans.factory.support.DefaultListableBeanFactory - Returning cached instance of singleton bean 'lifecycleProcessor'
2026-07-21 17:27:14.420 [main] TRACE org.springframework.beans.factory.support.DefaultListableBeanFactory - Destroying singletons in org.springframework.beans.factory.support.DefaultListableBeanFactory@3d4ecc67: defining beans [org.springframework.context.annotation.internalConfigurationAnnotationProcessor,org.springframework.context.annotation.internalAutowiredAnnotationProcessor,org.springframework.context.event.internalEventListenerProcessor,org.springframework.context.event.internalEventListenerFactory,dev.bublik.starter.autoconfigure.BublikAutoConfiguration,automatedMigrationRunner,org.springframework.boot.context.properties.ConfigurationPropertiesBindingPostProcessor,org.springframework.boot.context.internalConfigurationPropertiesBinder,org.springframework.boot.context.properties.BoundConfigurationProperties,org.springframework.boot.context.properties.EnableConfigurationPropertiesRegistrar.methodValidationExcludeFilter,bublik-dev.bublik.starter.properties.BublikProperties]; root of factory hierarchy
]]></system-out>
    <system-err><![CDATA[Jul 21, 2026 5:27:12 PM tech.ydb.jdbc.YdbDriver register
INFO: YDB JDBC Driver registered: YDB JDBC Driver 2.3.17(based on SDK 2.3.20)
]]></system-err>
  </testcase>
</testsuite>