<?xml version="1.0" encoding="UTF-8"?>
<testsuite xmlns:xsi="http://www.w3.org/2001/XMLSchema-instance" xsi:noNamespaceSchemaLocation="https://maven.apache.org/surefire/maven-surefire-plugin/xsd/surefire-test-report-3.0.xsd" version="3.0" name="dev.bublik.starter.autoconfigure.BublikStarterTest" time="0.055" tests="3" errors="0" skipped="0" failures="0">
  <properties>
[...]
</properties>
  <testcase name="shouldRegisterAutoConfigurationWhenEnabledByDefault" classname="dev.bublik.starter.autoconfigure.BublikStarterTest" time="0.019">
    <system-out><![CDATA[2026-07-21 17:27:15.069 [main] TRACE org.springframework.boot.autoconfigure.condition.OnPropertyCondition - Condition OnPropertyCondition on dev.bublik.starter.autoconfigure.BublikAutoConfiguration matched due to @ConditionalOnProperty (bublik.enabled=true) matched
2026-07-21 17:27:15.069 [main] TRACE org.springframework.context.annotation.AnnotationConfigApplicationContext - Refreshing org.springframework.context.annotation.AnnotationConfigApplicationContext@1031c1a0, started on Tue Jul 21 17:27:15 MSK 2026
2026-07-21 17:27:15.070 [main] DEBUG org.springframework.beans.factory.support.DefaultListableBeanFactory - Creating shared instance of singleton bean 'org.springframework.context.annotation.internalConfigurationAnnotationProcessor'
2026-07-21 17:27:15.070 [main] TRACE org.springframework.beans.factory.support.DefaultListableBeanFactory - Creating instance of bean 'org.springframework.context.annotation.internalConfigurationAnnotationProcessor'
2026-07-21 17:27:15.070 [main] TRACE org.springframework.beans.factory.support.DefaultListableBeanFactory - Finished creating instance of bean 'org.springframework.context.annotation.internalConfigurationAnnotationProcessor'
2026-07-21 17:27:15.070 [main] TRACE org.springframework.boot.autoconfigure.condition.OnPropertyCondition - Condition OnPropertyCondition on dev.bublik.starter.autoconfigure.BublikAutoConfiguration matched due to @ConditionalOnProperty (bublik.enabled=true) matched
2026-07-21 17:27:15.070 [main] TRACE org.springframework.beans.factory.support.DefaultListableBeanFactory - Returning cached instance of singleton bean 'autoConfigurationReport'
2026-07-21 17:27:15.071 [main] TRACE org.springframework.boot.autoconfigure.condition.OnPropertyCondition - Condition OnPropertyCondition on dev.bublik.starter.autoconfigure.BublikAutoConfiguration matched due to @ConditionalOnProperty (bublik.enabled=true) matched
2026-07-21 17:27:15.071 [main] TRACE org.springframework.beans.factory.support.DefaultListableBeanFactory - Returning cached instance of singleton bean 'autoConfigurationReport'
2026-07-21 17:27:15.071 [main] TRACE org.springframework.context.annotation.ConfigurationClassBeanDefinitionReader - Registering bean definition for @Bean method dev.bublik.starter.autoconfigure.BublikAutoConfiguration.automatedMigrationRunner() with bean name 'automatedMigrationRunner'
2026-07-21 17:27:15.072 [main] TRACE org.springframework.context.annotation.ConfigurationClassEnhancer - Successfully enhanced dev.bublik.starter.autoconfigure.BublikAutoConfiguration; enhanced class name is: dev.bublik.starter.autoconfigure.BublikAutoConfiguration$$SpringCGLIB$$0
2026-07-21 17:27:15.072 [main] TRACE org.springframework.context.annotation.ConfigurationClassPostProcessor - Replacing bean definition 'dev.bublik.starter.autoconfigure.BublikAutoConfiguration' existing class 'dev.bublik.starter.autoconfigure.BublikAutoConfiguration' with enhanced class 'dev.bublik.starter.autoconfigure.BublikAutoConfiguration$$SpringCGLIB$$0'
2026-07-21 17:27:15.072 [main] DEBUG org.springframework.beans.factory.support.DefaultListableBeanFactory - Creating shared instance of singleton bean 'org.springframework.context.event.internalEventListenerProcessor'
2026-07-21 17:27:15.072 [main] TRACE org.springframework.beans.factory.support.DefaultListableBeanFactory - Creating instance of bean 'org.springframework.context.event.internalEventListenerProcessor'
2026-07-21 17:27:15.072 [main] TRACE org.springframework.beans.factory.support.DefaultListableBeanFactory - Finished creating instance of bean 'org.springframework.context.event.internalEventListenerProcessor'
2026-07-21 17:27:15.072 [main] DEBUG org.springframework.beans.factory.support.DefaultListableBeanFactory - Creating shared instance of singleton bean 'org.springframework.context.event.internalEventListenerFactory'
2026-07-21 17:27:15.072 [main] TRACE org.springframework.beans.factory.support.DefaultListableBeanFactory - Creating instance of bean 'org.springframework.context.event.internalEventListenerFactory'
2026-07-21 17:27:15.072 [main] TRACE org.springframework.beans.factory.support.DefaultListableBeanFactory - Finished creating instance of bean 'org.springframework.context.event.internalEventListenerFactory'
2026-07-21 17:27:15.072 [main] DEBUG org.springframework.beans.factory.support.DefaultListableBeanFactory - Creating shared instance of singleton bean 'org.springframework.context.annotation.internalAutowiredAnnotationProcessor'
2026-07-21 17:27:15.072 [main] TRACE org.springframework.beans.factory.support.DefaultListableBeanFactory - Creating instance of bean 'org.springframework.context.annotation.internalAutowiredAnnotationProcessor'
2026-07-21 17:27:15.073 [main] TRACE org.springframework.beans.factory.support.DefaultListableBeanFactory - Finished creating instance of bean 'org.springframework.context.annotation.internalAutowiredAnnotationProcessor'
2026-07-21 17:27:15.073 [main] DEBUG org.springframework.beans.factory.support.DefaultListableBeanFactory - Creating shared instance of singleton bean 'org.springframework.boot.context.properties.ConfigurationPropertiesBindingPostProcessor'
2026-07-21 17:27:15.073 [main] TRACE org.springframework.beans.factory.support.DefaultListableBeanFactory - Creating instance of bean 'org.springframework.boot.context.properties.ConfigurationPropertiesBindingPostProcessor'
2026-07-21 17:27:15.073 [main] TRACE org.springframework.beans.factory.support.DefaultListableBeanFactory - Invoking afterPropertiesSet() on bean with name 'org.springframework.boot.context.properties.ConfigurationPropertiesBindingPostProcessor'
2026-07-21 17:27:15.073 [main] DEBUG org.springframework.beans.factory.support.DefaultListableBeanFactory - Creating shared instance of singleton bean 'org.springframework.boot.context.internalConfigurationPropertiesBinder'
2026-07-21 17:27:15.073 [main] TRACE org.springframework.beans.factory.support.DefaultListableBeanFactory - Creating instance of bean 'org.springframework.boot.context.internalConfigurationPropertiesBinder'
2026-07-21 17:27:15.073 [main] TRACE org.springframework.beans.factory.support.DefaultListableBeanFactory - Finished creating instance of bean 'org.springframework.boot.context.internalConfigurationPropertiesBinder'
2026-07-21 17:27:15.073 [main] TRACE org.springframework.beans.factory.support.DefaultListableBeanFactory - Finished creating instance of bean 'org.springframework.boot.context.properties.ConfigurationPropertiesBindingPostProcessor'
2026-07-21 17:27:15.073 [main] TRACE org.springframework.context.annotation.AnnotationConfigApplicationContext - No 'messageSource' bean, using [Empty MessageSource]
2026-07-21 17:27:15.073 [main] TRACE org.springframework.context.annotation.AnnotationConfigApplicationContext - No 'applicationEventMulticaster' bean, using [SimpleApplicationEventMulticaster]
2026-07-21 17:27:15.073 [main] TRACE org.springframework.beans.factory.support.DefaultListableBeanFactory - Pre-instantiating singletons in org.springframework.beans.factory.support.DefaultListableBeanFactory@4888d1ea: defining beans [org.springframework.context.annotation.internalConfigurationAnnotationProcessor,org.springframework.context.annotation.internalAutowiredAnnotationProcessor,org.springframework.context.event.internalEventListenerProcessor,org.springframework.context.event.internalEventListenerFactory,dev.bublik.starter.autoconfigure.BublikAutoConfiguration,automatedMigrationRunner,org.springframework.boot.context.properties.ConfigurationPropertiesBindingPostProcessor,org.springframework.boot.context.internalConfigurationPropertiesBinder,org.springframework.boot.context.properties.BoundConfigurationProperties,org.springframework.boot.context.properties.EnableConfigurationPropertiesRegistrar.methodValidationExcludeFilter,bublik-dev.bublik.starter.properties.BublikProperties]; root of factory hierarchy
2026-07-21 17:27:15.074 [main] TRACE org.springframework.beans.factory.support.DefaultListableBeanFactory - Returning cached instance of singleton bean 'org.springframework.context.annotation.internalConfigurationAnnotationProcessor'
2026-07-21 17:27:15.074 [main] TRACE org.springframework.beans.factory.support.DefaultListableBeanFactory - Returning cached instance of singleton bean 'org.springframework.context.annotation.internalAutowiredAnnotationProcessor'
2026-07-21 17:27:15.074 [main] TRACE org.springframework.beans.factory.support.DefaultListableBeanFactory - Returning cached instance of singleton bean 'org.springframework.context.event.internalEventListenerProcessor'
2026-07-21 17:27:15.074 [main] TRACE org.springframework.beans.factory.support.DefaultListableBeanFactory - Returning cached instance of singleton bean 'org.springframework.context.event.internalEventListenerFactory'
2026-07-21 17:27:15.074 [main] DEBUG org.springframework.beans.factory.support.DefaultListableBeanFactory - Creating shared instance of singleton bean 'dev.bublik.starter.autoconfigure.BublikAutoConfiguration'
2026-07-21 17:27:15.074 [main] TRACE org.springframework.beans.factory.support.DefaultListableBeanFactory - Creating instance of bean 'dev.bublik.starter.autoconfigure.BublikAutoConfiguration'
2026-07-21 17:27:15.074 [main] DEBUG org.springframework.beans.factory.support.DefaultListableBeanFactory - Creating shared instance of singleton bean 'bublik-dev.bublik.starter.properties.BublikProperties'
2026-07-21 17:27:15.074 [main] TRACE org.springframework.beans.factory.support.DefaultListableBeanFactory - Creating instance of bean 'bublik-dev.bublik.starter.properties.BublikProperties'
2026-07-21 17:27:15.074 [main] DEBUG org.springframework.beans.factory.support.DefaultListableBeanFactory - Creating shared instance of singleton bean 'org.springframework.boot.context.properties.BoundConfigurationProperties'
2026-07-21 17:27:15.074 [main] TRACE org.springframework.beans.factory.support.DefaultListableBeanFactory - Creating instance of bean 'org.springframework.boot.context.properties.BoundConfigurationProperties'
2026-07-21 17:27:15.074 [main] TRACE org.springframework.beans.factory.support.DefaultListableBeanFactory - Finished creating instance of bean 'org.springframework.boot.context.properties.BoundConfigurationProperties'
2026-07-21 17:27:15.077 [main] TRACE org.springframework.beans.factory.support.DefaultListableBeanFactory - Finished creating instance of bean 'bublik-dev.bublik.starter.properties.BublikProperties'
2026-07-21 17:27:15.077 [main] DEBUG org.springframework.beans.factory.support.DefaultListableBeanFactory - Autowiring by type from bean name 'dev.bublik.starter.autoconfigure.BublikAutoConfiguration' via constructor to bean named 'bublik-dev.bublik.starter.properties.BublikProperties'
2026-07-21 17:27:15.077 [main] TRACE org.springframework.beans.factory.support.DefaultListableBeanFactory - Finished creating instance of bean 'dev.bublik.starter.autoconfigure.BublikAutoConfiguration'
2026-07-21 17:27:15.077 [main] DEBUG org.springframework.beans.factory.support.DefaultListableBeanFactory - Creating shared instance of singleton bean 'automatedMigrationRunner'
2026-07-21 17:27:15.077 [main] TRACE org.springframework.beans.factory.support.DefaultListableBeanFactory - Creating instance of bean 'automatedMigrationRunner'
2026-07-21 17:27:15.077 [main] TRACE org.springframework.beans.factory.support.DefaultListableBeanFactory - Returning cached instance of singleton bean 'dev.bublik.starter.autoconfigure.BublikAutoConfiguration'
2026-07-21 17:27:15.078 [main] TRACE org.springframework.beans.factory.support.DefaultListableBeanFactory - Finished creating instance of bean 'automatedMigrationRunner'
2026-07-21 17:27:15.078 [main] TRACE org.springframework.beans.factory.support.DefaultListableBeanFactory - Returning cached instance of singleton bean 'org.springframework.boot.context.properties.ConfigurationPropertiesBindingPostProcessor'
2026-07-21 17:27:15.078 [main] TRACE org.springframework.beans.factory.support.DefaultListableBeanFactory - Returning cached instance of singleton bean 'org.springframework.boot.context.internalConfigurationPropertiesBinder'
2026-07-21 17:27:15.078 [main] TRACE org.springframework.beans.factory.support.DefaultListableBeanFactory - Returning cached instance of singleton bean 'org.springframework.boot.context.properties.BoundConfigurationProperties'
2026-07-21 17:27:15.078 [main] DEBUG org.springframework.beans.factory.support.DefaultListableBeanFactory - Creating shared instance of singleton bean 'org.springframework.boot.context.properties.EnableConfigurationPropertiesRegistrar.methodValidationExcludeFilter'
2026-07-21 17:27:15.079 [main] TRACE org.springframework.beans.factory.support.DefaultListableBeanFactory - Creating instance of bean 'org.springframework.boot.context.properties.EnableConfigurationPropertiesRegistrar.methodValidationExcludeFilter'
2026-07-21 17:27:15.079 [main] TRACE org.springframework.beans.factory.support.DefaultListableBeanFactory - Ignoring factory method [public static org.springframework.boot.validation.beanvalidation.MethodValidationExcludeFilter org.springframework.boot.validation.beanvalidation.MethodValidationExcludeFilter.byAnnotation(java.lang.Class,org.springframework.core.annotation.MergedAnnotations$SearchStrategy)] of bean 'org.springframework.boot.context.properties.EnableConfigurationPropertiesRegistrar.methodValidationExcludeFilter': org.springframework.beans.factory.UnsatisfiedDependencyException: Error creating bean with name 'org.springframework.boot.context.properties.EnableConfigurationPropertiesRegistrar.methodValidationExcludeFilter': Unsatisfied dependency expressed through method 'byAnnotation' parameter 1: Ambiguous argument values for parameter of type [org.springframework.core.annotation.MergedAnnotations$SearchStrategy] - did you specify the correct bean references as arguments?
2026-07-21 17:27:15.079 [main] TRACE org.springframework.beans.factory.support.DefaultListableBeanFactory - Finished creating instance of bean 'org.springframework.boot.context.properties.EnableConfigurationPropertiesRegistrar.methodValidationExcludeFilter'
2026-07-21 17:27:15.079 [main] TRACE org.springframework.beans.factory.support.DefaultListableBeanFactory - Returning cached instance of singleton bean 'bublik-dev.bublik.starter.properties.BublikProperties'
2026-07-21 17:27:15.079 [main] TRACE org.springframework.context.event.EventListenerMethodProcessor - No @EventListener annotations found on bean class: dev.bublik.starter.autoconfigure.BublikAutoConfiguration$$SpringCGLIB$$0
2026-07-21 17:27:15.079 [main] TRACE org.springframework.context.event.EventListenerMethodProcessor - No @EventListener annotations found on bean class: dev.bublik.starter.autoconfigure.BublikAutoConfiguration$$Lambda/0x0000100001639458
2026-07-21 17:27:15.079 [main] TRACE org.springframework.context.event.EventListenerMethodProcessor - No @EventListener annotations found on bean class: dev.bublik.starter.properties.BublikProperties
2026-07-21 17:27:15.080 [main] TRACE org.springframework.context.annotation.AnnotationConfigApplicationContext - No 'lifecycleProcessor' bean, using [DefaultLifecycleProcessor]
2026-07-21 17:27:15.080 [main] TRACE org.springframework.beans.factory.support.DefaultListableBeanFactory - Returning cached instance of singleton bean 'lifecycleProcessor'
2026-07-21 17:27:15.081 [main] TRACE org.springframework.beans.factory.support.DefaultListableBeanFactory - Returning cached instance of singleton bean 'bublik-dev.bublik.starter.properties.BublikProperties'
2026-07-21 17:27:15.085 [main] DEBUG org.springframework.context.annotation.AnnotationConfigApplicationContext - Closing org.springframework.context.annotation.AnnotationConfigApplicationContext@1031c1a0, started on Tue Jul 21 17:27:15 MSK 2026
2026-07-21 17:27:15.085 [main] TRACE org.springframework.beans.factory.support.DefaultListableBeanFactory - Returning cached instance of singleton bean 'lifecycleProcessor'
2026-07-21 17:27:15.085 [main] TRACE org.springframework.beans.factory.support.DefaultListableBeanFactory - Destroying singletons in org.springframework.beans.factory.support.DefaultListableBeanFactory@4888d1ea: defining beans [org.springframework.context.annotation.internalConfigurationAnnotationProcessor,org.springframework.context.annotation.internalAutowiredAnnotationProcessor,org.springframework.context.event.internalEventListenerProcessor,org.springframework.context.event.internalEventListenerFactory,dev.bublik.starter.autoconfigure.BublikAutoConfiguration,automatedMigrationRunner,org.springframework.boot.context.properties.ConfigurationPropertiesBindingPostProcessor,org.springframework.boot.context.internalConfigurationPropertiesBinder,org.springframework.boot.context.properties.BoundConfigurationProperties,org.springframework.boot.context.properties.EnableConfigurationPropertiesRegistrar.methodValidationExcludeFilter,bublik-dev.bublik.starter.properties.BublikProperties]; root of factory hierarchy
]]></system-out>
  </testcase>
  <testcase name="shouldNotRegisterAutoConfigurationWhenDisabledExplicitly" classname="dev.bublik.starter.autoconfigure.BublikStarterTest" time="0.012">
    <system-out><![CDATA[2026-07-21 17:27:15.096 [main] TRACE org.springframework.core.env.PropertySourcesPropertyResolver - Searching for key 'bublik.enabled' in PropertySource 'configurationProperties'
2026-07-21 17:27:15.097 [main] DEBUG org.springframework.core.env.PropertySourcesPropertyResolver - Found key 'bublik.enabled' in PropertySource 'configurationProperties' with value of type String
2026-07-21 17:27:15.099 [main] TRACE org.springframework.boot.autoconfigure.condition.OnPropertyCondition - Condition OnPropertyCondition on dev.bublik.starter.autoconfigure.BublikAutoConfiguration did not match due to @ConditionalOnProperty (bublik.enabled=true) found different value in property 'enabled'
2026-07-21 17:27:15.099 [main] TRACE org.springframework.context.annotation.AnnotationConfigApplicationContext - Refreshing org.springframework.context.annotation.AnnotationConfigApplicationContext@3bda1f0, started on Tue Jul 21 17:27:15 MSK 2026
2026-07-21 17:27:15.100 [main] DEBUG org.springframework.beans.factory.support.DefaultListableBeanFactory - Creating shared instance of singleton bean 'org.springframework.context.annotation.internalConfigurationAnnotationProcessor'
2026-07-21 17:27:15.100 [main] TRACE org.springframework.beans.factory.support.DefaultListableBeanFactory - Creating instance of bean 'org.springframework.context.annotation.internalConfigurationAnnotationProcessor'
2026-07-21 17:27:15.100 [main] TRACE org.springframework.beans.factory.support.DefaultListableBeanFactory - Finished creating instance of bean 'org.springframework.context.annotation.internalConfigurationAnnotationProcessor'
2026-07-21 17:27:15.101 [main] DEBUG org.springframework.beans.factory.support.DefaultListableBeanFactory - Creating shared instance of singleton bean 'org.springframework.context.event.internalEventListenerProcessor'
2026-07-21 17:27:15.101 [main] TRACE org.springframework.beans.factory.support.DefaultListableBeanFactory - Creating instance of bean 'org.springframework.context.event.internalEventListenerProcessor'
2026-07-21 17:27:15.101 [main] TRACE org.springframework.beans.factory.support.DefaultListableBeanFactory - Finished creating instance of bean 'org.springframework.context.event.internalEventListenerProcessor'
2026-07-21 17:27:15.101 [main] DEBUG org.springframework.beans.factory.support.DefaultListableBeanFactory - Creating shared instance of singleton bean 'org.springframework.context.event.internalEventListenerFactory'
2026-07-21 17:27:15.101 [main] TRACE org.springframework.beans.factory.support.DefaultListableBeanFactory - Creating instance of bean 'org.springframework.context.event.internalEventListenerFactory'
2026-07-21 17:27:15.101 [main] TRACE org.springframework.beans.factory.support.DefaultListableBeanFactory - Finished creating instance of bean 'org.springframework.context.event.internalEventListenerFactory'
2026-07-21 17:27:15.101 [main] DEBUG org.springframework.beans.factory.support.DefaultListableBeanFactory - Creating shared instance of singleton bean 'org.springframework.context.annotation.internalAutowiredAnnotationProcessor'
2026-07-21 17:27:15.101 [main] TRACE org.springframework.beans.factory.support.DefaultListableBeanFactory - Creating instance of bean 'org.springframework.context.annotation.internalAutowiredAnnotationProcessor'
2026-07-21 17:27:15.101 [main] TRACE org.springframework.beans.factory.support.DefaultListableBeanFactory - Finished creating instance of bean 'org.springframework.context.annotation.internalAutowiredAnnotationProcessor'
2026-07-21 17:27:15.101 [main] TRACE org.springframework.context.annotation.AnnotationConfigApplicationContext - No 'messageSource' bean, using [Empty MessageSource]
2026-07-21 17:27:15.102 [main] TRACE org.springframework.context.annotation.AnnotationConfigApplicationContext - No 'applicationEventMulticaster' bean, using [SimpleApplicationEventMulticaster]
2026-07-21 17:27:15.102 [main] TRACE org.springframework.beans.factory.support.DefaultListableBeanFactory - Pre-instantiating singletons in org.springframework.beans.factory.support.DefaultListableBeanFactory@6528d339: defining beans [org.springframework.context.annotation.internalConfigurationAnnotationProcessor,org.springframework.context.annotation.internalAutowiredAnnotationProcessor,org.springframework.context.event.internalEventListenerProcessor,org.springframework.context.event.internalEventListenerFactory]; root of factory hierarchy
2026-07-21 17:27:15.102 [main] TRACE org.springframework.beans.factory.support.DefaultListableBeanFactory - Returning cached instance of singleton bean 'org.springframework.context.annotation.internalConfigurationAnnotationProcessor'
2026-07-21 17:27:15.102 [main] TRACE org.springframework.beans.factory.support.DefaultListableBeanFactory - Returning cached instance of singleton bean 'org.springframework.context.annotation.internalAutowiredAnnotationProcessor'
2026-07-21 17:27:15.102 [main] TRACE org.springframework.beans.factory.support.DefaultListableBeanFactory - Returning cached instance of singleton bean 'org.springframework.context.event.internalEventListenerProcessor'
2026-07-21 17:27:15.102 [main] TRACE org.springframework.beans.factory.support.DefaultListableBeanFactory - Returning cached instance of singleton bean 'org.springframework.context.event.internalEventListenerFactory'
2026-07-21 17:27:15.102 [main] TRACE org.springframework.context.annotation.AnnotationConfigApplicationContext - No 'lifecycleProcessor' bean, using [DefaultLifecycleProcessor]
2026-07-21 17:27:15.102 [main] TRACE org.springframework.beans.factory.support.DefaultListableBeanFactory - Returning cached instance of singleton bean 'lifecycleProcessor'
2026-07-21 17:27:15.102 [main] DEBUG org.springframework.context.annotation.AnnotationConfigApplicationContext - Closing org.springframework.context.annotation.AnnotationConfigApplicationContext@3bda1f0, started on Tue Jul 21 17:27:15 MSK 2026
2026-07-21 17:27:15.102 [main] TRACE org.springframework.beans.factory.support.DefaultListableBeanFactory - Returning cached instance of singleton bean 'lifecycleProcessor'
2026-07-21 17:27:15.102 [main] TRACE org.springframework.beans.factory.support.DefaultListableBeanFactory - Destroying singletons in org.springframework.beans.factory.support.DefaultListableBeanFactory@6528d339: defining beans [org.springframework.context.annotation.internalConfigurationAnnotationProcessor,org.springframework.context.annotation.internalAutowiredAnnotationProcessor,org.springframework.context.event.internalEventListenerProcessor,org.springframework.context.event.internalEventListenerFactory]; root of factory hierarchy
]]></system-out>
  </testcase>
  <testcase name="shouldCorrectlyMapYamlPropertiesToPropertiesClass" classname="dev.bublik.starter.autoconfigure.BublikStarterTest" time="0.017">
    <system-out><![CDATA[2026-07-21 17:27:15.105 [main] TRACE org.springframework.boot.autoconfigure.condition.OnPropertyCondition - Condition OnPropertyCondition on dev.bublik.starter.autoconfigure.BublikAutoConfiguration matched due to @ConditionalOnProperty (bublik.enabled=true) matched
2026-07-21 17:27:15.106 [main] TRACE org.springframework.context.annotation.AnnotationConfigApplicationContext - Refreshing org.springframework.context.annotation.AnnotationConfigApplicationContext@2a9f8d47, started on Tue Jul 21 17:27:15 MSK 2026
2026-07-21 17:27:15.106 [main] DEBUG org.springframework.beans.factory.support.DefaultListableBeanFactory - Creating shared instance of singleton bean 'org.springframework.context.annotation.internalConfigurationAnnotationProcessor'
2026-07-21 17:27:15.106 [main] TRACE org.springframework.beans.factory.support.DefaultListableBeanFactory - Creating instance of bean 'org.springframework.context.annotation.internalConfigurationAnnotationProcessor'
2026-07-21 17:27:15.106 [main] TRACE org.springframework.beans.factory.support.DefaultListableBeanFactory - Finished creating instance of bean 'org.springframework.context.annotation.internalConfigurationAnnotationProcessor'
2026-07-21 17:27:15.106 [main] TRACE org.springframework.boot.autoconfigure.condition.OnPropertyCondition - Condition OnPropertyCondition on dev.bublik.starter.autoconfigure.BublikAutoConfiguration matched due to @ConditionalOnProperty (bublik.enabled=true) matched
2026-07-21 17:27:15.106 [main] TRACE org.springframework.beans.factory.support.DefaultListableBeanFactory - Returning cached instance of singleton bean 'autoConfigurationReport'
2026-07-21 17:27:15.107 [main] TRACE org.springframework.boot.autoconfigure.condition.OnPropertyCondition - Condition OnPropertyCondition on dev.bublik.starter.autoconfigure.BublikAutoConfiguration matched due to @ConditionalOnProperty (bublik.enabled=true) matched
2026-07-21 17:27:15.107 [main] TRACE org.springframework.beans.factory.support.DefaultListableBeanFactory - Returning cached instance of singleton bean 'autoConfigurationReport'
2026-07-21 17:27:15.107 [main] TRACE org.springframework.context.annotation.ConfigurationClassBeanDefinitionReader - Registering bean definition for @Bean method dev.bublik.starter.autoconfigure.BublikAutoConfiguration.automatedMigrationRunner() with bean name 'automatedMigrationRunner'
2026-07-21 17:27:15.107 [main] TRACE org.springframework.context.annotation.ConfigurationClassEnhancer - Successfully enhanced dev.bublik.starter.autoconfigure.BublikAutoConfiguration; enhanced class name is: dev.bublik.starter.autoconfigure.BublikAutoConfiguration$$SpringCGLIB$$0
2026-07-21 17:27:15.108 [main] TRACE org.springframework.context.annotation.ConfigurationClassPostProcessor - Replacing bean definition 'dev.bublik.starter.autoconfigure.BublikAutoConfiguration' existing class 'dev.bublik.starter.autoconfigure.BublikAutoConfiguration' with enhanced class 'dev.bublik.starter.autoconfigure.BublikAutoConfiguration$$SpringCGLIB$$0'
2026-07-21 17:27:15.108 [main] DEBUG org.springframework.beans.factory.support.DefaultListableBeanFactory - Creating shared instance of singleton bean 'org.springframework.context.event.internalEventListenerProcessor'
2026-07-21 17:27:15.108 [main] TRACE org.springframework.beans.factory.support.DefaultListableBeanFactory - Creating instance of bean 'org.springframework.context.event.internalEventListenerProcessor'
2026-07-21 17:27:15.108 [main] TRACE org.springframework.beans.factory.support.DefaultListableBeanFactory - Finished creating instance of bean 'org.springframework.context.event.internalEventListenerProcessor'
2026-07-21 17:27:15.108 [main] DEBUG org.springframework.beans.factory.support.DefaultListableBeanFactory - Creating shared instance of singleton bean 'org.springframework.context.event.internalEventListenerFactory'
2026-07-21 17:27:15.108 [main] TRACE org.springframework.beans.factory.support.DefaultListableBeanFactory - Creating instance of bean 'org.springframework.context.event.internalEventListenerFactory'
2026-07-21 17:27:15.108 [main] TRACE org.springframework.beans.factory.support.DefaultListableBeanFactory - Finished creating instance of bean 'org.springframework.context.event.internalEventListenerFactory'
2026-07-21 17:27:15.108 [main] DEBUG org.springframework.beans.factory.support.DefaultListableBeanFactory - Creating shared instance of singleton bean 'org.springframework.context.annotation.internalAutowiredAnnotationProcessor'
2026-07-21 17:27:15.108 [main] TRACE org.springframework.beans.factory.support.DefaultListableBeanFactory - Creating instance of bean 'org.springframework.context.annotation.internalAutowiredAnnotationProcessor'
2026-07-21 17:27:15.108 [main] TRACE org.springframework.beans.factory.support.DefaultListableBeanFactory - Finished creating instance of bean 'org.springframework.context.annotation.internalAutowiredAnnotationProcessor'
2026-07-21 17:27:15.108 [main] DEBUG org.springframework.beans.factory.support.DefaultListableBeanFactory - Creating shared instance of singleton bean 'org.springframework.boot.context.properties.ConfigurationPropertiesBindingPostProcessor'
2026-07-21 17:27:15.108 [main] TRACE org.springframework.beans.factory.support.DefaultListableBeanFactory - Creating instance of bean 'org.springframework.boot.context.properties.ConfigurationPropertiesBindingPostProcessor'
2026-07-21 17:27:15.108 [main] TRACE org.springframework.beans.factory.support.DefaultListableBeanFactory - Invoking afterPropertiesSet() on bean with name 'org.springframework.boot.context.properties.ConfigurationPropertiesBindingPostProcessor'
2026-07-21 17:27:15.108 [main] DEBUG org.springframework.beans.factory.support.DefaultListableBeanFactory - Creating shared instance of singleton bean 'org.springframework.boot.context.internalConfigurationPropertiesBinder'
2026-07-21 17:27:15.108 [main] TRACE org.springframework.beans.factory.support.DefaultListableBeanFactory - Creating instance of bean 'org.springframework.boot.context.internalConfigurationPropertiesBinder'
2026-07-21 17:27:15.108 [main] TRACE org.springframework.beans.factory.support.DefaultListableBeanFactory - Finished creating instance of bean 'org.springframework.boot.context.internalConfigurationPropertiesBinder'
2026-07-21 17:27:15.108 [main] TRACE org.springframework.beans.factory.support.DefaultListableBeanFactory - Finished creating instance of bean 'org.springframework.boot.context.properties.ConfigurationPropertiesBindingPostProcessor'
2026-07-21 17:27:15.108 [main] TRACE org.springframework.context.annotation.AnnotationConfigApplicationContext - No 'messageSource' bean, using [Empty MessageSource]
2026-07-21 17:27:15.108 [main] TRACE org.springframework.context.annotation.AnnotationConfigApplicationContext - No 'applicationEventMulticaster' bean, using [SimpleApplicationEventMulticaster]
2026-07-21 17:27:15.108 [main] TRACE org.springframework.beans.factory.support.DefaultListableBeanFactory - Pre-instantiating singletons in org.springframework.beans.factory.support.DefaultListableBeanFactory@5d3f8661: defining beans [org.springframework.context.annotation.internalConfigurationAnnotationProcessor,org.springframework.context.annotation.internalAutowiredAnnotationProcessor,org.springframework.context.event.internalEventListenerProcessor,org.springframework.context.event.internalEventListenerFactory,dev.bublik.starter.autoconfigure.BublikAutoConfiguration,automatedMigrationRunner,org.springframework.boot.context.properties.ConfigurationPropertiesBindingPostProcessor,org.springframework.boot.context.internalConfigurationPropertiesBinder,org.springframework.boot.context.properties.BoundConfigurationProperties,org.springframework.boot.context.properties.EnableConfigurationPropertiesRegistrar.methodValidationExcludeFilter,bublik-dev.bublik.starter.properties.BublikProperties]; root of factory hierarchy
2026-07-21 17:27:15.108 [main] TRACE org.springframework.beans.factory.support.DefaultListableBeanFactory - Returning cached instance of singleton bean 'org.springframework.context.annotation.internalConfigurationAnnotationProcessor'
2026-07-21 17:27:15.109 [main] TRACE org.springframework.beans.factory.support.DefaultListableBeanFactory - Returning cached instance of singleton bean 'org.springframework.context.annotation.internalAutowiredAnnotationProcessor'
2026-07-21 17:27:15.109 [main] TRACE org.springframework.beans.factory.support.DefaultListableBeanFactory - Returning cached instance of singleton bean 'org.springframework.context.event.internalEventListenerProcessor'
2026-07-21 17:27:15.109 [main] TRACE org.springframework.beans.factory.support.DefaultListableBeanFactory - Returning cached instance of singleton bean 'org.springframework.context.event.internalEventListenerFactory'
2026-07-21 17:27:15.109 [main] DEBUG org.springframework.beans.factory.support.DefaultListableBeanFactory - Creating shared instance of singleton bean 'dev.bublik.starter.autoconfigure.BublikAutoConfiguration'
2026-07-21 17:27:15.109 [main] TRACE org.springframework.beans.factory.support.DefaultListableBeanFactory - Creating instance of bean 'dev.bublik.starter.autoconfigure.BublikAutoConfiguration'
2026-07-21 17:27:15.109 [main] DEBUG org.springframework.beans.factory.support.DefaultListableBeanFactory - Creating shared instance of singleton bean 'bublik-dev.bublik.starter.properties.BublikProperties'
2026-07-21 17:27:15.109 [main] TRACE org.springframework.beans.factory.support.DefaultListableBeanFactory - Creating instance of bean 'bublik-dev.bublik.starter.properties.BublikProperties'
2026-07-21 17:27:15.109 [main] DEBUG org.springframework.beans.factory.support.DefaultListableBeanFactory - Creating shared instance of singleton bean 'org.springframework.boot.context.properties.BoundConfigurationProperties'
2026-07-21 17:27:15.109 [main] TRACE org.springframework.beans.factory.support.DefaultListableBeanFactory - Creating instance of bean 'org.springframework.boot.context.properties.BoundConfigurationProperties'
2026-07-21 17:27:15.109 [main] TRACE org.springframework.beans.factory.support.DefaultListableBeanFactory - Finished creating instance of bean 'org.springframework.boot.context.properties.BoundConfigurationProperties'
2026-07-21 17:27:15.113 [main] TRACE org.springframework.beans.factory.support.DefaultListableBeanFactory - Finished creating instance of bean 'bublik-dev.bublik.starter.properties.BublikProperties'
2026-07-21 17:27:15.113 [main] DEBUG org.springframework.beans.factory.support.DefaultListableBeanFactory - Autowiring by type from bean name 'dev.bublik.starter.autoconfigure.BublikAutoConfiguration' via constructor to bean named 'bublik-dev.bublik.starter.properties.BublikProperties'
2026-07-21 17:27:15.113 [main] TRACE org.springframework.beans.factory.support.DefaultListableBeanFactory - Finished creating instance of bean 'dev.bublik.starter.autoconfigure.BublikAutoConfiguration'
2026-07-21 17:27:15.113 [main] DEBUG org.springframework.beans.factory.support.DefaultListableBeanFactory - Creating shared instance of singleton bean 'automatedMigrationRunner'
2026-07-21 17:27:15.113 [main] TRACE org.springframework.beans.factory.support.DefaultListableBeanFactory - Creating instance of bean 'automatedMigrationRunner'
2026-07-21 17:27:15.113 [main] TRACE org.springframework.beans.factory.support.DefaultListableBeanFactory - Returning cached instance of singleton bean 'dev.bublik.starter.autoconfigure.BublikAutoConfiguration'
2026-07-21 17:27:15.114 [main] TRACE org.springframework.beans.factory.support.DefaultListableBeanFactory - Finished creating instance of bean 'automatedMigrationRunner'
2026-07-21 17:27:15.114 [main] TRACE org.springframework.beans.factory.support.DefaultListableBeanFactory - Returning cached instance of singleton bean 'org.springframework.boot.context.properties.ConfigurationPropertiesBindingPostProcessor'
2026-07-21 17:27:15.114 [main] TRACE org.springframework.beans.factory.support.DefaultListableBeanFactory - Returning cached instance of singleton bean 'org.springframework.boot.context.internalConfigurationPropertiesBinder'
2026-07-21 17:27:15.114 [main] TRACE org.springframework.beans.factory.support.DefaultListableBeanFactory - Returning cached instance of singleton bean 'org.springframework.boot.context.properties.BoundConfigurationProperties'
2026-07-21 17:27:15.114 [main] DEBUG org.springframework.beans.factory.support.DefaultListableBeanFactory - Creating shared instance of singleton bean 'org.springframework.boot.context.properties.EnableConfigurationPropertiesRegistrar.methodValidationExcludeFilter'
2026-07-21 17:27:15.114 [main] TRACE org.springframework.beans.factory.support.DefaultListableBeanFactory - Creating instance of bean 'org.springframework.boot.context.properties.EnableConfigurationPropertiesRegistrar.methodValidationExcludeFilter'
2026-07-21 17:27:15.114 [main] TRACE org.springframework.beans.factory.support.DefaultListableBeanFactory - Ignoring factory method [public static org.springframework.boot.validation.beanvalidation.MethodValidationExcludeFilter org.springframework.boot.validation.beanvalidation.MethodValidationExcludeFilter.byAnnotation(java.lang.Class,org.springframework.core.annotation.MergedAnnotations$SearchStrategy)] of bean 'org.springframework.boot.context.properties.EnableConfigurationPropertiesRegistrar.methodValidationExcludeFilter': org.springframework.beans.factory.UnsatisfiedDependencyException: Error creating bean with name 'org.springframework.boot.context.properties.EnableConfigurationPropertiesRegistrar.methodValidationExcludeFilter': Unsatisfied dependency expressed through method 'byAnnotation' parameter 1: Ambiguous argument values for parameter of type [org.springframework.core.annotation.MergedAnnotations$SearchStrategy] - did you specify the correct bean references as arguments?
2026-07-21 17:27:15.114 [main] TRACE org.springframework.beans.factory.support.DefaultListableBeanFactory - Finished creating instance of bean 'org.springframework.boot.context.properties.EnableConfigurationPropertiesRegistrar.methodValidationExcludeFilter'
2026-07-21 17:27:15.114 [main] TRACE org.springframework.beans.factory.support.DefaultListableBeanFactory - Returning cached instance of singleton bean 'bublik-dev.bublik.starter.properties.BublikProperties'
2026-07-21 17:27:15.114 [main] TRACE org.springframework.context.event.EventListenerMethodProcessor - No @EventListener annotations found on bean class: dev.bublik.starter.autoconfigure.BublikAutoConfiguration$$SpringCGLIB$$0
2026-07-21 17:27:15.114 [main] TRACE org.springframework.context.event.EventListenerMethodProcessor - No @EventListener annotations found on bean class: dev.bublik.starter.autoconfigure.BublikAutoConfiguration$$Lambda/0x0000100001639458
2026-07-21 17:27:15.114 [main] TRACE org.springframework.context.event.EventListenerMethodProcessor - No @EventListener annotations found on bean class: dev.bublik.starter.properties.BublikProperties
2026-07-21 17:27:15.114 [main] TRACE org.springframework.context.annotation.AnnotationConfigApplicationContext - No 'lifecycleProcessor' bean, using [DefaultLifecycleProcessor]
2026-07-21 17:27:15.114 [main] TRACE org.springframework.beans.factory.support.DefaultListableBeanFactory - Returning cached instance of singleton bean 'lifecycleProcessor'
2026-07-21 17:27:15.114 [main] TRACE org.springframework.beans.factory.support.DefaultListableBeanFactory - Returning cached instance of singleton bean 'bublik-dev.bublik.starter.properties.BublikProperties'
2026-07-21 17:27:15.119 [main] DEBUG org.springframework.context.annotation.AnnotationConfigApplicationContext - Closing org.springframework.context.annotation.AnnotationConfigApplicationContext@2a9f8d47, started on Tue Jul 21 17:27:15 MSK 2026
2026-07-21 17:27:15.119 [main] TRACE org.springframework.beans.factory.support.DefaultListableBeanFactory - Returning cached instance of singleton bean 'lifecycleProcessor'
2026-07-21 17:27:15.120 [main] TRACE org.springframework.beans.factory.support.DefaultListableBeanFactory - Destroying singletons in org.springframework.beans.factory.support.DefaultListableBeanFactory@5d3f8661: defining beans [org.springframework.context.annotation.internalConfigurationAnnotationProcessor,org.springframework.context.annotation.internalAutowiredAnnotationProcessor,org.springframework.context.event.internalEventListenerProcessor,org.springframework.context.event.internalEventListenerFactory,dev.bublik.starter.autoconfigure.BublikAutoConfiguration,automatedMigrationRunner,org.springframework.boot.context.properties.ConfigurationPropertiesBindingPostProcessor,org.springframework.boot.context.internalConfigurationPropertiesBinder,org.springframework.boot.context.properties.BoundConfigurationProperties,org.springframework.boot.context.properties.EnableConfigurationPropertiesRegistrar.methodValidationExcludeFilter,bublik-dev.bublik.starter.properties.BublikProperties]; root of factory hierarchy
]]></system-out>
  </testcase>
</testsuite>